2025-06-30 23:03:44 - INFO - Log file created at: logs/20250630_230344/intersections.log
2025-06-30 23:03:44 - INFO - Found 2 available tissues: ['adipose_subcutaneous', 'whole_blood']
2025-06-30 23:03:44 - INFO - After include filtering: 1 tissues: ['whole_blood']
2025-06-30 23:03:44 - INFO - Starting intersection analysis for 1 tissues: ['whole_blood']
2025-06-30 23:03:44 - INFO - 
============================================================
2025-06-30 23:03:44 - INFO - Processing tissue 1/1: whole_blood
2025-06-30 23:03:44 - INFO - ============================================================
2025-06-30 23:03:44 - INFO - Processing file: gtex_v8_data_whole_blood-var_pc_log2-all.pkl
2025-06-30 23:03:44 - INFO - Initial memory usage: 0.28 GB
2025-06-30 23:03:44 - INFO - Calculating quantiles from gtex_v8_data_whole_blood-var_pc_log2-all.pkl...
2025-06-30 23:03:44 - INFO - Memory usage before quantile calculation: 0.28 GB
2025-06-30 23:03:46 - INFO - Using 1001595 samples (every 276th row) for quantile estimation
2025-06-30 23:03:46 - INFO - ccc: q=0.300 -> 0.000102, q=0.700 -> 0.038287
2025-06-30 23:03:46 - INFO - pearson: q=0.300 -> 0.016932, q=0.700 -> 0.158688
2025-06-30 23:03:46 - INFO - spearman: q=0.300 -> 0.023513, q=0.700 -> 0.189218
2025-06-30 23:03:46 - INFO - Memory usage after quantile calculation: 0.29 GB
2025-06-30 23:03:46 - INFO - Starting chunked intersection counting with chunk size: 100,000,000
2025-06-30 23:03:48 - INFO - Processing 276,440,000 rows in 3 chunks
2025-06-30 23:03:48 - INFO - Processing chunk 1/3: rows 0 to 100,000,000
2025-06-30 23:03:48 - INFO - Memory usage: 5.44 GB
2025-06-30 23:18:32 - INFO - Processing chunk 2/3: rows 100,000,000 to 200,000,000
2025-06-30 23:18:32 - INFO - Memory usage: 6.00 GB
2025-06-30 23:33:23 - INFO - Processing chunk 3/3: rows 200,000,000 to 276,440,000
2025-06-30 23:33:23 - INFO - Memory usage: 6.00 GB
2025-06-30 23:44:42 - INFO - Completed intersection counting. Found 27 unique intersection patterns
2025-06-30 23:44:42 - INFO - Final memory usage: 0.72 GB
2025-06-30 23:44:42 - INFO - Created UpSet data with 27 intersection patterns
2025-06-30 23:44:42 - INFO - Saved intersection data to: /mnt/data/proj_data/ccc-gpu/results/gene_pair_intersections-gtex_v8-whole_blood-var_pc_log2.pkl
2025-06-30 23:44:42 - INFO - Generating UpSet plots (both) for whole_blood...
2025-06-30 23:44:42 - INFO - Memory usage before plotting: 0.29 GB
2025-06-30 23:44:42 - INFO - Generating full UpSet plot for whole_blood...
2025-06-30 23:44:42 - INFO - Creating full UpSet plot with 27 intersections
2025-06-30 23:44:42 - INFO - Saved full intersection plot to: /mnt/data/proj_data/ccc-gpu/figures/coefs_comp/gtex_whole_blood/upsetplot-whole_blood-full.svg
2025-06-30 23:44:42 - INFO - Saved full intersection plot copy to: logs/20250630_230344/intersection_plot-whole_blood-full.svg
2025-06-30 23:44:42 - INFO - Generating trimmed UpSet plot for whole_blood...
2025-06-30 23:44:42 - INFO - Creating trimmed UpSet plot with 12 intersections
2025-06-30 23:44:42 - ERROR - ❌ Error processing tissue 'whole_blood': subset_size="auto" cannot be used for a Series with non-unique groups.
2025-06-30 23:44:42 - INFO - 
🎉 Done! Processed 1 tissues with both intersection plots.
