2025-08-20 14:43:27,873 - INFO - [setup_logging:64] - Log file: /home/haoyu/_database/projs/ccc-gpu/nbs/03-manuscript/30_explore_gene_pairs/logs/10-correlate-top-genes-with-metadata_20250820_144327/c-high-p-low-s-high/combination_c-high-p-low-s-high.log
2025-08-20 14:43:27,873 - INFO - [process_combination_worker:518] - WORKER STARTED for combination: c-high-p-low-s-high
2025-08-20 14:43:27,873 - INFO - [process_combination_worker:519] - Process ID: 3694618
2025-08-20 14:43:27,873 - INFO - [process_combination_worker:520] - Log file: /home/haoyu/_database/projs/ccc-gpu/nbs/03-manuscript/30_explore_gene_pairs/logs/10-correlate-top-genes-with-metadata_20250820_144327/c-high-p-low-s-high/combination_c-high-p-low-s-high.log
2025-08-20 14:43:27,873 - INFO - [load_and_enhance_combination:569] - Processing combination: c-high-p-low-s-high
2025-08-20 14:43:27,873 - INFO - [load_and_enhance_combination:570] -   Files to process: 54
2025-08-20 14:43:27,873 - INFO - [load_and_enhance_combination:578] -   Loading adipose_subcutaneous: top_100_gene_pairs.csv
2025-08-20 14:43:27,880 - INFO - [load_and_enhance_combination:591] -     Loaded 100 rows
2025-08-20 14:43:27,880 - INFO - [load_and_enhance_combination:578] -   Loading adipose_visceral_omentum: top_100_gene_pairs.csv
2025-08-20 14:43:27,881 - INFO - [load_and_enhance_combination:591] -     Loaded 100 rows
2025-08-20 14:43:27,881 - INFO - [load_and_enhance_combination:578] -   Loading adrenal_gland: top_100_gene_pairs.csv
2025-08-20 14:43:27,882 - INFO - [load_and_enhance_combination:591] -     Loaded 100 rows
2025-08-20 14:43:27,882 - INFO - [load_and_enhance_combination:578] -   Loading artery_aorta: top_100_gene_pairs.csv
2025-08-20 14:43:27,883 - INFO - [load_and_enhance_combination:591] -     Loaded 100 rows
2025-08-20 14:43:27,884 - INFO - [load_and_enhance_combination:578] -   Loading artery_coronary: top_100_gene_pairs.csv
2025-08-20 14:43:27,885 - INFO - [load_and_enhance_combination:591] -     Loaded 100 rows
2025-08-20 14:43:27,885 - INFO - [load_and_enhance_combination:578] -   Loading artery_tibial: top_100_gene_pairs.csv
2025-08-20 14:43:27,886 - INFO - [load_and_enhance_combination:591] -     Loaded 100 rows
2025-08-20 14:43:27,886 - INFO - [load_and_enhance_combination:578] -   Loading bladder: top_100_gene_pairs.csv
2025-08-20 14:43:27,887 - INFO - [load_and_enhance_combination:591] -     Loaded 100 rows
2025-08-20 14:43:27,887 - INFO - [load_and_enhance_combination:578] -   Loading brain_amygdala: top_100_gene_pairs.csv
2025-08-20 14:43:27,888 - INFO - [load_and_enhance_combination:591] -     Loaded 100 rows
2025-08-20 14:43:27,888 - INFO - [load_and_enhance_combination:578] -   Loading brain_anterior_cingulate_cortex_ba24: top_100_gene_pairs.csv
2025-08-20 14:43:27,889 - INFO - [load_and_enhance_combination:591] -     Loaded 100 rows
2025-08-20 14:43:27,889 - INFO - [load_and_enhance_combination:578] -   Loading brain_caudate_basal_ganglia: top_100_gene_pairs.csv
2025-08-20 14:43:27,890 - INFO - [load_and_enhance_combination:591] -     Loaded 100 rows
2025-08-20 14:43:27,891 - INFO - [load_and_enhance_combination:578] -   Loading brain_cerebellar_hemisphere: top_100_gene_pairs.csv
2025-08-20 14:43:27,892 - INFO - [load_and_enhance_combination:591] -     Loaded 100 rows
2025-08-20 14:43:27,892 - INFO - [load_and_enhance_combination:578] -   Loading brain_cerebellum: top_100_gene_pairs.csv
2025-08-20 14:43:27,893 - INFO - [load_and_enhance_combination:591] -     Loaded 100 rows
2025-08-20 14:43:27,893 - INFO - [load_and_enhance_combination:578] -   Loading brain_cortex: top_100_gene_pairs.csv
2025-08-20 14:43:27,894 - INFO - [load_and_enhance_combination:591] -     Loaded 100 rows
2025-08-20 14:43:27,894 - INFO - [load_and_enhance_combination:578] -   Loading brain_frontal_cortex_ba9: top_100_gene_pairs.csv
2025-08-20 14:43:27,895 - INFO - [load_and_enhance_combination:591] -     Loaded 100 rows
2025-08-20 14:43:27,895 - INFO - [load_and_enhance_combination:578] -   Loading brain_hippocampus: top_100_gene_pairs.csv
2025-08-20 14:43:27,896 - INFO - [load_and_enhance_combination:591] -     Loaded 100 rows
2025-08-20 14:43:27,896 - INFO - [load_and_enhance_combination:578] -   Loading brain_hypothalamus: top_100_gene_pairs.csv
2025-08-20 14:43:27,897 - INFO - [load_and_enhance_combination:591] -     Loaded 100 rows
2025-08-20 14:43:27,897 - INFO - [load_and_enhance_combination:578] -   Loading brain_nucleus_accumbens_basal_ganglia: top_100_gene_pairs.csv
2025-08-20 14:43:27,899 - INFO - [load_and_enhance_combination:591] -     Loaded 100 rows
2025-08-20 14:43:27,899 - INFO - [load_and_enhance_combination:578] -   Loading brain_putamen_basal_ganglia: top_100_gene_pairs.csv
2025-08-20 14:43:27,900 - INFO - [load_and_enhance_combination:591] -     Loaded 100 rows
2025-08-20 14:43:27,900 - INFO - [load_and_enhance_combination:578] -   Loading brain_spinal_cord_cervical_c1: top_100_gene_pairs.csv
2025-08-20 14:43:27,901 - INFO - [load_and_enhance_combination:591] -     Loaded 100 rows
2025-08-20 14:43:27,901 - INFO - [load_and_enhance_combination:578] -   Loading brain_substantia_nigra: top_100_gene_pairs.csv
2025-08-20 14:43:27,902 - INFO - [load_and_enhance_combination:591] -     Loaded 100 rows
2025-08-20 14:43:27,902 - INFO - [load_and_enhance_combination:578] -   Loading breast_mammary_tissue: top_100_gene_pairs.csv
2025-08-20 14:43:27,903 - INFO - [load_and_enhance_combination:591] -     Loaded 100 rows
2025-08-20 14:43:27,903 - INFO - [load_and_enhance_combination:578] -   Loading cells_cultured_fibroblasts: top_100_gene_pairs.csv
2025-08-20 14:43:27,904 - INFO - [load_and_enhance_combination:591] -     Loaded 100 rows
2025-08-20 14:43:27,904 - INFO - [load_and_enhance_combination:578] -   Loading cells_ebvtransformed_lymphocytes: top_100_gene_pairs.csv
2025-08-20 14:43:27,906 - INFO - [load_and_enhance_combination:591] -     Loaded 100 rows
2025-08-20 14:43:27,906 - INFO - [load_and_enhance_combination:578] -   Loading cervix_ectocervix: top_100_gene_pairs.csv
2025-08-20 14:43:27,907 - INFO - [load_and_enhance_combination:591] -     Loaded 100 rows
2025-08-20 14:43:27,907 - INFO - [load_and_enhance_combination:578] -   Loading cervix_endocervix: top_100_gene_pairs.csv
2025-08-20 14:43:27,908 - INFO - [load_and_enhance_combination:591] -     Loaded 100 rows
2025-08-20 14:43:27,908 - INFO - [load_and_enhance_combination:578] -   Loading colon_sigmoid: top_100_gene_pairs.csv
2025-08-20 14:43:27,909 - INFO - [load_and_enhance_combination:591] -     Loaded 100 rows
2025-08-20 14:43:27,909 - INFO - [load_and_enhance_combination:578] -   Loading colon_transverse: top_100_gene_pairs.csv
2025-08-20 14:43:27,910 - INFO - [load_and_enhance_combination:591] -     Loaded 100 rows
2025-08-20 14:43:27,910 - INFO - [load_and_enhance_combination:578] -   Loading esophagus_gastroesophageal_junction: top_100_gene_pairs.csv
2025-08-20 14:43:27,912 - INFO - [load_and_enhance_combination:591] -     Loaded 100 rows
2025-08-20 14:43:27,912 - INFO - [load_and_enhance_combination:578] -   Loading esophagus_mucosa: top_100_gene_pairs.csv
2025-08-20 14:43:27,913 - INFO - [load_and_enhance_combination:591] -     Loaded 100 rows
2025-08-20 14:43:27,913 - INFO - [load_and_enhance_combination:578] -   Loading esophagus_muscularis: top_100_gene_pairs.csv
2025-08-20 14:43:27,914 - INFO - [load_and_enhance_combination:591] -     Loaded 100 rows
2025-08-20 14:43:27,914 - INFO - [load_and_enhance_combination:578] -   Loading fallopian_tube: top_100_gene_pairs.csv
2025-08-20 14:43:27,915 - INFO - [load_and_enhance_combination:591] -     Loaded 100 rows
2025-08-20 14:43:27,915 - INFO - [load_and_enhance_combination:578] -   Loading heart_atrial_appendage: top_100_gene_pairs.csv
2025-08-20 14:43:27,916 - INFO - [load_and_enhance_combination:591] -     Loaded 100 rows
2025-08-20 14:43:27,916 - INFO - [load_and_enhance_combination:578] -   Loading heart_left_ventricle: top_100_gene_pairs.csv
2025-08-20 14:43:27,917 - INFO - [load_and_enhance_combination:591] -     Loaded 100 rows
2025-08-20 14:43:27,917 - INFO - [load_and_enhance_combination:578] -   Loading kidney_cortex: top_100_gene_pairs.csv
2025-08-20 14:43:27,918 - INFO - [load_and_enhance_combination:591] -     Loaded 100 rows
2025-08-20 14:43:27,919 - INFO - [load_and_enhance_combination:578] -   Loading kidney_medulla: top_100_gene_pairs.csv
2025-08-20 14:43:27,920 - INFO - [load_and_enhance_combination:591] -     Loaded 100 rows
2025-08-20 14:43:27,920 - INFO - [load_and_enhance_combination:578] -   Loading liver: top_100_gene_pairs.csv
2025-08-20 14:43:27,921 - INFO - [load_and_enhance_combination:591] -     Loaded 100 rows
2025-08-20 14:43:27,921 - INFO - [load_and_enhance_combination:578] -   Loading lung: top_100_gene_pairs.csv
2025-08-20 14:43:27,922 - INFO - [load_and_enhance_combination:591] -     Loaded 100 rows
2025-08-20 14:43:27,922 - INFO - [load_and_enhance_combination:578] -   Loading minor_salivary_gland: top_100_gene_pairs.csv
2025-08-20 14:43:27,923 - INFO - [load_and_enhance_combination:591] -     Loaded 100 rows
2025-08-20 14:43:27,923 - INFO - [load_and_enhance_combination:578] -   Loading muscle_skeletal: top_100_gene_pairs.csv
2025-08-20 14:43:27,924 - INFO - [load_and_enhance_combination:591] -     Loaded 100 rows
2025-08-20 14:43:27,924 - INFO - [load_and_enhance_combination:578] -   Loading nerve_tibial: top_100_gene_pairs.csv
2025-08-20 14:43:27,925 - INFO - [load_and_enhance_combination:591] -     Loaded 100 rows
2025-08-20 14:43:27,925 - INFO - [load_and_enhance_combination:578] -   Loading ovary: top_100_gene_pairs.csv
2025-08-20 14:43:27,926 - INFO - [load_and_enhance_combination:591] -     Loaded 100 rows
2025-08-20 14:43:27,926 - INFO - [load_and_enhance_combination:578] -   Loading pancreas: top_100_gene_pairs.csv
2025-08-20 14:43:27,927 - INFO - [load_and_enhance_combination:591] -     Loaded 100 rows
2025-08-20 14:43:27,927 - INFO - [load_and_enhance_combination:578] -   Loading pituitary: top_100_gene_pairs.csv
2025-08-20 14:43:27,928 - INFO - [load_and_enhance_combination:591] -     Loaded 100 rows
2025-08-20 14:43:27,928 - INFO - [load_and_enhance_combination:578] -   Loading prostate: top_100_gene_pairs.csv
2025-08-20 14:43:27,929 - INFO - [load_and_enhance_combination:591] -     Loaded 100 rows
2025-08-20 14:43:27,929 - INFO - [load_and_enhance_combination:578] -   Loading skin_not_sun_exposed_suprapubic: top_100_gene_pairs.csv
2025-08-20 14:43:27,930 - INFO - [load_and_enhance_combination:591] -     Loaded 100 rows
2025-08-20 14:43:27,930 - INFO - [load_and_enhance_combination:578] -   Loading skin_sun_exposed_lower_leg: top_100_gene_pairs.csv
2025-08-20 14:43:27,931 - INFO - [load_and_enhance_combination:591] -     Loaded 100 rows
2025-08-20 14:43:27,931 - INFO - [load_and_enhance_combination:578] -   Loading small_intestine_terminal_ileum: top_100_gene_pairs.csv
2025-08-20 14:43:27,932 - INFO - [load_and_enhance_combination:591] -     Loaded 100 rows
2025-08-20 14:43:27,932 - INFO - [load_and_enhance_combination:578] -   Loading spleen: top_100_gene_pairs.csv
2025-08-20 14:43:27,933 - INFO - [load_and_enhance_combination:591] -     Loaded 100 rows
2025-08-20 14:43:27,933 - INFO - [load_and_enhance_combination:578] -   Loading stomach: top_100_gene_pairs.csv
2025-08-20 14:43:27,934 - INFO - [load_and_enhance_combination:591] -     Loaded 100 rows
2025-08-20 14:43:27,934 - INFO - [load_and_enhance_combination:578] -   Loading testis: top_100_gene_pairs.csv
2025-08-20 14:43:27,935 - INFO - [load_and_enhance_combination:591] -     Loaded 100 rows
2025-08-20 14:43:27,935 - INFO - [load_and_enhance_combination:578] -   Loading thyroid: top_100_gene_pairs.csv
2025-08-20 14:43:27,936 - INFO - [load_and_enhance_combination:591] -     Loaded 100 rows
2025-08-20 14:43:27,936 - INFO - [load_and_enhance_combination:578] -   Loading uterus: top_100_gene_pairs.csv
2025-08-20 14:43:27,937 - INFO - [load_and_enhance_combination:591] -     Loaded 100 rows
2025-08-20 14:43:27,937 - INFO - [load_and_enhance_combination:578] -   Loading vagina: top_100_gene_pairs.csv
2025-08-20 14:43:27,938 - INFO - [load_and_enhance_combination:591] -     Loaded 100 rows
2025-08-20 14:43:27,938 - INFO - [load_and_enhance_combination:578] -   Loading whole_blood: top_100_gene_pairs.csv
2025-08-20 14:43:27,939 - INFO - [load_and_enhance_combination:591] -     Loaded 100 rows
2025-08-20 14:43:27,939 - INFO - [load_and_enhance_combination:602] - Combining 54 dataframes...
2025-08-20 14:43:27,941 - INFO - [load_and_enhance_combination:605] - Combined dataframe shape: (5400, 19)
2025-08-20 14:43:27,941 - INFO - [load_and_enhance_combination:606] - Total rows: 5400
2025-08-20 14:43:27,941 - INFO - [load_and_enhance_combination:620] - Computing metadata correlations...
2025-08-21 21:50:17,830 - INFO - [load_and_enhance_combination:623] - Enhanced dataframe shape: (5400, 50)
2025-08-21 21:50:17,944 - INFO - [load_and_enhance_combination:636] - Saved combined results:
2025-08-21 21:50:17,944 - INFO - [load_and_enhance_combination:637] -   Pickle: /mnt/data/proj_data/ccc-gpu/results/top_gene_pair_correlation/combined_c-high-p-low-s-high_top_100_gene_pairs_with_metadata.pkl
2025-08-21 21:50:17,944 - INFO - [load_and_enhance_combination:638] -   CSV: /mnt/data/proj_data/ccc-gpu/results/top_gene_pair_correlation/combined_c-high-p-low-s-high_top_100_gene_pairs_with_metadata.csv
2025-08-21 21:50:17,945 - INFO - [process_combination_worker:546] - WORKER COMPLETED for combination: c-high-p-low-s-high
