Created log directory: logs/20250723_165132
All tissue logs will be saved in this directory
Starting gene pair intersections analysis for 1 tissues
Job started at: Wed Jul 23 04:51:32 PM MDT 2025

==========================================
Processing tissue 1/1: whole_blood
Started at: Wed Jul 23 04:51:32 PM MDT 2025
Log file: logs/20250723_165132/compute_intersections_whole_blood.log
==========================================
✓ Successfully processed whole_blood
Finished whole_blood at: Wed Jul 23 05:39:15 PM MDT 2025
Progress: 1 processed, 0 skipped, 0 failed, 0 remaining

==========================================
All tissues processing completed!
Final Summary:
  Total tissues: 1
  Successfully processed: 1
  Skipped (output exists): 0
  Failed: 0
  All log files saved in: logs/20250723_165132
Job completed at: Wed Jul 23 05:39:15 PM MDT 2025
==========================================
SUCCESS: All tissues processed successfully
