2025-09-11 22:50:04,101 - INFO - Starting CCC data processing
2025-09-11 22:50:04,101 - INFO - Log file: /home/haoyu/_database/projs/ccc-gpu/nbs/03-manuscript/40_prepare_supp_data/logs/process_ccc_data_20250911_225004.log
2025-09-11 22:50:04,101 - DEBUG - Debug logging enabled
2025-09-11 22:50:04,101 - INFO - Script arguments: source_dir=/mnt/data/proj_data/ccc-gpu/data/gtex/similarity_matrices/all, output_dir=/mnt/data/proj_data/ccc-gpu/data/gtex/ccc_similarity_matrices_parquet, dry_run=False
2025-09-11 22:50:04,101 - INFO - Scanning directory for .pkl files: /mnt/data/proj_data/ccc-gpu/data/gtex/similarity_matrices/all
2025-09-11 22:50:04,102 - INFO - Found 54 .pkl files to process
2025-09-11 22:50:04,102 - DEBUG - First few files: ['gtex_v8_data_adipose_subcutaneous-var_pc_log2-all.pkl', 'gtex_v8_data_adipose_visceral_omentum-var_pc_log2-all.pkl', 'gtex_v8_data_adrenal_gland-var_pc_log2-all.pkl', 'gtex_v8_data_artery_aorta-var_pc_log2-all.pkl', 'gtex_v8_data_artery_coronary-var_pc_log2-all.pkl']
2025-09-11 22:50:04,102 - INFO - Output directory created/verified: /mnt/data/proj_data/ccc-gpu/data/gtex/ccc_similarity_matrices_parquet
2025-09-11 22:50:04,102 - INFO - Starting processing of 54 files
2025-09-11 22:50:04,104 - DEBUG - Processing file 1/54: gtex_v8_data_adipose_subcutaneous-var_pc_log2-all.pkl
2025-09-11 22:50:04,104 - INFO - Processing file: gtex_v8_data_adipose_subcutaneous-var_pc_log2-all.pkl
2025-09-11 22:50:38,091 - DEBUG - Loaded data shape: (1460025703, 3), columns: ['ccc', 'pearson', 'spearman']
2025-09-11 22:50:40,159 - DEBUG - Extracted CCC data shape: (1460025703, 1)
2025-09-11 22:50:40,159 - DEBUG - Saving .parquet file: /mnt/data/proj_data/ccc-gpu/data/gtex/ccc_similarity_matrices_parquet/gtex_v8_data_adipose_subcutaneous-var_pc_log2-all_ccc_only.parquet
2025-09-11 22:54:34,827 - INFO - Successfully processed gtex_v8_data_adipose_subcutaneous-var_pc_log2-all.pkl -> gtex_v8_data_adipose_subcutaneous-var_pc_log2-all_ccc_only.parquet
2025-09-11 22:54:34,827 - INFO - Size reduction: 19.04 GB -> 6.55 GB (65.6% smaller)
2025-09-11 22:54:36,104 - DEBUG - Processing file 2/54: gtex_v8_data_adipose_visceral_omentum-var_pc_log2-all.pkl
2025-09-11 22:54:36,105 - INFO - Processing file: gtex_v8_data_adipose_visceral_omentum-var_pc_log2-all.pkl
2025-09-11 22:55:12,030 - DEBUG - Loaded data shape: (1440046611, 3), columns: ['ccc', 'pearson', 'spearman']
2025-09-11 22:55:14,077 - DEBUG - Extracted CCC data shape: (1440046611, 1)
2025-09-11 22:55:14,077 - DEBUG - Saving .parquet file: /mnt/data/proj_data/ccc-gpu/data/gtex/ccc_similarity_matrices_parquet/gtex_v8_data_adipose_visceral_omentum-var_pc_log2-all_ccc_only.parquet
2025-09-11 22:59:03,657 - INFO - Successfully processed gtex_v8_data_adipose_visceral_omentum-var_pc_log2-all.pkl -> gtex_v8_data_adipose_visceral_omentum-var_pc_log2-all_ccc_only.parquet
2025-09-11 22:59:03,657 - INFO - Size reduction: 18.78 GB -> 6.35 GB (66.2% smaller)
2025-09-11 22:59:04,942 - DEBUG - Processing file 3/54: gtex_v8_data_adrenal_gland-var_pc_log2-all.pkl
2025-09-11 22:59:04,942 - INFO - Processing file: gtex_v8_data_adrenal_gland-var_pc_log2-all.pkl
2025-09-11 22:59:38,946 - DEBUG - Loaded data shape: (1358012670, 3), columns: ['ccc', 'pearson', 'spearman']
2025-09-11 22:59:40,880 - DEBUG - Extracted CCC data shape: (1358012670, 1)
2025-09-11 22:59:40,880 - DEBUG - Saving .parquet file: /mnt/data/proj_data/ccc-gpu/data/gtex/ccc_similarity_matrices_parquet/gtex_v8_data_adrenal_gland-var_pc_log2-all_ccc_only.parquet
2025-09-11 23:03:24,150 - INFO - Successfully processed gtex_v8_data_adrenal_gland-var_pc_log2-all.pkl -> gtex_v8_data_adrenal_gland-var_pc_log2-all_ccc_only.parquet
2025-09-11 23:03:24,150 - INFO - Size reduction: 17.71 GB -> 5.59 GB (68.4% smaller)
2025-09-11 23:03:25,363 - DEBUG - Processing file 4/54: gtex_v8_data_artery_aorta-var_pc_log2-all.pkl
2025-09-11 23:03:25,363 - INFO - Processing file: gtex_v8_data_artery_aorta-var_pc_log2-all.pkl
2025-09-11 23:04:00,118 - DEBUG - Loaded data shape: (1419832116, 3), columns: ['ccc', 'pearson', 'spearman']
2025-09-11 23:04:02,111 - DEBUG - Extracted CCC data shape: (1419832116, 1)
2025-09-11 23:04:02,112 - DEBUG - Saving .parquet file: /mnt/data/proj_data/ccc-gpu/data/gtex/ccc_similarity_matrices_parquet/gtex_v8_data_artery_aorta-var_pc_log2-all_ccc_only.parquet
2025-09-11 23:07:50,792 - INFO - Successfully processed gtex_v8_data_artery_aorta-var_pc_log2-all.pkl -> gtex_v8_data_artery_aorta-var_pc_log2-all_ccc_only.parquet
2025-09-11 23:07:50,793 - INFO - Size reduction: 18.51 GB -> 6.18 GB (66.6% smaller)
2025-09-11 23:07:52,114 - DEBUG - Processing file 5/54: gtex_v8_data_artery_coronary-var_pc_log2-all.pkl
2025-09-11 23:07:52,114 - INFO - Processing file: gtex_v8_data_artery_coronary-var_pc_log2-all.pkl
2025-09-11 23:08:31,245 - DEBUG - Loaded data shape: (1373430255, 3), columns: ['ccc', 'pearson', 'spearman']
2025-09-11 23:08:33,214 - DEBUG - Extracted CCC data shape: (1373430255, 1)
2025-09-11 23:08:33,214 - DEBUG - Saving .parquet file: /mnt/data/proj_data/ccc-gpu/data/gtex/ccc_similarity_matrices_parquet/gtex_v8_data_artery_coronary-var_pc_log2-all_ccc_only.parquet
2025-09-11 23:12:11,613 - INFO - Successfully processed gtex_v8_data_artery_coronary-var_pc_log2-all.pkl -> gtex_v8_data_artery_coronary-var_pc_log2-all_ccc_only.parquet
2025-09-11 23:12:11,613 - INFO - Size reduction: 17.91 GB -> 5.74 GB (67.9% smaller)
2025-09-11 23:12:12,970 - DEBUG - Processing file 6/54: gtex_v8_data_artery_tibial-var_pc_log2-all.pkl
2025-09-11 23:12:12,970 - INFO - Processing file: gtex_v8_data_artery_tibial-var_pc_log2-all.pkl
2025-09-11 23:12:48,104 - DEBUG - Loaded data shape: (1454033701, 3), columns: ['ccc', 'pearson', 'spearman']
2025-09-11 23:12:50,137 - DEBUG - Extracted CCC data shape: (1454033701, 1)
2025-09-11 23:12:50,137 - DEBUG - Saving .parquet file: /mnt/data/proj_data/ccc-gpu/data/gtex/ccc_similarity_matrices_parquet/gtex_v8_data_artery_tibial-var_pc_log2-all_ccc_only.parquet
2025-09-11 23:16:47,353 - INFO - Successfully processed gtex_v8_data_artery_tibial-var_pc_log2-all.pkl -> gtex_v8_data_artery_tibial-var_pc_log2-all_ccc_only.parquet
2025-09-11 23:16:47,353 - INFO - Size reduction: 18.96 GB -> 6.49 GB (65.8% smaller)
2025-09-11 23:16:48,739 - DEBUG - Processing file 7/54: gtex_v8_data_bladder-var_pc_log2-all.pkl
2025-09-11 23:16:48,739 - INFO - Processing file: gtex_v8_data_bladder-var_pc_log2-all.pkl
2025-09-11 23:17:16,930 - DEBUG - Loaded data shape: (995271420, 3), columns: ['ccc', 'pearson', 'spearman']
2025-09-11 23:17:18,340 - DEBUG - Extracted CCC data shape: (995271420, 1)
2025-09-11 23:17:18,340 - DEBUG - Saving .parquet file: /mnt/data/proj_data/ccc-gpu/data/gtex/ccc_similarity_matrices_parquet/gtex_v8_data_bladder-var_pc_log2-all_ccc_only.parquet
2025-09-11 23:19:53,633 - INFO - Successfully processed gtex_v8_data_bladder-var_pc_log2-all.pkl -> gtex_v8_data_bladder-var_pc_log2-all_ccc_only.parquet
2025-09-11 23:19:53,633 - INFO - Size reduction: 12.98 GB -> 3.37 GB (74.0% smaller)
2025-09-11 23:19:54,610 - DEBUG - Processing file 8/54: gtex_v8_data_brain_amygdala-var_pc_log2-all.pkl
2025-09-11 23:19:54,611 - INFO - Processing file: gtex_v8_data_brain_amygdala-var_pc_log2-all.pkl
2025-09-11 23:20:26,794 - DEBUG - Loaded data shape: (1313153128, 3), columns: ['ccc', 'pearson', 'spearman']
2025-09-11 23:20:28,666 - DEBUG - Extracted CCC data shape: (1313153128, 1)
2025-09-11 23:20:28,666 - DEBUG - Saving .parquet file: /mnt/data/proj_data/ccc-gpu/data/gtex/ccc_similarity_matrices_parquet/gtex_v8_data_brain_amygdala-var_pc_log2-all_ccc_only.parquet
2025-09-11 23:24:01,118 - INFO - Successfully processed gtex_v8_data_brain_amygdala-var_pc_log2-all.pkl -> gtex_v8_data_brain_amygdala-var_pc_log2-all_ccc_only.parquet
2025-09-11 23:24:01,118 - INFO - Size reduction: 17.12 GB -> 5.14 GB (70.0% smaller)
2025-09-11 23:24:02,286 - DEBUG - Processing file 9/54: gtex_v8_data_brain_anterior_cingulate_cortex_ba24-var_pc_log2-all.pkl
2025-09-11 23:24:02,286 - INFO - Processing file: gtex_v8_data_brain_anterior_cingulate_cortex_ba24-var_pc_log2-all.pkl
2025-09-11 23:24:40,076 - DEBUG - Loaded data shape: (1345637503, 3), columns: ['ccc', 'pearson', 'spearman']
2025-09-11 23:24:41,958 - DEBUG - Extracted CCC data shape: (1345637503, 1)
2025-09-11 23:24:41,958 - DEBUG - Saving .parquet file: /mnt/data/proj_data/ccc-gpu/data/gtex/ccc_similarity_matrices_parquet/gtex_v8_data_brain_anterior_cingulate_cortex_ba24-var_pc_log2-all_ccc_only.parquet
2025-09-11 23:28:18,530 - INFO - Successfully processed gtex_v8_data_brain_anterior_cingulate_cortex_ba24-var_pc_log2-all.pkl -> gtex_v8_data_brain_anterior_cingulate_cortex_ba24-var_pc_log2-all_ccc_only.parquet
2025-09-11 23:28:18,530 - INFO - Size reduction: 17.55 GB -> 5.44 GB (69.0% smaller)
2025-09-11 23:28:19,802 - DEBUG - Processing file 10/54: gtex_v8_data_brain_caudate_basal_ganglia-var_pc_log2-all.pkl
2025-09-11 23:28:19,802 - INFO - Processing file: gtex_v8_data_brain_caudate_basal_ganglia-var_pc_log2-all.pkl
2025-09-11 23:28:52,599 - DEBUG - Loaded data shape: (1377836265, 3), columns: ['ccc', 'pearson', 'spearman']
2025-09-11 23:28:54,575 - DEBUG - Extracted CCC data shape: (1377836265, 1)
2025-09-11 23:28:54,576 - DEBUG - Saving .parquet file: /mnt/data/proj_data/ccc-gpu/data/gtex/ccc_similarity_matrices_parquet/gtex_v8_data_brain_caudate_basal_ganglia-var_pc_log2-all_ccc_only.parquet
2025-09-11 23:32:34,520 - INFO - Successfully processed gtex_v8_data_brain_caudate_basal_ganglia-var_pc_log2-all.pkl -> gtex_v8_data_brain_caudate_basal_ganglia-var_pc_log2-all_ccc_only.parquet
2025-09-11 23:32:34,520 - INFO - Size reduction: 17.97 GB -> 5.74 GB (68.0% smaller)
2025-09-11 23:32:35,848 - DEBUG - Processing file 11/54: gtex_v8_data_brain_cerebellar_hemisphere-var_pc_log2-all.pkl
2025-09-11 23:32:35,848 - INFO - Processing file: gtex_v8_data_brain_cerebellar_hemisphere-var_pc_log2-all.pkl
2025-09-11 23:33:09,984 - DEBUG - Loaded data shape: (1357283151, 3), columns: ['ccc', 'pearson', 'spearman']
2025-09-11 23:33:11,931 - DEBUG - Extracted CCC data shape: (1357283151, 1)
2025-09-11 23:33:11,931 - DEBUG - Saving .parquet file: /mnt/data/proj_data/ccc-gpu/data/gtex/ccc_similarity_matrices_parquet/gtex_v8_data_brain_cerebellar_hemisphere-var_pc_log2-all_ccc_only.parquet
2025-09-11 23:36:52,280 - INFO - Successfully processed gtex_v8_data_brain_cerebellar_hemisphere-var_pc_log2-all.pkl -> gtex_v8_data_brain_cerebellar_hemisphere-var_pc_log2-all_ccc_only.parquet
2025-09-11 23:36:52,280 - INFO - Size reduction: 17.70 GB -> 5.58 GB (68.4% smaller)
2025-09-11 23:36:53,574 - DEBUG - Processing file 12/54: gtex_v8_data_brain_cerebellum-var_pc_log2-all.pkl
2025-09-11 23:36:53,574 - INFO - Processing file: gtex_v8_data_brain_cerebellum-var_pc_log2-all.pkl
2025-09-11 23:37:32,215 - DEBUG - Loaded data shape: (1373692320, 3), columns: ['ccc', 'pearson', 'spearman']
2025-09-11 23:37:34,080 - DEBUG - Extracted CCC data shape: (1373692320, 1)
2025-09-11 23:37:34,080 - DEBUG - Saving .parquet file: /mnt/data/proj_data/ccc-gpu/data/gtex/ccc_similarity_matrices_parquet/gtex_v8_data_brain_cerebellum-var_pc_log2-all_ccc_only.parquet
2025-09-11 23:41:32,142 - INFO - Successfully processed gtex_v8_data_brain_cerebellum-var_pc_log2-all.pkl -> gtex_v8_data_brain_cerebellum-var_pc_log2-all_ccc_only.parquet
2025-09-11 23:41:32,142 - INFO - Size reduction: 17.91 GB -> 5.75 GB (67.9% smaller)
2025-09-11 23:41:33,450 - DEBUG - Processing file 13/54: gtex_v8_data_brain_cortex-var_pc_log2-all.pkl
2025-09-11 23:41:33,450 - INFO - Processing file: gtex_v8_data_brain_cortex-var_pc_log2-all.pkl
2025-09-11 23:42:24,751 - DEBUG - Loaded data shape: (1428371076, 3), columns: ['ccc', 'pearson', 'spearman']
2025-09-11 23:42:26,765 - DEBUG - Extracted CCC data shape: (1428371076, 1)
2025-09-11 23:42:26,765 - DEBUG - Saving .parquet file: /mnt/data/proj_data/ccc-gpu/data/gtex/ccc_similarity_matrices_parquet/gtex_v8_data_brain_cortex-var_pc_log2-all_ccc_only.parquet
2025-09-11 23:46:22,020 - INFO - Successfully processed gtex_v8_data_brain_cortex-var_pc_log2-all.pkl -> gtex_v8_data_brain_cortex-var_pc_log2-all_ccc_only.parquet
2025-09-11 23:46:22,020 - INFO - Size reduction: 18.63 GB -> 6.26 GB (66.4% smaller)
2025-09-11 23:46:23,372 - DEBUG - Processing file 14/54: gtex_v8_data_brain_frontal_cortex_ba9-var_pc_log2-all.pkl
2025-09-11 23:46:23,372 - INFO - Processing file: gtex_v8_data_brain_frontal_cortex_ba9-var_pc_log2-all.pkl
2025-09-11 23:47:00,136 - DEBUG - Loaded data shape: (1359576585, 3), columns: ['ccc', 'pearson', 'spearman']
2025-09-11 23:47:01,992 - DEBUG - Extracted CCC data shape: (1359576585, 1)
2025-09-11 23:47:01,992 - DEBUG - Saving .parquet file: /mnt/data/proj_data/ccc-gpu/data/gtex/ccc_similarity_matrices_parquet/gtex_v8_data_brain_frontal_cortex_ba9-var_pc_log2-all_ccc_only.parquet
2025-09-11 23:50:37,217 - INFO - Successfully processed gtex_v8_data_brain_frontal_cortex_ba9-var_pc_log2-all.pkl -> gtex_v8_data_brain_frontal_cortex_ba9-var_pc_log2-all_ccc_only.parquet
2025-09-11 23:50:37,217 - INFO - Size reduction: 17.73 GB -> 5.59 GB (68.5% smaller)
2025-09-11 23:50:38,531 - DEBUG - Processing file 15/54: gtex_v8_data_brain_hippocampus-var_pc_log2-all.pkl
2025-09-11 23:50:38,531 - INFO - Processing file: gtex_v8_data_brain_hippocampus-var_pc_log2-all.pkl
2025-09-11 23:52:04,330 - DEBUG - Loaded data shape: (1381565895, 3), columns: ['ccc', 'pearson', 'spearman']
2025-09-11 23:52:06,311 - DEBUG - Extracted CCC data shape: (1381565895, 1)
2025-09-11 23:52:06,311 - DEBUG - Saving .parquet file: /mnt/data/proj_data/ccc-gpu/data/gtex/ccc_similarity_matrices_parquet/gtex_v8_data_brain_hippocampus-var_pc_log2-all_ccc_only.parquet
2025-09-11 23:55:49,825 - INFO - Successfully processed gtex_v8_data_brain_hippocampus-var_pc_log2-all.pkl -> gtex_v8_data_brain_hippocampus-var_pc_log2-all_ccc_only.parquet
2025-09-11 23:55:49,825 - INFO - Size reduction: 18.01 GB -> 5.78 GB (67.9% smaller)
2025-09-11 23:55:51,065 - DEBUG - Processing file 16/54: gtex_v8_data_brain_hypothalamus-var_pc_log2-all.pkl
2025-09-11 23:55:51,065 - INFO - Processing file: gtex_v8_data_brain_hypothalamus-var_pc_log2-all.pkl
2025-09-11 23:56:27,935 - DEBUG - Loaded data shape: (1371020430, 3), columns: ['ccc', 'pearson', 'spearman']
2025-09-11 23:56:29,884 - DEBUG - Extracted CCC data shape: (1371020430, 1)
2025-09-11 23:56:29,884 - DEBUG - Saving .parquet file: /mnt/data/proj_data/ccc-gpu/data/gtex/ccc_similarity_matrices_parquet/gtex_v8_data_brain_hypothalamus-var_pc_log2-all_ccc_only.parquet
2025-09-12 00:00:09,533 - INFO - Successfully processed gtex_v8_data_brain_hypothalamus-var_pc_log2-all.pkl -> gtex_v8_data_brain_hypothalamus-var_pc_log2-all_ccc_only.parquet
2025-09-12 00:00:09,533 - INFO - Size reduction: 17.88 GB -> 5.67 GB (68.3% smaller)
2025-09-12 00:00:10,797 - DEBUG - Processing file 17/54: gtex_v8_data_brain_nucleus_accumbens_basal_ganglia-var_pc_log2-all.pkl
2025-09-12 00:00:10,797 - INFO - Processing file: gtex_v8_data_brain_nucleus_accumbens_basal_ganglia-var_pc_log2-all.pkl
2025-09-12 00:00:44,756 - DEBUG - Loaded data shape: (1389198405, 3), columns: ['ccc', 'pearson', 'spearman']
2025-09-12 00:00:46,719 - DEBUG - Extracted CCC data shape: (1389198405, 1)
2025-09-12 00:00:46,719 - DEBUG - Saving .parquet file: /mnt/data/proj_data/ccc-gpu/data/gtex/ccc_similarity_matrices_parquet/gtex_v8_data_brain_nucleus_accumbens_basal_ganglia-var_pc_log2-all_ccc_only.parquet
2025-09-12 00:05:05,403 - INFO - Successfully processed gtex_v8_data_brain_nucleus_accumbens_basal_ganglia-var_pc_log2-all.pkl -> gtex_v8_data_brain_nucleus_accumbens_basal_ganglia-var_pc_log2-all_ccc_only.parquet
2025-09-12 00:05:05,403 - INFO - Size reduction: 18.11 GB -> 5.84 GB (67.7% smaller)
2025-09-12 00:05:06,693 - DEBUG - Processing file 18/54: gtex_v8_data_brain_putamen_basal_ganglia-var_pc_log2-all.pkl
2025-09-12 00:05:06,693 - INFO - Processing file: gtex_v8_data_brain_putamen_basal_ganglia-var_pc_log2-all.pkl
2025-09-12 00:05:39,317 - DEBUG - Loaded data shape: (1336936195, 3), columns: ['ccc', 'pearson', 'spearman']
2025-09-12 00:05:41,239 - DEBUG - Extracted CCC data shape: (1336936195, 1)
2025-09-12 00:05:41,239 - DEBUG - Saving .parquet file: /mnt/data/proj_data/ccc-gpu/data/gtex/ccc_similarity_matrices_parquet/gtex_v8_data_brain_putamen_basal_ganglia-var_pc_log2-all_ccc_only.parquet
2025-09-12 00:09:17,133 - INFO - Successfully processed gtex_v8_data_brain_putamen_basal_ganglia-var_pc_log2-all.pkl -> gtex_v8_data_brain_putamen_basal_ganglia-var_pc_log2-all_ccc_only.parquet
2025-09-12 00:09:17,134 - INFO - Size reduction: 17.43 GB -> 5.35 GB (69.3% smaller)
2025-09-12 00:09:18,419 - DEBUG - Processing file 19/54: gtex_v8_data_brain_spinal_cord_cervical_c1-var_pc_log2-all.pkl
2025-09-12 00:09:18,419 - INFO - Processing file: gtex_v8_data_brain_spinal_cord_cervical_c1-var_pc_log2-all.pkl
2025-09-12 00:09:55,385 - DEBUG - Loaded data shape: (1305886065, 3), columns: ['ccc', 'pearson', 'spearman']
2025-09-12 00:09:57,241 - DEBUG - Extracted CCC data shape: (1305886065, 1)
2025-09-12 00:09:57,241 - DEBUG - Saving .parquet file: /mnt/data/proj_data/ccc-gpu/data/gtex/ccc_similarity_matrices_parquet/gtex_v8_data_brain_spinal_cord_cervical_c1-var_pc_log2-all_ccc_only.parquet
2025-09-12 00:13:24,327 - INFO - Successfully processed gtex_v8_data_brain_spinal_cord_cervical_c1-var_pc_log2-all.pkl -> gtex_v8_data_brain_spinal_cord_cervical_c1-var_pc_log2-all_ccc_only.parquet
2025-09-12 00:13:24,328 - INFO - Size reduction: 17.03 GB -> 5.07 GB (70.2% smaller)
2025-09-12 00:13:25,591 - DEBUG - Processing file 20/54: gtex_v8_data_brain_substantia_nigra-var_pc_log2-all.pkl
2025-09-12 00:13:25,591 - INFO - Processing file: gtex_v8_data_brain_substantia_nigra-var_pc_log2-all.pkl
2025-09-12 00:13:56,027 - DEBUG - Loaded data shape: (1278940600, 3), columns: ['ccc', 'pearson', 'spearman']
2025-09-12 00:13:57,877 - DEBUG - Extracted CCC data shape: (1278940600, 1)
2025-09-12 00:13:57,877 - DEBUG - Saving .parquet file: /mnt/data/proj_data/ccc-gpu/data/gtex/ccc_similarity_matrices_parquet/gtex_v8_data_brain_substantia_nigra-var_pc_log2-all_ccc_only.parquet
2025-09-12 00:17:25,692 - INFO - Successfully processed gtex_v8_data_brain_substantia_nigra-var_pc_log2-all.pkl -> gtex_v8_data_brain_substantia_nigra-var_pc_log2-all_ccc_only.parquet
2025-09-12 00:17:25,692 - INFO - Size reduction: 16.68 GB -> 4.82 GB (71.1% smaller)
2025-09-12 00:17:26,928 - DEBUG - Processing file 21/54: gtex_v8_data_breast_mammary_tissue-var_pc_log2-all.pkl
2025-09-12 00:17:26,928 - INFO - Processing file: gtex_v8_data_breast_mammary_tissue-var_pc_log2-all.pkl
2025-09-12 00:18:07,581 - DEBUG - Loaded data shape: (1452847560, 3), columns: ['ccc', 'pearson', 'spearman']
2025-09-12 00:18:09,592 - DEBUG - Extracted CCC data shape: (1452847560, 1)
2025-09-12 00:18:09,593 - DEBUG - Saving .parquet file: /mnt/data/proj_data/ccc-gpu/data/gtex/ccc_similarity_matrices_parquet/gtex_v8_data_breast_mammary_tissue-var_pc_log2-all_ccc_only.parquet
2025-09-12 00:22:35,756 - INFO - Successfully processed gtex_v8_data_breast_mammary_tissue-var_pc_log2-all.pkl -> gtex_v8_data_breast_mammary_tissue-var_pc_log2-all_ccc_only.parquet
2025-09-12 00:22:35,756 - INFO - Size reduction: 18.94 GB -> 6.50 GB (65.7% smaller)
2025-09-12 00:22:37,092 - DEBUG - Processing file 22/54: gtex_v8_data_cells_cultured_fibroblasts-var_pc_log2-all.pkl
2025-09-12 00:22:37,092 - INFO - Processing file: gtex_v8_data_cells_cultured_fibroblasts-var_pc_log2-all.pkl
2025-09-12 00:23:16,518 - DEBUG - Loaded data shape: (1401877725, 3), columns: ['ccc', 'pearson', 'spearman']
2025-09-12 00:23:18,482 - DEBUG - Extracted CCC data shape: (1401877725, 1)
2025-09-12 00:23:18,482 - DEBUG - Saving .parquet file: /mnt/data/proj_data/ccc-gpu/data/gtex/ccc_similarity_matrices_parquet/gtex_v8_data_cells_cultured_fibroblasts-var_pc_log2-all_ccc_only.parquet
2025-09-12 00:27:42,509 - INFO - Successfully processed gtex_v8_data_cells_cultured_fibroblasts-var_pc_log2-all.pkl -> gtex_v8_data_cells_cultured_fibroblasts-var_pc_log2-all_ccc_only.parquet
2025-09-12 00:27:42,510 - INFO - Size reduction: 18.28 GB -> 6.01 GB (67.1% smaller)
2025-09-12 00:27:43,822 - DEBUG - Processing file 23/54: gtex_v8_data_cells_ebvtransformed_lymphocytes-var_pc_log2-all.pkl
2025-09-12 00:27:43,822 - INFO - Processing file: gtex_v8_data_cells_ebvtransformed_lymphocytes-var_pc_log2-all.pkl
2025-09-12 00:28:16,439 - DEBUG - Loaded data shape: (1338539670, 3), columns: ['ccc', 'pearson', 'spearman']
2025-09-12 00:28:18,322 - DEBUG - Extracted CCC data shape: (1338539670, 1)
2025-09-12 00:28:18,322 - DEBUG - Saving .parquet file: /mnt/data/proj_data/ccc-gpu/data/gtex/ccc_similarity_matrices_parquet/gtex_v8_data_cells_ebvtransformed_lymphocytes-var_pc_log2-all_ccc_only.parquet
2025-09-12 00:31:50,501 - INFO - Successfully processed gtex_v8_data_cells_ebvtransformed_lymphocytes-var_pc_log2-all.pkl -> gtex_v8_data_cells_ebvtransformed_lymphocytes-var_pc_log2-all_ccc_only.parquet
2025-09-12 00:31:50,501 - INFO - Size reduction: 17.45 GB -> 5.43 GB (68.9% smaller)
2025-09-12 00:31:51,756 - DEBUG - Processing file 24/54: gtex_v8_data_cervix_ectocervix-var_pc_log2-all.pkl
2025-09-12 00:31:51,756 - INFO - Processing file: gtex_v8_data_cervix_ectocervix-var_pc_log2-all.pkl
2025-09-12 00:32:16,338 - DEBUG - Loaded data shape: (871468626, 3), columns: ['ccc', 'pearson', 'spearman']
2025-09-12 00:32:17,565 - DEBUG - Extracted CCC data shape: (871468626, 1)
2025-09-12 00:32:17,565 - DEBUG - Saving .parquet file: /mnt/data/proj_data/ccc-gpu/data/gtex/ccc_similarity_matrices_parquet/gtex_v8_data_cervix_ectocervix-var_pc_log2-all_ccc_only.parquet
2025-09-12 00:34:32,270 - INFO - Successfully processed gtex_v8_data_cervix_ectocervix-var_pc_log2-all.pkl -> gtex_v8_data_cervix_ectocervix-var_pc_log2-all_ccc_only.parquet
2025-09-12 00:34:32,270 - INFO - Size reduction: 11.36 GB -> 2.56 GB (77.4% smaller)
2025-09-12 00:34:33,139 - DEBUG - Processing file 25/54: gtex_v8_data_cervix_endocervix-var_pc_log2-all.pkl
2025-09-12 00:34:33,139 - INFO - Processing file: gtex_v8_data_cervix_endocervix-var_pc_log2-all.pkl
2025-09-12 00:34:57,887 - DEBUG - Loaded data shape: (883533666, 3), columns: ['ccc', 'pearson', 'spearman']
2025-09-12 00:34:59,115 - DEBUG - Extracted CCC data shape: (883533666, 1)
2025-09-12 00:34:59,116 - DEBUG - Saving .parquet file: /mnt/data/proj_data/ccc-gpu/data/gtex/ccc_similarity_matrices_parquet/gtex_v8_data_cervix_endocervix-var_pc_log2-all_ccc_only.parquet
2025-09-12 00:37:14,667 - INFO - Successfully processed gtex_v8_data_cervix_endocervix-var_pc_log2-all.pkl -> gtex_v8_data_cervix_endocervix-var_pc_log2-all_ccc_only.parquet
2025-09-12 00:37:14,667 - INFO - Size reduction: 11.52 GB -> 2.70 GB (76.6% smaller)
2025-09-12 00:37:15,482 - DEBUG - Processing file 26/54: gtex_v8_data_colon_sigmoid-var_pc_log2-all.pkl
2025-09-12 00:37:15,482 - INFO - Processing file: gtex_v8_data_colon_sigmoid-var_pc_log2-all.pkl
2025-09-12 00:38:40,776 - DEBUG - Loaded data shape: (1414189153, 3), columns: ['ccc', 'pearson', 'spearman']
2025-09-12 00:38:42,695 - DEBUG - Extracted CCC data shape: (1414189153, 1)
2025-09-12 00:38:42,695 - DEBUG - Saving .parquet file: /mnt/data/proj_data/ccc-gpu/data/gtex/ccc_similarity_matrices_parquet/gtex_v8_data_colon_sigmoid-var_pc_log2-all_ccc_only.parquet
2025-09-12 00:42:32,231 - INFO - Successfully processed gtex_v8_data_colon_sigmoid-var_pc_log2-all.pkl -> gtex_v8_data_colon_sigmoid-var_pc_log2-all_ccc_only.parquet
2025-09-12 00:42:32,231 - INFO - Size reduction: 18.44 GB -> 6.12 GB (66.8% smaller)
2025-09-12 00:42:33,416 - DEBUG - Processing file 27/54: gtex_v8_data_colon_transverse-var_pc_log2-all.pkl
2025-09-12 00:42:33,416 - INFO - Processing file: gtex_v8_data_colon_transverse-var_pc_log2-all.pkl
2025-09-12 00:43:13,557 - DEBUG - Loaded data shape: (1425646503, 3), columns: ['ccc', 'pearson', 'spearman']
2025-09-12 00:43:15,585 - DEBUG - Extracted CCC data shape: (1425646503, 1)
2025-09-12 00:43:15,585 - DEBUG - Saving .parquet file: /mnt/data/proj_data/ccc-gpu/data/gtex/ccc_similarity_matrices_parquet/gtex_v8_data_colon_transverse-var_pc_log2-all_ccc_only.parquet
2025-09-12 00:47:04,970 - INFO - Successfully processed gtex_v8_data_colon_transverse-var_pc_log2-all.pkl -> gtex_v8_data_colon_transverse-var_pc_log2-all_ccc_only.parquet
2025-09-12 00:47:04,971 - INFO - Size reduction: 18.59 GB -> 6.22 GB (66.6% smaller)
2025-09-12 00:47:06,372 - DEBUG - Processing file 28/54: gtex_v8_data_esophagus_gastroesophageal_junction-var_pc_log2-all.pkl
2025-09-12 00:47:06,372 - INFO - Processing file: gtex_v8_data_esophagus_gastroesophageal_junction-var_pc_log2-all.pkl
2025-09-12 00:47:40,754 - DEBUG - Loaded data shape: (1407708330, 3), columns: ['ccc', 'pearson', 'spearman']
2025-09-12 00:47:42,712 - DEBUG - Extracted CCC data shape: (1407708330, 1)
2025-09-12 00:47:42,712 - DEBUG - Saving .parquet file: /mnt/data/proj_data/ccc-gpu/data/gtex/ccc_similarity_matrices_parquet/gtex_v8_data_esophagus_gastroesophageal_junction-var_pc_log2-all_ccc_only.parquet
2025-09-12 00:51:30,851 - INFO - Successfully processed gtex_v8_data_esophagus_gastroesophageal_junction-var_pc_log2-all.pkl -> gtex_v8_data_esophagus_gastroesophageal_junction-var_pc_log2-all_ccc_only.parquet
2025-09-12 00:51:30,852 - INFO - Size reduction: 18.36 GB -> 6.05 GB (67.0% smaller)
2025-09-12 00:51:32,216 - DEBUG - Processing file 29/54: gtex_v8_data_esophagus_mucosa-var_pc_log2-all.pkl
2025-09-12 00:51:32,217 - INFO - Processing file: gtex_v8_data_esophagus_mucosa-var_pc_log2-all.pkl
2025-09-12 00:52:12,189 - DEBUG - Loaded data shape: (1429226380, 3), columns: ['ccc', 'pearson', 'spearman']
2025-09-12 00:52:14,202 - DEBUG - Extracted CCC data shape: (1429226380, 1)
2025-09-12 00:52:14,202 - DEBUG - Saving .parquet file: /mnt/data/proj_data/ccc-gpu/data/gtex/ccc_similarity_matrices_parquet/gtex_v8_data_esophagus_mucosa-var_pc_log2-all_ccc_only.parquet
2025-09-12 00:56:04,136 - INFO - Successfully processed gtex_v8_data_esophagus_mucosa-var_pc_log2-all.pkl -> gtex_v8_data_esophagus_mucosa-var_pc_log2-all_ccc_only.parquet
2025-09-12 00:56:04,136 - INFO - Size reduction: 18.64 GB -> 6.26 GB (66.4% smaller)
2025-09-12 00:56:05,503 - DEBUG - Processing file 30/54: gtex_v8_data_esophagus_muscularis-var_pc_log2-all.pkl
2025-09-12 00:56:05,504 - INFO - Processing file: gtex_v8_data_esophagus_muscularis-var_pc_log2-all.pkl
2025-09-12 00:56:40,714 - DEBUG - Loaded data shape: (1438705261, 3), columns: ['ccc', 'pearson', 'spearman']
2025-09-12 00:56:42,738 - DEBUG - Extracted CCC data shape: (1438705261, 1)
2025-09-12 00:56:42,738 - DEBUG - Saving .parquet file: /mnt/data/proj_data/ccc-gpu/data/gtex/ccc_similarity_matrices_parquet/gtex_v8_data_esophagus_muscularis-var_pc_log2-all_ccc_only.parquet
2025-09-12 01:01:04,618 - INFO - Successfully processed gtex_v8_data_esophagus_muscularis-var_pc_log2-all.pkl -> gtex_v8_data_esophagus_muscularis-var_pc_log2-all_ccc_only.parquet
2025-09-12 01:01:04,618 - INFO - Size reduction: 18.76 GB -> 6.34 GB (66.2% smaller)
2025-09-12 01:01:05,944 - DEBUG - Processing file 31/54: gtex_v8_data_fallopian_tube-var_pc_log2-all.pkl
2025-09-12 01:01:05,944 - INFO - Processing file: gtex_v8_data_fallopian_tube-var_pc_log2-all.pkl
2025-09-12 01:01:30,707 - DEBUG - Loaded data shape: (869799486, 3), columns: ['ccc', 'pearson', 'spearman']
2025-09-12 01:01:31,984 - DEBUG - Extracted CCC data shape: (869799486, 1)
2025-09-12 01:01:31,984 - DEBUG - Saving .parquet file: /mnt/data/proj_data/ccc-gpu/data/gtex/ccc_similarity_matrices_parquet/gtex_v8_data_fallopian_tube-var_pc_log2-all_ccc_only.parquet
2025-09-12 01:03:48,060 - INFO - Successfully processed gtex_v8_data_fallopian_tube-var_pc_log2-all.pkl -> gtex_v8_data_fallopian_tube-var_pc_log2-all_ccc_only.parquet
2025-09-12 01:03:48,061 - INFO - Size reduction: 11.34 GB -> 2.57 GB (77.4% smaller)
2025-09-12 01:03:48,926 - DEBUG - Processing file 32/54: gtex_v8_data_heart_atrial_appendage-var_pc_log2-all.pkl
2025-09-12 01:03:48,926 - INFO - Processing file: gtex_v8_data_heart_atrial_appendage-var_pc_log2-all.pkl
2025-09-12 01:04:24,279 - DEBUG - Loaded data shape: (1416051153, 3), columns: ['ccc', 'pearson', 'spearman']
2025-09-12 01:04:26,222 - DEBUG - Extracted CCC data shape: (1416051153, 1)
2025-09-12 01:04:26,222 - DEBUG - Saving .parquet file: /mnt/data/proj_data/ccc-gpu/data/gtex/ccc_similarity_matrices_parquet/gtex_v8_data_heart_atrial_appendage-var_pc_log2-all_ccc_only.parquet
2025-09-12 01:08:16,477 - INFO - Successfully processed gtex_v8_data_heart_atrial_appendage-var_pc_log2-all.pkl -> gtex_v8_data_heart_atrial_appendage-var_pc_log2-all_ccc_only.parquet
2025-09-12 01:08:16,477 - INFO - Size reduction: 18.46 GB -> 6.11 GB (66.9% smaller)
2025-09-12 01:08:17,711 - DEBUG - Processing file 33/54: gtex_v8_data_heart_left_ventricle-var_pc_log2-all.pkl
2025-09-12 01:08:17,711 - INFO - Processing file: gtex_v8_data_heart_left_ventricle-var_pc_log2-all.pkl
2025-09-12 01:08:56,782 - DEBUG - Loaded data shape: (1389303828, 3), columns: ['ccc', 'pearson', 'spearman']
2025-09-12 01:08:58,759 - DEBUG - Extracted CCC data shape: (1389303828, 1)
2025-09-12 01:08:58,759 - DEBUG - Saving .parquet file: /mnt/data/proj_data/ccc-gpu/data/gtex/ccc_similarity_matrices_parquet/gtex_v8_data_heart_left_ventricle-var_pc_log2-all_ccc_only.parquet
2025-09-12 01:12:40,469 - INFO - Successfully processed gtex_v8_data_heart_left_ventricle-var_pc_log2-all.pkl -> gtex_v8_data_heart_left_ventricle-var_pc_log2-all_ccc_only.parquet
2025-09-12 01:12:40,469 - INFO - Size reduction: 18.12 GB -> 5.84 GB (67.8% smaller)
2025-09-12 01:12:41,779 - DEBUG - Processing file 34/54: gtex_v8_data_kidney_cortex-var_pc_log2-all.pkl
2025-09-12 01:12:41,779 - INFO - Processing file: gtex_v8_data_kidney_cortex-var_pc_log2-all.pkl
2025-09-12 01:13:12,636 - DEBUG - Loaded data shape: (1231692528, 3), columns: ['ccc', 'pearson', 'spearman']
2025-09-12 01:13:14,333 - DEBUG - Extracted CCC data shape: (1231692528, 1)
2025-09-12 01:13:14,333 - DEBUG - Saving .parquet file: /mnt/data/proj_data/ccc-gpu/data/gtex/ccc_similarity_matrices_parquet/gtex_v8_data_kidney_cortex-var_pc_log2-all_ccc_only.parquet
2025-09-12 01:16:29,445 - INFO - Successfully processed gtex_v8_data_kidney_cortex-var_pc_log2-all.pkl -> gtex_v8_data_kidney_cortex-var_pc_log2-all_ccc_only.parquet
2025-09-12 01:16:29,445 - INFO - Size reduction: 16.06 GB -> 4.38 GB (72.7% smaller)
2025-09-12 01:16:30,622 - DEBUG - Processing file 35/54: gtex_v8_data_kidney_medulla-var_pc_log2-all.pkl
2025-09-12 01:16:30,622 - INFO - Processing file: gtex_v8_data_kidney_medulla-var_pc_log2-all.pkl
2025-09-12 01:16:48,096 - DEBUG - Loaded data shape: (692459505, 3), columns: ['ccc', 'pearson', 'spearman']
2025-09-12 01:16:49,091 - DEBUG - Extracted CCC data shape: (692459505, 1)
2025-09-12 01:16:49,091 - DEBUG - Saving .parquet file: /mnt/data/proj_data/ccc-gpu/data/gtex/ccc_similarity_matrices_parquet/gtex_v8_data_kidney_medulla-var_pc_log2-all_ccc_only.parquet
2025-09-12 01:18:36,495 - INFO - Successfully processed gtex_v8_data_kidney_medulla-var_pc_log2-all.pkl -> gtex_v8_data_kidney_medulla-var_pc_log2-all_ccc_only.parquet
2025-09-12 01:18:36,495 - INFO - Size reduction: 9.03 GB -> 1.43 GB (84.1% smaller)
2025-09-12 01:18:37,172 - DEBUG - Processing file 36/54: gtex_v8_data_liver-var_pc_log2-all.pkl
2025-09-12 01:18:37,172 - INFO - Processing file: gtex_v8_data_liver-var_pc_log2-all.pkl
2025-09-12 01:19:14,213 - DEBUG - Loaded data shape: (1313153128, 3), columns: ['ccc', 'pearson', 'spearman']
2025-09-12 01:19:16,077 - DEBUG - Extracted CCC data shape: (1313153128, 1)
2025-09-12 01:19:16,077 - DEBUG - Saving .parquet file: /mnt/data/proj_data/ccc-gpu/data/gtex/ccc_similarity_matrices_parquet/gtex_v8_data_liver-var_pc_log2-all_ccc_only.parquet
2025-09-12 01:22:44,977 - INFO - Successfully processed gtex_v8_data_liver-var_pc_log2-all.pkl -> gtex_v8_data_liver-var_pc_log2-all_ccc_only.parquet
2025-09-12 01:22:44,977 - INFO - Size reduction: 17.12 GB -> 5.16 GB (69.9% smaller)
2025-09-12 01:22:46,127 - DEBUG - Processing file 37/54: gtex_v8_data_lung-var_pc_log2-all.pkl
2025-09-12 01:22:46,127 - INFO - Processing file: gtex_v8_data_lung-var_pc_log2-all.pkl
2025-09-12 01:23:21,938 - DEBUG - Loaded data shape: (1461917628, 3), columns: ['ccc', 'pearson', 'spearman']
2025-09-12 01:23:24,049 - DEBUG - Extracted CCC data shape: (1461917628, 1)
2025-09-12 01:23:24,049 - DEBUG - Saving .parquet file: /mnt/data/proj_data/ccc-gpu/data/gtex/ccc_similarity_matrices_parquet/gtex_v8_data_lung-var_pc_log2-all_ccc_only.parquet
2025-09-12 01:27:20,003 - INFO - Successfully processed gtex_v8_data_lung-var_pc_log2-all.pkl -> gtex_v8_data_lung-var_pc_log2-all_ccc_only.parquet
2025-09-12 01:27:20,003 - INFO - Size reduction: 19.06 GB -> 6.58 GB (65.5% smaller)
2025-09-12 01:27:21,442 - DEBUG - Processing file 38/54: gtex_v8_data_minor_salivary_gland-var_pc_log2-all.pkl
2025-09-12 01:27:21,442 - INFO - Processing file: gtex_v8_data_minor_salivary_gland-var_pc_log2-all.pkl
2025-09-12 01:27:54,922 - DEBUG - Loaded data shape: (1331409003, 3), columns: ['ccc', 'pearson', 'spearman']
2025-09-12 01:27:56,838 - DEBUG - Extracted CCC data shape: (1331409003, 1)
2025-09-12 01:27:56,838 - DEBUG - Saving .parquet file: /mnt/data/proj_data/ccc-gpu/data/gtex/ccc_similarity_matrices_parquet/gtex_v8_data_minor_salivary_gland-var_pc_log2-all_ccc_only.parquet
2025-09-12 01:31:28,578 - INFO - Successfully processed gtex_v8_data_minor_salivary_gland-var_pc_log2-all.pkl -> gtex_v8_data_minor_salivary_gland-var_pc_log2-all_ccc_only.parquet
2025-09-12 01:31:28,578 - INFO - Size reduction: 17.36 GB -> 5.35 GB (69.2% smaller)
2025-09-12 01:31:29,896 - DEBUG - Processing file 39/54: gtex_v8_data_muscle_skeletal-var_pc_log2-all.pkl
2025-09-12 01:31:29,896 - INFO - Processing file: gtex_v8_data_muscle_skeletal-var_pc_log2-all.pkl
2025-09-12 01:32:06,348 - DEBUG - Loaded data shape: (1460025703, 3), columns: ['ccc', 'pearson', 'spearman']
2025-09-12 01:32:08,350 - DEBUG - Extracted CCC data shape: (1460025703, 1)
2025-09-12 01:32:08,350 - DEBUG - Saving .parquet file: /mnt/data/proj_data/ccc-gpu/data/gtex/ccc_similarity_matrices_parquet/gtex_v8_data_muscle_skeletal-var_pc_log2-all_ccc_only.parquet
2025-09-12 01:36:04,226 - INFO - Successfully processed gtex_v8_data_muscle_skeletal-var_pc_log2-all.pkl -> gtex_v8_data_muscle_skeletal-var_pc_log2-all_ccc_only.parquet
2025-09-12 01:36:04,226 - INFO - Size reduction: 19.04 GB -> 6.54 GB (65.7% smaller)
2025-09-12 01:36:05,600 - DEBUG - Processing file 40/54: gtex_v8_data_nerve_tibial-var_pc_log2-all.pkl
2025-09-12 01:36:05,601 - INFO - Processing file: gtex_v8_data_nerve_tibial-var_pc_log2-all.pkl
2025-09-12 01:36:42,425 - DEBUG - Loaded data shape: (1472643585, 3), columns: ['ccc', 'pearson', 'spearman']
2025-09-12 01:36:44,497 - DEBUG - Extracted CCC data shape: (1472643585, 1)
2025-09-12 01:36:44,497 - DEBUG - Saving .parquet file: /mnt/data/proj_data/ccc-gpu/data/gtex/ccc_similarity_matrices_parquet/gtex_v8_data_nerve_tibial-var_pc_log2-all_ccc_only.parquet
2025-09-12 01:40:42,722 - INFO - Successfully processed gtex_v8_data_nerve_tibial-var_pc_log2-all.pkl -> gtex_v8_data_nerve_tibial-var_pc_log2-all_ccc_only.parquet
2025-09-12 01:40:42,722 - INFO - Size reduction: 19.20 GB -> 6.69 GB (65.2% smaller)
2025-09-12 01:40:44,106 - DEBUG - Processing file 41/54: gtex_v8_data_ovary-var_pc_log2-all.pkl
2025-09-12 01:40:44,106 - INFO - Processing file: gtex_v8_data_ovary-var_pc_log2-all.pkl
2025-09-12 01:41:18,148 - DEBUG - Loaded data shape: (1353222276, 3), columns: ['ccc', 'pearson', 'spearman']
2025-09-12 01:41:20,048 - DEBUG - Extracted CCC data shape: (1353222276, 1)
2025-09-12 01:41:20,049 - DEBUG - Saving .parquet file: /mnt/data/proj_data/ccc-gpu/data/gtex/ccc_similarity_matrices_parquet/gtex_v8_data_ovary-var_pc_log2-all_ccc_only.parquet
2025-09-12 01:45:04,730 - INFO - Successfully processed gtex_v8_data_ovary-var_pc_log2-all.pkl -> gtex_v8_data_ovary-var_pc_log2-all_ccc_only.parquet
2025-09-12 01:45:04,730 - INFO - Size reduction: 17.65 GB -> 5.56 GB (68.5% smaller)
2025-09-12 01:45:06,016 - DEBUG - Processing file 42/54: gtex_v8_data_pancreas-var_pc_log2-all.pkl
2025-09-12 01:45:06,016 - INFO - Processing file: gtex_v8_data_pancreas-var_pc_log2-all.pkl
2025-09-12 01:46:30,520 - DEBUG - Loaded data shape: (1369711630, 3), columns: ['ccc', 'pearson', 'spearman']
2025-09-12 01:46:32,480 - DEBUG - Extracted CCC data shape: (1369711630, 1)
2025-09-12 01:46:32,480 - DEBUG - Saving .parquet file: /mnt/data/proj_data/ccc-gpu/data/gtex/ccc_similarity_matrices_parquet/gtex_v8_data_pancreas-var_pc_log2-all_ccc_only.parquet
2025-09-12 01:50:13,619 - INFO - Successfully processed gtex_v8_data_pancreas-var_pc_log2-all.pkl -> gtex_v8_data_pancreas-var_pc_log2-all_ccc_only.parquet
2025-09-12 01:50:13,619 - INFO - Size reduction: 17.86 GB -> 5.68 GB (68.2% smaller)
2025-09-12 01:50:14,880 - DEBUG - Processing file 43/54: gtex_v8_data_pituitary-var_pc_log2-all.pkl
2025-09-12 01:50:14,880 - INFO - Processing file: gtex_v8_data_pituitary-var_pc_log2-all.pkl
2025-09-12 01:50:55,006 - DEBUG - Loaded data shape: (1418660011, 3), columns: ['ccc', 'pearson', 'spearman']
2025-09-12 01:50:57,042 - DEBUG - Extracted CCC data shape: (1418660011, 1)
2025-09-12 01:50:57,042 - DEBUG - Saving .parquet file: /mnt/data/proj_data/ccc-gpu/data/gtex/ccc_similarity_matrices_parquet/gtex_v8_data_pituitary-var_pc_log2-all_ccc_only.parquet
2025-09-12 01:54:43,653 - INFO - Successfully processed gtex_v8_data_pituitary-var_pc_log2-all.pkl -> gtex_v8_data_pituitary-var_pc_log2-all_ccc_only.parquet
2025-09-12 01:54:43,653 - INFO - Size reduction: 18.50 GB -> 6.17 GB (66.6% smaller)
2025-09-12 01:54:44,998 - DEBUG - Processing file 44/54: gtex_v8_data_prostate-var_pc_log2-all.pkl
2025-09-12 01:54:44,998 - INFO - Processing file: gtex_v8_data_prostate-var_pc_log2-all.pkl
2025-09-12 01:55:19,883 - DEBUG - Loaded data shape: (1395161076, 3), columns: ['ccc', 'pearson', 'spearman']
2025-09-12 01:55:21,840 - DEBUG - Extracted CCC data shape: (1395161076, 1)
2025-09-12 01:55:21,840 - DEBUG - Saving .parquet file: /mnt/data/proj_data/ccc-gpu/data/gtex/ccc_similarity_matrices_parquet/gtex_v8_data_prostate-var_pc_log2-all_ccc_only.parquet
2025-09-12 01:59:09,359 - INFO - Successfully processed gtex_v8_data_prostate-var_pc_log2-all.pkl -> gtex_v8_data_prostate-var_pc_log2-all_ccc_only.parquet
2025-09-12 01:59:09,359 - INFO - Size reduction: 18.19 GB -> 5.96 GB (67.2% smaller)
2025-09-12 01:59:10,703 - DEBUG - Processing file 45/54: gtex_v8_data_skin_not_sun_exposed_suprapubic-var_pc_log2-all.pkl
2025-09-12 01:59:10,703 - INFO - Processing file: gtex_v8_data_skin_not_sun_exposed_suprapubic-var_pc_log2-all.pkl
2025-09-12 01:59:51,917 - DEBUG - Loaded data shape: (1458621066, 3), columns: ['ccc', 'pearson', 'spearman']
2025-09-12 01:59:53,937 - DEBUG - Extracted CCC data shape: (1458621066, 1)
2025-09-12 01:59:53,937 - DEBUG - Saving .parquet file: /mnt/data/proj_data/ccc-gpu/data/gtex/ccc_similarity_matrices_parquet/gtex_v8_data_skin_not_sun_exposed_suprapubic-var_pc_log2-all_ccc_only.parquet
2025-09-12 02:03:48,454 - INFO - Successfully processed gtex_v8_data_skin_not_sun_exposed_suprapubic-var_pc_log2-all.pkl -> gtex_v8_data_skin_not_sun_exposed_suprapubic-var_pc_log2-all_ccc_only.parquet
2025-09-12 02:03:48,454 - INFO - Size reduction: 19.02 GB -> 6.55 GB (65.6% smaller)
2025-09-12 02:03:49,884 - DEBUG - Processing file 46/54: gtex_v8_data_skin_sun_exposed_lower_leg-var_pc_log2-all.pkl
2025-09-12 02:03:49,884 - INFO - Processing file: gtex_v8_data_skin_sun_exposed_lower_leg-var_pc_log2-all.pkl
2025-09-12 02:05:18,157 - DEBUG - Loaded data shape: (1473566328, 3), columns: ['ccc', 'pearson', 'spearman']
2025-09-12 02:05:20,326 - DEBUG - Extracted CCC data shape: (1473566328, 1)
2025-09-12 02:05:20,327 - DEBUG - Saving .parquet file: /mnt/data/proj_data/ccc-gpu/data/gtex/ccc_similarity_matrices_parquet/gtex_v8_data_skin_sun_exposed_lower_leg-var_pc_log2-all_ccc_only.parquet
2025-09-12 02:09:19,847 - INFO - Successfully processed gtex_v8_data_skin_sun_exposed_lower_leg-var_pc_log2-all.pkl -> gtex_v8_data_skin_sun_exposed_lower_leg-var_pc_log2-all_ccc_only.parquet
2025-09-12 02:09:19,847 - INFO - Size reduction: 19.21 GB -> 6.69 GB (65.2% smaller)
2025-09-12 02:09:21,270 - DEBUG - Processing file 47/54: gtex_v8_data_small_intestine_terminal_ileum-var_pc_log2-all.pkl
2025-09-12 02:09:21,270 - INFO - Processing file: gtex_v8_data_small_intestine_terminal_ileum-var_pc_log2-all.pkl
2025-09-12 02:09:59,324 - DEBUG - Loaded data shape: (1353014190, 3), columns: ['ccc', 'pearson', 'spearman']
2025-09-12 02:10:01,233 - DEBUG - Extracted CCC data shape: (1353014190, 1)
2025-09-12 02:10:01,233 - DEBUG - Saving .parquet file: /mnt/data/proj_data/ccc-gpu/data/gtex/ccc_similarity_matrices_parquet/gtex_v8_data_small_intestine_terminal_ileum-var_pc_log2-all_ccc_only.parquet
2025-09-12 02:13:38,031 - INFO - Successfully processed gtex_v8_data_small_intestine_terminal_ileum-var_pc_log2-all.pkl -> gtex_v8_data_small_intestine_terminal_ileum-var_pc_log2-all_ccc_only.parquet
2025-09-12 02:13:38,032 - INFO - Size reduction: 17.64 GB -> 5.54 GB (68.6% smaller)
2025-09-12 02:13:39,310 - DEBUG - Processing file 48/54: gtex_v8_data_spleen-var_pc_log2-all.pkl
2025-09-12 02:13:39,310 - INFO - Processing file: gtex_v8_data_spleen-var_pc_log2-all.pkl
2025-09-12 02:14:13,490 - DEBUG - Loaded data shape: (1367095905, 3), columns: ['ccc', 'pearson', 'spearman']
2025-09-12 02:14:15,383 - DEBUG - Extracted CCC data shape: (1367095905, 1)
2025-09-12 02:14:15,383 - DEBUG - Saving .parquet file: /mnt/data/proj_data/ccc-gpu/data/gtex/ccc_similarity_matrices_parquet/gtex_v8_data_spleen-var_pc_log2-all_ccc_only.parquet
2025-09-12 02:17:52,891 - INFO - Successfully processed gtex_v8_data_spleen-var_pc_log2-all.pkl -> gtex_v8_data_spleen-var_pc_log2-all_ccc_only.parquet
2025-09-12 02:17:52,891 - INFO - Size reduction: 17.83 GB -> 5.68 GB (68.1% smaller)
2025-09-12 02:17:54,199 - DEBUG - Processing file 49/54: gtex_v8_data_stomach-var_pc_log2-all.pkl
2025-09-12 02:17:54,199 - INFO - Processing file: gtex_v8_data_stomach-var_pc_log2-all.pkl
2025-09-12 02:18:29,137 - DEBUG - Loaded data shape: (1402248403, 3), columns: ['ccc', 'pearson', 'spearman']
2025-09-12 02:18:31,077 - DEBUG - Extracted CCC data shape: (1402248403, 1)
2025-09-12 02:18:31,077 - DEBUG - Saving .parquet file: /mnt/data/proj_data/ccc-gpu/data/gtex/ccc_similarity_matrices_parquet/gtex_v8_data_stomach-var_pc_log2-all_ccc_only.parquet
2025-09-12 02:23:07,195 - INFO - Successfully processed gtex_v8_data_stomach-var_pc_log2-all.pkl -> gtex_v8_data_stomach-var_pc_log2-all_ccc_only.parquet
2025-09-12 02:23:07,195 - INFO - Size reduction: 18.28 GB -> 5.99 GB (67.2% smaller)
2025-09-12 02:23:08,518 - DEBUG - Processing file 50/54: gtex_v8_data_testis-var_pc_log2-all.pkl
2025-09-12 02:23:08,519 - INFO - Processing file: gtex_v8_data_testis-var_pc_log2-all.pkl
2025-09-12 02:23:47,944 - DEBUG - Loaded data shape: (1502917725, 3), columns: ['ccc', 'pearson', 'spearman']
2025-09-12 02:23:50,000 - DEBUG - Extracted CCC data shape: (1502917725, 1)
2025-09-12 02:23:50,000 - DEBUG - Saving .parquet file: /mnt/data/proj_data/ccc-gpu/data/gtex/ccc_similarity_matrices_parquet/gtex_v8_data_testis-var_pc_log2-all_ccc_only.parquet
2025-09-12 02:27:48,966 - INFO - Successfully processed gtex_v8_data_testis-var_pc_log2-all.pkl -> gtex_v8_data_testis-var_pc_log2-all_ccc_only.parquet
2025-09-12 02:27:48,966 - INFO - Size reduction: 19.60 GB -> 7.02 GB (64.2% smaller)
2025-09-12 02:27:50,385 - DEBUG - Processing file 51/54: gtex_v8_data_thyroid-var_pc_log2-all.pkl
2025-09-12 02:27:50,385 - INFO - Processing file: gtex_v8_data_thyroid-var_pc_log2-all.pkl
2025-09-12 02:28:27,204 - DEBUG - Loaded data shape: (1472317980, 3), columns: ['ccc', 'pearson', 'spearman']
2025-09-12 02:28:29,203 - DEBUG - Extracted CCC data shape: (1472317980, 1)
2025-09-12 02:28:29,204 - DEBUG - Saving .parquet file: /mnt/data/proj_data/ccc-gpu/data/gtex/ccc_similarity_matrices_parquet/gtex_v8_data_thyroid-var_pc_log2-all_ccc_only.parquet
2025-09-12 02:32:22,715 - INFO - Successfully processed gtex_v8_data_thyroid-var_pc_log2-all.pkl -> gtex_v8_data_thyroid-var_pc_log2-all_ccc_only.parquet
2025-09-12 02:32:22,715 - INFO - Size reduction: 19.20 GB -> 6.68 GB (65.2% smaller)
2025-09-12 02:32:24,123 - DEBUG - Processing file 52/54: gtex_v8_data_uterus-var_pc_log2-all.pkl
2025-09-12 02:32:24,123 - INFO - Processing file: gtex_v8_data_uterus-var_pc_log2-all.pkl
2025-09-12 02:32:56,654 - DEBUG - Loaded data shape: (1308289128, 3), columns: ['ccc', 'pearson', 'spearman']
2025-09-12 02:32:58,515 - DEBUG - Extracted CCC data shape: (1308289128, 1)
2025-09-12 02:32:58,515 - DEBUG - Saving .parquet file: /mnt/data/proj_data/ccc-gpu/data/gtex/ccc_similarity_matrices_parquet/gtex_v8_data_uterus-var_pc_log2-all_ccc_only.parquet
2025-09-12 02:36:26,336 - INFO - Successfully processed gtex_v8_data_uterus-var_pc_log2-all.pkl -> gtex_v8_data_uterus-var_pc_log2-all_ccc_only.parquet
2025-09-12 02:36:26,338 - INFO - Size reduction: 17.06 GB -> 5.16 GB (69.8% smaller)
2025-09-12 02:36:27,576 - DEBUG - Processing file 53/54: gtex_v8_data_vagina-var_pc_log2-all.pkl
2025-09-12 02:36:27,576 - INFO - Processing file: gtex_v8_data_vagina-var_pc_log2-all.pkl
2025-09-12 02:37:09,453 - DEBUG - Loaded data shape: (1328623926, 3), columns: ['ccc', 'pearson', 'spearman']
2025-09-12 02:37:11,361 - DEBUG - Extracted CCC data shape: (1328623926, 1)
2025-09-12 02:37:11,361 - DEBUG - Saving .parquet file: /mnt/data/proj_data/ccc-gpu/data/gtex/ccc_similarity_matrices_parquet/gtex_v8_data_vagina-var_pc_log2-all_ccc_only.parquet
2025-09-12 02:40:41,189 - INFO - Successfully processed gtex_v8_data_vagina-var_pc_log2-all.pkl -> gtex_v8_data_vagina-var_pc_log2-all_ccc_only.parquet
2025-09-12 02:40:41,189 - INFO - Size reduction: 17.32 GB -> 5.33 GB (69.2% smaller)
2025-09-12 02:40:42,400 - DEBUG - Processing file 54/54: gtex_v8_data_whole_blood-var_pc_log2-all.pkl
2025-09-12 02:40:42,400 - INFO - Processing file: gtex_v8_data_whole_blood-var_pc_log2-all.pkl
2025-09-12 02:41:17,012 - DEBUG - Loaded data shape: (1420258456, 3), columns: ['ccc', 'pearson', 'spearman']
2025-09-12 02:41:19,005 - DEBUG - Extracted CCC data shape: (1420258456, 1)
2025-09-12 02:41:19,005 - DEBUG - Saving .parquet file: /mnt/data/proj_data/ccc-gpu/data/gtex/ccc_similarity_matrices_parquet/gtex_v8_data_whole_blood-var_pc_log2-all_ccc_only.parquet
2025-09-12 02:46:00,216 - INFO - Successfully processed gtex_v8_data_whole_blood-var_pc_log2-all.pkl -> gtex_v8_data_whole_blood-var_pc_log2-all_ccc_only.parquet
2025-09-12 02:46:00,216 - INFO - Size reduction: 18.52 GB -> 6.12 GB (66.9% smaller)
2025-09-12 02:46:01,553 - INFO - File processing completed in 3:55:57.451227
2025-09-12 02:46:01,553 - INFO - Processing complete! Successfully processed: 54/54 files
2025-09-12 02:46:01,553 - INFO - Total execution time: 3:55:57.451335
2025-09-12 02:46:01,553 - INFO - Output directory: /mnt/data/proj_data/ccc-gpu/data/gtex/ccc_similarity_matrices_parquet
2025-09-12 02:46:01,553 - INFO - Log file: /home/haoyu/_database/projs/ccc-gpu/nbs/03-manuscript/40_prepare_supp_data/logs/process_ccc_data_20250911_225004.log
