2025-06-30 18:34:20 - INFO - Log file created at: logs/20250630_183420/intersections.log
2025-06-30 18:34:20 - INFO - Found 2 available tissues: ['adipose_subcutaneous', 'whole_blood']
2025-06-30 18:34:20 - INFO - After include filtering: 1 tissues: ['whole_blood']
2025-06-30 18:34:20 - INFO - Starting intersection analysis for 1 tissues: ['whole_blood']
2025-06-30 18:34:20 - INFO - 
============================================================
2025-06-30 18:34:20 - INFO - Processing tissue 1/1: whole_blood
2025-06-30 18:34:20 - INFO - ============================================================
2025-06-30 18:34:20 - INFO - Processing file: gtex_v8_data_whole_blood-var_pc_log2-all.pkl
2025-06-30 18:34:20 - INFO - Initial memory usage: 0.28 GB
2025-06-30 18:34:20 - INFO - Calculating quantiles from gtex_v8_data_whole_blood-var_pc_log2-all.pkl...
2025-06-30 18:34:20 - INFO - Memory usage before quantile calculation: 0.28 GB
2025-06-30 18:34:36 - INFO - Using 1000183 samples (every 1420th row) for quantile estimation
2025-06-30 18:34:36 - INFO - ccc: q=0.300 -> 0.000042, q=0.700 -> 0.012062
2025-06-30 18:34:36 - INFO - pearson: q=0.300 -> 0.017166, q=0.700 -> 0.089111
2025-06-30 18:34:36 - INFO - spearman: q=0.300 -> 0.022919, q=0.700 -> 0.091125
2025-06-30 18:34:37 - INFO - Memory usage after quantile calculation: 0.29 GB
2025-06-30 18:34:37 - INFO - Starting chunked intersection counting with chunk size: 10,000,000
2025-06-30 18:34:43 - INFO - Processing 1,420,258,456 rows in 143 chunks
2025-06-30 18:34:43 - INFO - Processing chunk 1/143: rows 0 to 10,000,000
2025-06-30 18:34:43 - INFO - Memory usage: 18.81 GB
2025-06-30 18:36:15 - INFO - Processing chunk 2/143: rows 10,000,000 to 20,000,000
2025-06-30 18:36:15 - INFO - Memory usage: 18.87 GB
2025-06-30 18:37:47 - INFO - Processing chunk 3/143: rows 20,000,000 to 30,000,000
2025-06-30 18:37:47 - INFO - Memory usage: 18.87 GB
2025-06-30 18:39:19 - INFO - Processing chunk 4/143: rows 30,000,000 to 40,000,000
2025-06-30 18:39:19 - INFO - Memory usage: 18.87 GB
2025-06-30 18:40:52 - INFO - Processing chunk 5/143: rows 40,000,000 to 50,000,000
2025-06-30 18:40:52 - INFO - Memory usage: 18.87 GB
2025-06-30 18:42:24 - INFO - Processing chunk 6/143: rows 50,000,000 to 60,000,000
2025-06-30 18:42:24 - INFO - Memory usage: 18.87 GB
2025-06-30 18:43:56 - INFO - Processing chunk 7/143: rows 60,000,000 to 70,000,000
2025-06-30 18:43:56 - INFO - Memory usage: 18.87 GB
2025-06-30 18:45:29 - INFO - Processing chunk 8/143: rows 70,000,000 to 80,000,000
2025-06-30 18:45:29 - INFO - Memory usage: 18.87 GB
2025-06-30 18:47:01 - INFO - Processing chunk 9/143: rows 80,000,000 to 90,000,000
2025-06-30 18:47:01 - INFO - Memory usage: 18.86 GB
2025-06-30 18:48:34 - INFO - Processing chunk 10/143: rows 90,000,000 to 100,000,000
2025-06-30 18:48:34 - INFO - Memory usage: 18.86 GB
2025-06-30 18:50:06 - INFO - Processed 10/143 chunks, found 26 intersection patterns
2025-06-30 18:50:06 - INFO - Processing chunk 11/143: rows 100,000,000 to 110,000,000
2025-06-30 18:50:06 - INFO - Memory usage: 18.86 GB
2025-06-30 18:51:39 - INFO - Processing chunk 12/143: rows 110,000,000 to 120,000,000
2025-06-30 18:51:39 - INFO - Memory usage: 18.87 GB
2025-06-30 18:53:10 - INFO - Processing chunk 13/143: rows 120,000,000 to 130,000,000
2025-06-30 18:53:10 - INFO - Memory usage: 18.87 GB
2025-06-30 18:54:43 - INFO - Processing chunk 14/143: rows 130,000,000 to 140,000,000
2025-06-30 18:54:43 - INFO - Memory usage: 18.87 GB
2025-06-30 18:56:15 - INFO - Processing chunk 15/143: rows 140,000,000 to 150,000,000
2025-06-30 18:56:15 - INFO - Memory usage: 18.86 GB
2025-06-30 18:57:47 - INFO - Processing chunk 16/143: rows 150,000,000 to 160,000,000
2025-06-30 18:57:47 - INFO - Memory usage: 18.86 GB
2025-06-30 18:59:16 - INFO - Processing chunk 17/143: rows 160,000,000 to 170,000,000
2025-06-30 18:59:16 - INFO - Memory usage: 18.86 GB
2025-06-30 19:00:47 - INFO - Processing chunk 18/143: rows 170,000,000 to 180,000,000
2025-06-30 19:00:47 - INFO - Memory usage: 18.87 GB
2025-06-30 19:02:19 - INFO - Processing chunk 19/143: rows 180,000,000 to 190,000,000
2025-06-30 19:02:19 - INFO - Memory usage: 18.87 GB
2025-06-30 19:03:52 - INFO - Processing chunk 20/143: rows 190,000,000 to 200,000,000
2025-06-30 19:03:52 - INFO - Memory usage: 18.87 GB
2025-06-30 19:05:24 - INFO - Processed 20/143 chunks, found 27 intersection patterns
2025-06-30 19:05:24 - INFO - Processing chunk 21/143: rows 200,000,000 to 210,000,000
2025-06-30 19:05:24 - INFO - Memory usage: 18.87 GB
2025-06-30 19:06:56 - INFO - Processing chunk 22/143: rows 210,000,000 to 220,000,000
2025-06-30 19:06:56 - INFO - Memory usage: 18.87 GB
2025-06-30 19:08:28 - INFO - Processing chunk 23/143: rows 220,000,000 to 230,000,000
2025-06-30 19:08:28 - INFO - Memory usage: 18.87 GB
2025-06-30 19:10:01 - INFO - Processing chunk 24/143: rows 230,000,000 to 240,000,000
2025-06-30 19:10:01 - INFO - Memory usage: 18.87 GB
2025-06-30 19:11:33 - INFO - Processing chunk 25/143: rows 240,000,000 to 250,000,000
2025-06-30 19:11:33 - INFO - Memory usage: 18.87 GB
2025-06-30 19:13:05 - INFO - Processing chunk 26/143: rows 250,000,000 to 260,000,000
2025-06-30 19:13:05 - INFO - Memory usage: 18.87 GB
2025-06-30 19:14:37 - INFO - Processing chunk 27/143: rows 260,000,000 to 270,000,000
2025-06-30 19:14:37 - INFO - Memory usage: 18.87 GB
2025-06-30 19:16:09 - INFO - Processing chunk 28/143: rows 270,000,000 to 280,000,000
2025-06-30 19:16:09 - INFO - Memory usage: 18.87 GB
2025-06-30 19:17:42 - INFO - Processing chunk 29/143: rows 280,000,000 to 290,000,000
2025-06-30 19:17:42 - INFO - Memory usage: 18.87 GB
2025-06-30 19:19:13 - INFO - Processing chunk 30/143: rows 290,000,000 to 300,000,000
2025-06-30 19:19:13 - INFO - Memory usage: 18.87 GB
2025-06-30 19:20:46 - INFO - Processed 30/143 chunks, found 27 intersection patterns
2025-06-30 19:20:46 - INFO - Processing chunk 31/143: rows 300,000,000 to 310,000,000
2025-06-30 19:20:46 - INFO - Memory usage: 18.87 GB
2025-06-30 19:22:18 - INFO - Processing chunk 32/143: rows 310,000,000 to 320,000,000
2025-06-30 19:22:18 - INFO - Memory usage: 18.87 GB
2025-06-30 19:23:50 - INFO - Processing chunk 33/143: rows 320,000,000 to 330,000,000
2025-06-30 19:23:50 - INFO - Memory usage: 18.87 GB
2025-06-30 19:25:22 - INFO - Processing chunk 34/143: rows 330,000,000 to 340,000,000
2025-06-30 19:25:22 - INFO - Memory usage: 18.87 GB
2025-06-30 19:26:55 - INFO - Processing chunk 35/143: rows 340,000,000 to 350,000,000
2025-06-30 19:26:55 - INFO - Memory usage: 18.87 GB
2025-06-30 19:28:27 - INFO - Processing chunk 36/143: rows 350,000,000 to 360,000,000
2025-06-30 19:28:27 - INFO - Memory usage: 18.87 GB
2025-06-30 19:30:00 - INFO - Processing chunk 37/143: rows 360,000,000 to 370,000,000
2025-06-30 19:30:00 - INFO - Memory usage: 18.87 GB
2025-06-30 19:31:32 - INFO - Processing chunk 38/143: rows 370,000,000 to 380,000,000
2025-06-30 19:31:32 - INFO - Memory usage: 18.87 GB
2025-06-30 19:33:04 - INFO - Processing chunk 39/143: rows 380,000,000 to 390,000,000
2025-06-30 19:33:04 - INFO - Memory usage: 18.87 GB
2025-06-30 19:34:36 - INFO - Processing chunk 40/143: rows 390,000,000 to 400,000,000
2025-06-30 19:34:36 - INFO - Memory usage: 18.87 GB
2025-06-30 19:36:08 - INFO - Processed 40/143 chunks, found 27 intersection patterns
2025-06-30 19:36:08 - INFO - Processing chunk 41/143: rows 400,000,000 to 410,000,000
2025-06-30 19:36:08 - INFO - Memory usage: 18.87 GB
2025-06-30 19:37:39 - INFO - Processing chunk 42/143: rows 410,000,000 to 420,000,000
2025-06-30 19:37:39 - INFO - Memory usage: 18.87 GB
2025-06-30 19:39:12 - INFO - Processing chunk 43/143: rows 420,000,000 to 430,000,000
2025-06-30 19:39:12 - INFO - Memory usage: 18.87 GB
2025-06-30 19:40:44 - INFO - Processing chunk 44/143: rows 430,000,000 to 440,000,000
2025-06-30 19:40:44 - INFO - Memory usage: 18.87 GB
2025-06-30 19:42:16 - INFO - Processing chunk 45/143: rows 440,000,000 to 450,000,000
2025-06-30 19:42:16 - INFO - Memory usage: 18.87 GB
2025-06-30 19:43:49 - INFO - Processing chunk 46/143: rows 450,000,000 to 460,000,000
2025-06-30 19:43:49 - INFO - Memory usage: 18.87 GB
2025-06-30 19:45:22 - INFO - Processing chunk 47/143: rows 460,000,000 to 470,000,000
2025-06-30 19:45:22 - INFO - Memory usage: 18.87 GB
2025-06-30 19:46:54 - INFO - Processing chunk 48/143: rows 470,000,000 to 480,000,000
2025-06-30 19:46:54 - INFO - Memory usage: 18.87 GB
2025-06-30 19:48:26 - INFO - Processing chunk 49/143: rows 480,000,000 to 490,000,000
2025-06-30 19:48:26 - INFO - Memory usage: 18.87 GB
2025-06-30 19:49:58 - INFO - Processing chunk 50/143: rows 490,000,000 to 500,000,000
2025-06-30 19:49:58 - INFO - Memory usage: 18.87 GB
2025-06-30 19:51:29 - INFO - Processed 50/143 chunks, found 27 intersection patterns
2025-06-30 19:51:29 - INFO - Processing chunk 51/143: rows 500,000,000 to 510,000,000
2025-06-30 19:51:29 - INFO - Memory usage: 18.87 GB
2025-06-30 19:53:02 - INFO - Processing chunk 52/143: rows 510,000,000 to 520,000,000
2025-06-30 19:53:02 - INFO - Memory usage: 18.87 GB
2025-06-30 19:54:34 - INFO - Processing chunk 53/143: rows 520,000,000 to 530,000,000
2025-06-30 19:54:34 - INFO - Memory usage: 18.87 GB
2025-06-30 19:56:05 - INFO - Processing chunk 54/143: rows 530,000,000 to 540,000,000
2025-06-30 19:56:05 - INFO - Memory usage: 18.87 GB
2025-06-30 19:57:37 - INFO - Processing chunk 55/143: rows 540,000,000 to 550,000,000
2025-06-30 19:57:37 - INFO - Memory usage: 18.87 GB
2025-06-30 19:59:09 - INFO - Processing chunk 56/143: rows 550,000,000 to 560,000,000
2025-06-30 19:59:09 - INFO - Memory usage: 18.87 GB
2025-06-30 20:00:42 - INFO - Processing chunk 57/143: rows 560,000,000 to 570,000,000
2025-06-30 20:00:42 - INFO - Memory usage: 18.87 GB
2025-06-30 20:02:13 - INFO - Processing chunk 58/143: rows 570,000,000 to 580,000,000
2025-06-30 20:02:13 - INFO - Memory usage: 18.87 GB
2025-06-30 20:03:46 - INFO - Processing chunk 59/143: rows 580,000,000 to 590,000,000
2025-06-30 20:03:46 - INFO - Memory usage: 18.87 GB
2025-06-30 20:05:18 - INFO - Processing chunk 60/143: rows 590,000,000 to 600,000,000
2025-06-30 20:05:18 - INFO - Memory usage: 18.87 GB
2025-06-30 20:06:50 - INFO - Processed 60/143 chunks, found 27 intersection patterns
2025-06-30 20:06:50 - INFO - Processing chunk 61/143: rows 600,000,000 to 610,000,000
2025-06-30 20:06:50 - INFO - Memory usage: 18.87 GB
2025-06-30 20:08:24 - INFO - Processing chunk 62/143: rows 610,000,000 to 620,000,000
2025-06-30 20:08:24 - INFO - Memory usage: 18.87 GB
2025-06-30 20:09:56 - INFO - Processing chunk 63/143: rows 620,000,000 to 630,000,000
2025-06-30 20:09:56 - INFO - Memory usage: 18.87 GB
2025-06-30 20:11:29 - INFO - Processing chunk 64/143: rows 630,000,000 to 640,000,000
2025-06-30 20:11:29 - INFO - Memory usage: 18.87 GB
2025-06-30 20:13:02 - INFO - Processing chunk 65/143: rows 640,000,000 to 650,000,000
2025-06-30 20:13:02 - INFO - Memory usage: 18.87 GB
2025-06-30 20:14:32 - INFO - Processing chunk 66/143: rows 650,000,000 to 660,000,000
2025-06-30 20:14:32 - INFO - Memory usage: 18.87 GB
2025-06-30 20:16:03 - INFO - Processing chunk 67/143: rows 660,000,000 to 670,000,000
2025-06-30 20:16:03 - INFO - Memory usage: 18.87 GB
2025-06-30 20:17:36 - INFO - Processing chunk 68/143: rows 670,000,000 to 680,000,000
2025-06-30 20:17:36 - INFO - Memory usage: 18.87 GB
2025-06-30 20:19:10 - INFO - Processing chunk 69/143: rows 680,000,000 to 690,000,000
2025-06-30 20:19:10 - INFO - Memory usage: 18.87 GB
2025-06-30 20:20:39 - INFO - Processing chunk 70/143: rows 690,000,000 to 700,000,000
2025-06-30 20:20:39 - INFO - Memory usage: 18.87 GB
2025-06-30 20:22:10 - INFO - Processed 70/143 chunks, found 27 intersection patterns
2025-06-30 20:22:10 - INFO - Processing chunk 71/143: rows 700,000,000 to 710,000,000
2025-06-30 20:22:10 - INFO - Memory usage: 18.87 GB
2025-06-30 20:23:43 - INFO - Processing chunk 72/143: rows 710,000,000 to 720,000,000
2025-06-30 20:23:43 - INFO - Memory usage: 18.87 GB
2025-06-30 20:25:15 - INFO - Processing chunk 73/143: rows 720,000,000 to 730,000,000
2025-06-30 20:25:15 - INFO - Memory usage: 18.87 GB
2025-06-30 20:26:47 - INFO - Processing chunk 74/143: rows 730,000,000 to 740,000,000
2025-06-30 20:26:47 - INFO - Memory usage: 18.87 GB
2025-06-30 20:28:19 - INFO - Processing chunk 75/143: rows 740,000,000 to 750,000,000
2025-06-30 20:28:19 - INFO - Memory usage: 18.87 GB
2025-06-30 20:29:52 - INFO - Processing chunk 76/143: rows 750,000,000 to 760,000,000
2025-06-30 20:29:52 - INFO - Memory usage: 18.87 GB
2025-06-30 20:31:23 - INFO - Processing chunk 77/143: rows 760,000,000 to 770,000,000
2025-06-30 20:31:23 - INFO - Memory usage: 18.87 GB
2025-06-30 20:32:56 - INFO - Processing chunk 78/143: rows 770,000,000 to 780,000,000
2025-06-30 20:32:56 - INFO - Memory usage: 18.87 GB
2025-06-30 20:34:28 - INFO - Processing chunk 79/143: rows 780,000,000 to 790,000,000
2025-06-30 20:34:28 - INFO - Memory usage: 18.87 GB
2025-06-30 20:36:00 - INFO - Processing chunk 80/143: rows 790,000,000 to 800,000,000
2025-06-30 20:36:00 - INFO - Memory usage: 18.87 GB
2025-06-30 20:37:32 - INFO - Processed 80/143 chunks, found 27 intersection patterns
2025-06-30 20:37:32 - INFO - Processing chunk 81/143: rows 800,000,000 to 810,000,000
2025-06-30 20:37:32 - INFO - Memory usage: 18.87 GB
2025-06-30 20:39:05 - INFO - Processing chunk 82/143: rows 810,000,000 to 820,000,000
2025-06-30 20:39:05 - INFO - Memory usage: 18.87 GB
2025-06-30 20:40:37 - INFO - Processing chunk 83/143: rows 820,000,000 to 830,000,000
2025-06-30 20:40:37 - INFO - Memory usage: 18.87 GB
2025-06-30 20:42:10 - INFO - Processing chunk 84/143: rows 830,000,000 to 840,000,000
2025-06-30 20:42:10 - INFO - Memory usage: 18.87 GB
2025-06-30 20:43:42 - INFO - Processing chunk 85/143: rows 840,000,000 to 850,000,000
2025-06-30 20:43:42 - INFO - Memory usage: 18.87 GB
2025-06-30 20:45:14 - INFO - Processing chunk 86/143: rows 850,000,000 to 860,000,000
2025-06-30 20:45:14 - INFO - Memory usage: 18.87 GB
2025-06-30 20:46:46 - INFO - Processing chunk 87/143: rows 860,000,000 to 870,000,000
2025-06-30 20:46:46 - INFO - Memory usage: 18.87 GB
2025-06-30 20:48:18 - INFO - Processing chunk 88/143: rows 870,000,000 to 880,000,000
2025-06-30 20:48:18 - INFO - Memory usage: 18.87 GB
2025-06-30 20:49:51 - INFO - Processing chunk 89/143: rows 880,000,000 to 890,000,000
2025-06-30 20:49:51 - INFO - Memory usage: 18.87 GB
2025-06-30 20:51:22 - INFO - Processing chunk 90/143: rows 890,000,000 to 900,000,000
2025-06-30 20:51:22 - INFO - Memory usage: 18.87 GB
2025-06-30 20:52:54 - INFO - Processed 90/143 chunks, found 27 intersection patterns
2025-06-30 20:52:54 - INFO - Processing chunk 91/143: rows 900,000,000 to 910,000,000
2025-06-30 20:52:54 - INFO - Memory usage: 18.87 GB
2025-06-30 20:54:27 - INFO - Processing chunk 92/143: rows 910,000,000 to 920,000,000
2025-06-30 20:54:27 - INFO - Memory usage: 18.87 GB
2025-06-30 20:55:59 - INFO - Processing chunk 93/143: rows 920,000,000 to 930,000,000
2025-06-30 20:55:59 - INFO - Memory usage: 18.87 GB
2025-06-30 20:57:31 - INFO - Processing chunk 94/143: rows 930,000,000 to 940,000,000
2025-06-30 20:57:31 - INFO - Memory usage: 18.87 GB
2025-06-30 20:59:03 - INFO - Processing chunk 95/143: rows 940,000,000 to 950,000,000
2025-06-30 20:59:03 - INFO - Memory usage: 18.87 GB
2025-06-30 21:00:36 - INFO - Processing chunk 96/143: rows 950,000,000 to 960,000,000
2025-06-30 21:00:36 - INFO - Memory usage: 18.87 GB
2025-06-30 21:02:10 - INFO - Processing chunk 97/143: rows 960,000,000 to 970,000,000
2025-06-30 21:02:10 - INFO - Memory usage: 18.87 GB
2025-06-30 21:03:42 - INFO - Processing chunk 98/143: rows 970,000,000 to 980,000,000
2025-06-30 21:03:42 - INFO - Memory usage: 18.87 GB
2025-06-30 21:05:15 - INFO - Processing chunk 99/143: rows 980,000,000 to 990,000,000
2025-06-30 21:05:15 - INFO - Memory usage: 18.87 GB
2025-06-30 21:06:48 - INFO - Processing chunk 100/143: rows 990,000,000 to 1,000,000,000
2025-06-30 21:06:48 - INFO - Memory usage: 18.87 GB
2025-06-30 21:08:21 - INFO - Processed 100/143 chunks, found 27 intersection patterns
2025-06-30 21:08:21 - INFO - Processing chunk 101/143: rows 1,000,000,000 to 1,010,000,000
2025-06-30 21:08:21 - INFO - Memory usage: 18.87 GB
2025-06-30 21:09:55 - INFO - Processing chunk 102/143: rows 1,010,000,000 to 1,020,000,000
2025-06-30 21:09:55 - INFO - Memory usage: 18.87 GB
2025-06-30 21:11:27 - INFO - Processing chunk 103/143: rows 1,020,000,000 to 1,030,000,000
2025-06-30 21:11:27 - INFO - Memory usage: 18.87 GB
2025-06-30 21:13:00 - INFO - Processing chunk 104/143: rows 1,030,000,000 to 1,040,000,000
2025-06-30 21:13:00 - INFO - Memory usage: 18.87 GB
2025-06-30 21:14:33 - INFO - Processing chunk 105/143: rows 1,040,000,000 to 1,050,000,000
2025-06-30 21:14:33 - INFO - Memory usage: 18.87 GB
2025-06-30 21:16:06 - INFO - Processing chunk 106/143: rows 1,050,000,000 to 1,060,000,000
2025-06-30 21:16:06 - INFO - Memory usage: 18.87 GB
2025-06-30 21:17:38 - INFO - Processing chunk 107/143: rows 1,060,000,000 to 1,070,000,000
2025-06-30 21:17:38 - INFO - Memory usage: 18.87 GB
2025-06-30 21:19:10 - INFO - Processing chunk 108/143: rows 1,070,000,000 to 1,080,000,000
2025-06-30 21:19:10 - INFO - Memory usage: 18.87 GB
2025-06-30 21:20:43 - INFO - Processing chunk 109/143: rows 1,080,000,000 to 1,090,000,000
2025-06-30 21:20:43 - INFO - Memory usage: 18.87 GB
2025-06-30 21:22:14 - INFO - Processing chunk 110/143: rows 1,090,000,000 to 1,100,000,000
2025-06-30 21:22:14 - INFO - Memory usage: 18.87 GB
2025-06-30 21:23:46 - INFO - Processed 110/143 chunks, found 27 intersection patterns
2025-06-30 21:23:46 - INFO - Processing chunk 111/143: rows 1,100,000,000 to 1,110,000,000
2025-06-30 21:23:46 - INFO - Memory usage: 18.87 GB
2025-06-30 21:25:18 - INFO - Processing chunk 112/143: rows 1,110,000,000 to 1,120,000,000
2025-06-30 21:25:18 - INFO - Memory usage: 18.87 GB
2025-06-30 21:26:50 - INFO - Processing chunk 113/143: rows 1,120,000,000 to 1,130,000,000
2025-06-30 21:26:50 - INFO - Memory usage: 18.87 GB
2025-06-30 21:28:21 - INFO - Processing chunk 114/143: rows 1,130,000,000 to 1,140,000,000
2025-06-30 21:28:21 - INFO - Memory usage: 18.87 GB
2025-06-30 21:29:52 - INFO - Processing chunk 115/143: rows 1,140,000,000 to 1,150,000,000
2025-06-30 21:29:52 - INFO - Memory usage: 18.87 GB
2025-06-30 21:31:20 - INFO - Processing chunk 116/143: rows 1,150,000,000 to 1,160,000,000
2025-06-30 21:31:20 - INFO - Memory usage: 18.87 GB
2025-06-30 21:32:51 - INFO - Processing chunk 117/143: rows 1,160,000,000 to 1,170,000,000
2025-06-30 21:32:51 - INFO - Memory usage: 18.87 GB
2025-06-30 21:34:23 - INFO - Processing chunk 118/143: rows 1,170,000,000 to 1,180,000,000
2025-06-30 21:34:23 - INFO - Memory usage: 18.87 GB
2025-06-30 21:35:55 - INFO - Processing chunk 119/143: rows 1,180,000,000 to 1,190,000,000
2025-06-30 21:35:55 - INFO - Memory usage: 18.87 GB
2025-06-30 21:37:27 - INFO - Processing chunk 120/143: rows 1,190,000,000 to 1,200,000,000
2025-06-30 21:37:27 - INFO - Memory usage: 18.87 GB
2025-06-30 21:38:58 - INFO - Processed 120/143 chunks, found 27 intersection patterns
2025-06-30 21:38:58 - INFO - Processing chunk 121/143: rows 1,200,000,000 to 1,210,000,000
2025-06-30 21:38:58 - INFO - Memory usage: 18.87 GB
2025-06-30 21:40:30 - INFO - Processing chunk 122/143: rows 1,210,000,000 to 1,220,000,000
2025-06-30 21:40:30 - INFO - Memory usage: 18.87 GB
2025-06-30 21:42:03 - INFO - Processing chunk 123/143: rows 1,220,000,000 to 1,230,000,000
2025-06-30 21:42:03 - INFO - Memory usage: 18.87 GB
2025-06-30 21:43:35 - INFO - Processing chunk 124/143: rows 1,230,000,000 to 1,240,000,000
2025-06-30 21:43:35 - INFO - Memory usage: 18.87 GB
2025-06-30 21:45:07 - INFO - Processing chunk 125/143: rows 1,240,000,000 to 1,250,000,000
2025-06-30 21:45:07 - INFO - Memory usage: 18.87 GB
2025-06-30 21:46:39 - INFO - Processing chunk 126/143: rows 1,250,000,000 to 1,260,000,000
2025-06-30 21:46:39 - INFO - Memory usage: 18.87 GB
2025-06-30 21:48:10 - INFO - Processing chunk 127/143: rows 1,260,000,000 to 1,270,000,000
2025-06-30 21:48:10 - INFO - Memory usage: 18.87 GB
2025-06-30 21:49:43 - INFO - Processing chunk 128/143: rows 1,270,000,000 to 1,280,000,000
2025-06-30 21:49:43 - INFO - Memory usage: 18.87 GB
2025-06-30 21:51:16 - INFO - Processing chunk 129/143: rows 1,280,000,000 to 1,290,000,000
2025-06-30 21:51:16 - INFO - Memory usage: 18.87 GB
2025-06-30 21:52:47 - INFO - Processing chunk 130/143: rows 1,290,000,000 to 1,300,000,000
2025-06-30 21:52:47 - INFO - Memory usage: 18.87 GB
2025-06-30 21:54:20 - INFO - Processed 130/143 chunks, found 27 intersection patterns
2025-06-30 21:54:20 - INFO - Processing chunk 131/143: rows 1,300,000,000 to 1,310,000,000
2025-06-30 21:54:20 - INFO - Memory usage: 18.87 GB
2025-06-30 21:55:52 - INFO - Processing chunk 132/143: rows 1,310,000,000 to 1,320,000,000
2025-06-30 21:55:52 - INFO - Memory usage: 18.87 GB
2025-06-30 21:57:24 - INFO - Processing chunk 133/143: rows 1,320,000,000 to 1,330,000,000
2025-06-30 21:57:24 - INFO - Memory usage: 18.87 GB
2025-06-30 21:58:56 - INFO - Processing chunk 134/143: rows 1,330,000,000 to 1,340,000,000
2025-06-30 21:58:56 - INFO - Memory usage: 18.87 GB
2025-06-30 22:00:28 - INFO - Processing chunk 135/143: rows 1,340,000,000 to 1,350,000,000
2025-06-30 22:00:28 - INFO - Memory usage: 18.87 GB
2025-06-30 22:02:00 - INFO - Processing chunk 136/143: rows 1,350,000,000 to 1,360,000,000
2025-06-30 22:02:00 - INFO - Memory usage: 18.87 GB
2025-06-30 22:03:32 - INFO - Processing chunk 137/143: rows 1,360,000,000 to 1,370,000,000
2025-06-30 22:03:32 - INFO - Memory usage: 18.87 GB
2025-06-30 22:05:04 - INFO - Processing chunk 138/143: rows 1,370,000,000 to 1,380,000,000
2025-06-30 22:05:04 - INFO - Memory usage: 18.87 GB
2025-06-30 22:06:36 - INFO - Processing chunk 139/143: rows 1,380,000,000 to 1,390,000,000
2025-06-30 22:06:36 - INFO - Memory usage: 18.87 GB
2025-06-30 22:08:08 - INFO - Processing chunk 140/143: rows 1,390,000,000 to 1,400,000,000
2025-06-30 22:08:08 - INFO - Memory usage: 18.87 GB
2025-06-30 22:09:41 - INFO - Processed 140/143 chunks, found 27 intersection patterns
2025-06-30 22:09:41 - INFO - Processing chunk 141/143: rows 1,400,000,000 to 1,410,000,000
2025-06-30 22:09:41 - INFO - Memory usage: 18.87 GB
2025-06-30 22:11:13 - INFO - Processing chunk 142/143: rows 1,410,000,000 to 1,420,000,000
2025-06-30 22:11:13 - INFO - Memory usage: 18.87 GB
2025-06-30 22:12:46 - INFO - Processing chunk 143/143: rows 1,420,000,000 to 1,420,258,456
2025-06-30 22:12:46 - INFO - Memory usage: 18.87 GB
2025-06-30 22:12:50 - INFO - Completed intersection counting. Found 27 unique intersection patterns
2025-06-30 22:12:50 - INFO - Final memory usage: 0.30 GB
2025-06-30 22:12:50 - INFO - Created UpSet data with 27 intersection patterns
2025-06-30 22:12:50 - INFO - Saved intersection data to: /mnt/data/proj_data/ccc-gpu/results/gene_pair_intersections-gtex_v8-whole_blood-var_pc_log2.pkl
2025-06-30 22:12:50 - INFO - Generating UpSet plots (full) for whole_blood...
2025-06-30 22:12:50 - INFO - Memory usage before plotting: 0.30 GB
2025-06-30 22:12:50 - INFO - Generating full UpSet plot for whole_blood...
2025-06-30 22:12:50 - INFO - Creating full UpSet plot with 27 intersections
2025-06-30 22:12:50 - INFO - Saved full intersection plot to: /mnt/data/proj_data/ccc-gpu/figures/coefs_comp/gtex_whole_blood/upsetplot-whole_blood-full.svg
2025-06-30 22:12:51 - INFO - Saved full intersection plot copy to: logs/20250630_183420/intersection_plot-whole_blood-full.svg
2025-06-30 22:12:51 - INFO - ✅ Completed analysis for whole_blood
2025-06-30 22:12:51 - INFO - 
🎉 Done! Processed 1 tissues with full intersection plots.
