Output directory: /mnt/data/proj_data/ccc-gpu/metadata_correlation/nperm=100000/RASSF2_CYTIP
Summary log file: /mnt/data/proj_data/ccc-gpu/metadata_correlation/nperm=100000/RASSF2_CYTIP/_RASSF2_CYTIP_summary_execution.log
Summary tables file: /mnt/data/proj_data/ccc-gpu/metadata_correlation/nperm=100000/RASSF2_CYTIP/_RASSF2_CYTIP_summary_tables.log
Gene symbols to analyze: RASSF2, CYTIP
Found 2 expression files to process:
  whole_blood: gtex_v8_data_whole_blood-var_pc_log2.pkl
  liver: gtex_v8_data_liver-var_pc_log2.pkl
Loading metadata and gene mapping files...
Loaded metadata: (22951, 262)
Loaded gene mapping: (56200, 2)

====================================================================================================
PROCESSING GENE 1/2: RASSF2
====================================================================================================

[1/2] Starting processing for RASSF2 in whole_blood...

============================================================
Processing tissue: whole_blood
File: gtex_v8_data_whole_blood-var_pc_log2.pkl
Log file: /mnt/data/proj_data/ccc-gpu/metadata_correlation/nperm=100000/RASSF2_CYTIP/RASSF2_whole_blood.log
============================================================
Loading expression data...
Expression data shape: (56200, 755)
Gene ID for RASSF2: ENSG00000101265.15
Number of samples: 755
Common samples: 755
Computing CCC between RASSF2 expression and all metadata columns...
Using 100000 permutations and 24 jobs
Processing 262 metadata columns...
Processing column 1/262: SUBJID
  CCC: 0.000000, p-value: 1.00e+00
Processing column 2/262: COHORT
  CCC: 0.553714, p-value: 1.00e-05
Processing column 3/262: SEX
  CCC: 0.007134, p-value: 1.23e-02
Processing column 4/262: AGE
  CCC: 0.100699, p-value: 1.00e-05
Processing column 5/262: RACE
  CCC: 0.011143, p-value: 1.00e-05
Processing column 6/262: ETHNCTY
  CCC: 0.195811, p-value: 1.00e-05
Processing column 7/262: HGHT
  CCC: 0.019109, p-value: 1.50e-04
Processing column 8/262: HGHTU
  Skipping HGHTU: only 1 unique value(s)
Processing column 9/262: WGHT
  CCC: 0.024164, p-value: 1.00e-05
Processing column 10/262: WGHTU
  Skipping WGHTU: only 1 unique value(s)
Processing column 11/262: BMI
  CCC: 0.005917, p-value: 1.24e-01
Processing column 12/262: INCEXC
  CCC: 0.000135, p-value: 9.96e-02
Processing column 13/262: TRISCH
  CCC: 0.003208, p-value: 1.00e-05
Processing column 14/262: TRISCHD
  CCC: 0.535868, p-value: 1.00e-05
Processing column 15/262: TRCHSTIN
  Error processing TRCHSTIN: '<' not supported between instances of 'float' and 'str'
Processing column 16/262: TRCHSTIND
  CCC: 0.535868, p-value: 1.00e-05
Processing column 17/262: TRCCLMP
  Error processing TRCCLMP: '<' not supported between instances of 'float' and 'str'
Processing column 18/262: TRCCLMPD
  CCC: 0.490252, p-value: 1.00e-05
Processing column 19/262: TRORGNS
  Error processing TRORGNS: '<' not supported between instances of 'float' and 'str'
Processing column 20/262: TRAMP
  Error processing TRAMP: '<' not supported between instances of 'str' and 'float'
Processing column 21/262: TRCRTMP
  CCC: 0.203103, p-value: 1.00e-05
Processing column 22/262: TRCRTMPU
  Error processing TRCRTMPU: '<' not supported between instances of 'float' and 'str'
Processing column 23/262: TRCRTMPL
  Error processing TRCRTMPL: '<' not supported between instances of 'float' and 'str'
Processing column 24/262: TRTPTREF
  CCC: 0.001587, p-value: 1.46e-03
Processing column 25/262: TRVNTSR
  Skipping TRVNTSR: only 1 unique value(s)
Processing column 26/262: TRDNISCH
  CCC: 0.509012, p-value: 1.00e-05
Processing column 27/262: DTHPRNINT
  Error processing DTHPRNINT: '<' not supported between instances of 'float' and 'str'
Processing column 28/262: DTHTPTREF
  Error processing DTHTPTREF: '<' not supported between instances of 'float' and 'str'
Processing column 29/262: DTHATPSY
  CCC: 0.059133, p-value: 1.00e-05
Processing column 30/262: DTHRFG
  CCC: 0.490255, p-value: 1.00e-05
Processing column 31/262: DTHCERT
  CCC: 0.106079, p-value: 1.00e-05
Processing column 32/262: DTHVNT
  CCC: 0.443140, p-value: 1.00e-05
Processing column 33/262: DTHFUCOD
  Error processing DTHFUCOD: '<' not supported between instances of 'float' and 'str'
Processing column 34/262: DTHHRDY
  CCC: 0.464582, p-value: 1.00e-05
Processing column 35/262: DTHCOD
  Error processing DTHCOD: '<' not supported between instances of 'float' and 'str'
Processing column 36/262: DTHFUCODDU
  Skipping DTHFUCODDU: only 1 unique value(s)
Processing column 37/262: DTHFUCODD
  CCC: 0.170768, p-value: 1.00e-05
Processing column 38/262: DTHCODDU
  Skipping DTHCODDU: only 1 unique value(s)
Processing column 39/262: DTHCODD
  CCC: 0.167829, p-value: 1.00e-05
Processing column 40/262: DTHLUCODDU
  Skipping DTHLUCODDU: only 1 unique value(s)
Processing column 41/262: DTHLUCODD
  CCC: 0.052359, p-value: 1.00e-05
Processing column 42/262: DTHLUCOD
  Error processing DTHLUCOD: '<' not supported between instances of 'float' and 'str'
Processing column 43/262: DTHMNNR
  Error processing DTHMNNR: '<' not supported between instances of 'float' and 'str'
Processing column 44/262: DTHRFGDU
  Skipping DTHRFGDU: only 1 unique value(s)
Processing column 45/262: DTHRFGD
  CCC: 0.021034, p-value: 4.00e-05
Processing column 46/262: DTHDTRMN
  Error processing DTHDTRMN: '<' not supported between instances of 'str' and 'float'
Processing column 47/262: DTHPLCE
  Error processing DTHPLCE: '<' not supported between instances of 'float' and 'str'
Processing column 48/262: DTHVNTDU
  Skipping DTHVNTDU: only 1 unique value(s)
Processing column 49/262: DTHVNTD
  CCC: 0.418721, p-value: 1.00e-05
Processing column 50/262: DTHWTNS
  CCC: 0.002250, p-value: 1.80e-04
Processing column 51/262: DTHCLS
  Skipping DTHCLS: all values are NaN
Processing column 52/262: DTHTYP
  Skipping DTHTYP: all values are NaN
Processing column 53/262: DTHCAT
  Skipping DTHCAT: all values are NaN
Processing column 54/262: DTHICD10
  Skipping DTHICD10: all values are NaN
Processing column 55/262: LBCMVTAB
  CCC: 0.505233, p-value: 1.00e-05
Processing column 56/262: LBEBVGAB
  CCC: 0.497715, p-value: 1.00e-05
Processing column 57/262: LBEBVMAB
  CCC: 0.497715, p-value: 1.00e-05
Processing column 58/262: LBHBCABM
  CCC: 0.091879, p-value: 1.00e-05
Processing column 59/262: LBHBCABT
  CCC: 0.006129, p-value: 6.00e-05
Processing column 60/262: LBHBSAB
  CCC: 0.011724, p-value: 1.00e-05
Processing column 61/262: LBHBSAG
  CCC: 0.001030, p-value: 3.43e-02
Processing column 62/262: LBHCV1NT
  CCC: 0.004123, p-value: 1.42e-03
Processing column 63/262: LBHBHCVAB
  CCC: 0.003896, p-value: 2.30e-04
Processing column 64/262: LBHIV1NT
  CCC: 0.002826, p-value: 6.64e-03
Processing column 65/262: LBHIVAB
  CCC: 0.003168, p-value: 1.47e-01
Processing column 66/262: LBHIVO
  CCC: 0.000326, p-value: 3.48e-01
Processing column 67/262: LBPRRVDRL
  CCC: 0.099360, p-value: 1.00e-05
Processing column 68/262: LBRPR
  CCC: 0.002122, p-value: 4.19e-03
Processing column 69/262: MHABNWBC
  CCC: 0.270010, p-value: 1.00e-05
Processing column 70/262: MHALS
  CCC: 0.000022, p-value: 6.62e-01
Processing column 71/262: MHALZDMT
  CCC: 0.000292, p-value: 7.22e-02
Processing column 72/262: MHALZHMR
  CCC: 0.000001, p-value: 8.28e-01
Processing column 73/262: MHARTHTS
  CCC: 0.000254, p-value: 5.78e-01
Processing column 74/262: MHASCITES
  CCC: 0.000731, p-value: 4.69e-02
Processing column 75/262: MHASTHMA
  CCC: 0.000349, p-value: 5.46e-01
Processing column 76/262: MHBCTINF
  CCC: 0.000217, p-value: 5.02e-01
Processing column 77/262: MHBLDDND
  CCC: 0.000059, p-value: 7.19e-01
Processing column 78/262: MHBLDDNDR
  Error processing MHBLDDNDR: '<' not supported between instances of 'float' and 'str'
Processing column 79/262: MHBLDOCNT
  CCC: 0.000141, p-value: 1.49e-01
Processing column 80/262: MHBRNPH
  CCC: 0.349664, p-value: 1.00e-05
Processing column 81/262: MHBRNWGHT
  CCC: 0.349664, p-value: 1.00e-05
Processing column 82/262: MHCANCER5
  CCC: 0.000082, p-value: 5.71e-01
Processing column 83/262: MHCANCERC
  CCC: 0.000027, p-value: 7.02e-01
Processing column 84/262: MHCANCERNM
  CCC: 0.001802, p-value: 1.72e-02
Processing column 85/262: MHCLLULTS
  CCC: 0.000044, p-value: 6.10e-01
Processing column 86/262: MHCLRD
  CCC: 0.000038, p-value: 7.14e-01
Processing column 87/262: MHCOCAINE5
  CCC: 0.004175, p-value: 7.40e-04
Processing column 88/262: MHCOPD
  CCC: 0.005287, p-value: 8.98e-03
Processing column 89/262: MHCOUGHU
  CCC: 0.000000, p-value: 1.00e+00
Processing column 90/262: MHCVD
  CCC: 0.000435, p-value: 4.42e-01
Processing column 91/262: MHDLYSIS
  CCC: 0.000838, p-value: 5.49e-02
Processing column 92/262: MHDMNTIA
  CCC: 0.000251, p-value: 8.03e-02
Processing column 93/262: MHDPRSSN
  CCC: 0.003373, p-value: 6.54e-03
Processing column 94/262: MHDRNKSTS
  Error processing MHDRNKSTS: '<' not supported between instances of 'float' and 'str'
Processing column 95/262: MHDRNKTP
  Error processing MHDRNKTP: '<' not supported between instances of 'float' and 'str'
Processing column 96/262: MHDRNKNMB
  CCC: 0.006303, p-value: 8.52e-02
Processing column 97/262: MHDRNKPRD
  Error processing MHDRNKPRD: '<' not supported between instances of 'float' and 'str'
Processing column 98/262: MHDRNKYRS
  CCC: 0.023703, p-value: 3.00e-05
Processing column 99/262: MHDRNKCMT
  Error processing MHDRNKCMT: '<' not supported between instances of 'float' and 'str'
Processing column 100/262: MHDTND72H
  CCC: 0.000349, p-value: 1.28e-01
Processing column 101/262: MHENCEPHA
  CCC: 0.000169, p-value: 3.20e-02
Processing column 102/262: MHEURO5
  CCC: 0.000030, p-value: 6.94e-01
Processing column 103/262: MHFLU
  CCC: 0.000052, p-value: 2.71e-01
Processing column 104/262: MHFNGINF
  CCC: 0.000048, p-value: 4.19e-01
Processing column 105/262: MHFVRU
  CCC: 0.000098, p-value: 2.91e-01
Processing column 106/262: MHGENCMT
  Error processing MHGENCMT: '<' not supported between instances of 'float' and 'str'
Processing column 107/262: MHGNRR12M
  CCC: 0.000039, p-value: 4.47e-01
Processing column 108/262: MHHEPBCT
  CCC: 0.000019, p-value: 6.94e-01
Processing column 109/262: MHHEPCCT
  CCC: 0.000092, p-value: 4.06e-01
Processing column 110/262: MHHEROIN
  CCC: 0.000777, p-value: 1.75e-02
Processing column 111/262: MHHGH
  CCC: 0.000232, p-value: 4.42e-02
Processing column 112/262: MHHIVCT
  CCC: 0.000072, p-value: 3.01e-01
Processing column 113/262: MHHIVNT
  CCC: 0.000092, p-value: 1.73e-01
Processing column 114/262: MHHMPHLIA
  CCC: 0.000232, p-value: 4.46e-02
Processing column 115/262: MHHMPHLIAB
  CCC: 0.000219, p-value: 7.69e-02
Processing column 116/262: MHHRTATT
  CCC: 0.023312, p-value: 1.00e-05
Processing column 117/262: MHHRTDIS
  CCC: 0.014988, p-value: 1.00e-05
Processing column 118/262: MHHRTDISB
  CCC: 0.000350, p-value: 1.26e-01
Processing column 119/262: MHHTN
  CCC: 0.022731, p-value: 5.00e-05
Processing column 120/262: MHINFLNE
  CCC: 0.000012, p-value: 6.67e-01
Processing column 121/262: MHIVDRG5
  CCC: 0.000429, p-value: 1.19e-02
Processing column 122/262: MHJAKOB
  CCC: 0.000092, p-value: 1.72e-01
Processing column 123/262: MHLAPTHU
  CCC: 0.000092, p-value: 1.73e-01
Processing column 124/262: MHLUPUS
  CCC: 0.000416, p-value: 2.30e-02
Processing column 125/262: MHLVRDIS
  CCC: 0.002085, p-value: 7.91e-03
Processing column 126/262: MHMENINA
  CCC: 0.000169, p-value: 3.22e-02
Processing column 127/262: MHMS
  CCC: 0.000213, p-value: 9.97e-02
Processing column 128/262: MHMSXWMA
  CCC: 0.000128, p-value: 2.28e-01
Processing column 129/262: MHMSXWMB
  CCC: 0.000297, p-value: 6.89e-02
Processing column 130/262: MHNEPH
  CCC: 0.000074, p-value: 3.18e-01
Processing column 131/262: MHNGHTSWT
  CCC: 0.000128, p-value: 2.28e-01
Processing column 132/262: MHNPHYS4W
  CCC: 0.000176, p-value: 2.22e-01
Processing column 133/262: MHNRTHEUR
  CCC: 0.000602, p-value: 4.76e-02
Processing column 134/262: MHOPNWND
  CCC: 0.001444, p-value: 1.04e-02
Processing column 135/262: MHOPPINF
  CCC: 0.000155, p-value: 8.63e-02
Processing column 136/262: MHORGNTP
  CCC: 0.002620, p-value: 3.68e-03
Processing column 137/262: MHOSTMYLTS
  CCC: 0.000059, p-value: 4.40e-01
Processing column 138/262: MHPLLABS
  CCC: 0.004606, p-value: 7.00e-05
Processing column 139/262: MHPNMIAB
  CCC: 0.000885, p-value: 1.30e-01
Processing column 140/262: MHPNMNIA
  CCC: 0.002668, p-value: 9.13e-03
Processing column 141/262: MHPRCNP
  CCC: 0.000816, p-value: 3.67e-03
Processing column 142/262: MHPRKNSN
  CCC: 0.000014, p-value: 3.89e-01
Processing column 143/262: MHPSBLDCLT
  CCC: 0.000349, p-value: 1.29e-01
Processing column 144/262: MHRA
  CCC: 0.000002, p-value: 8.25e-01
Processing column 145/262: MHRBSANML
  CCC: 0.000013, p-value: 7.42e-01
Processing column 146/262: MHREYES
  CCC: 0.000092, p-value: 1.72e-01
Processing column 147/262: MHRNLFLR
  CCC: 0.007326, p-value: 1.70e-04
Processing column 148/262: MHSARS
  CCC: 0.000029, p-value: 5.72e-01
Processing column 149/262: MHSCHZ
  CCC: 0.000104, p-value: 4.89e-01
Processing column 150/262: MHSCLRDRM
  CCC: 0.000002, p-value: 8.07e-01
Processing column 151/262: MHSDRGABS
  CCC: 0.000549, p-value: 6.22e-03
Processing column 152/262: MHSEPSIS
  CCC: 0.000061, p-value: 6.23e-01
Processing column 153/262: MHSKNSPT
  CCC: 0.000232, p-value: 4.44e-02
Processing column 154/262: MHSMKSTS
  Error processing MHSMKSTS: '<' not supported between instances of 'float' and 'str'
Processing column 155/262: MHSMKTP
  Error processing MHSMKTP: '<' not supported between instances of 'float' and 'str'
Processing column 156/262: MHSMKNMB
  CCC: 0.006048, p-value: 8.93e-02
Processing column 157/262: MHSMKPRD
  Error processing MHSMKPRD: '<' not supported between instances of 'float' and 'str'
Processing column 158/262: MHSMKYRS
  CCC: 0.012460, p-value: 2.10e-03
Processing column 159/262: MHSMKCMT
  Error processing MHSMKCMT: '<' not supported between instances of 'float' and 'str'
Processing column 160/262: MHSMLPXCT
  CCC: 0.000324, p-value: 2.31e-02
Processing column 161/262: MHSMLPXVC
  CCC: 0.000078, p-value: 2.91e-01
Processing column 162/262: MHSRC
  CCC: 0.066982, p-value: 1.00e-05
Processing column 163/262: MHSRCDSS
  CCC: 0.000015, p-value: 7.43e-01
Processing column 164/262: MHSRGHM
  CCC: 0.000145, p-value: 3.20e-01
Processing column 165/262: MHSTD
  CCC: 0.000965, p-value: 4.00e-03
Processing column 166/262: MHSTRDLT
  CCC: 0.001171, p-value: 4.15e-02
Processing column 167/262: MHSUBABSA
  CCC: 0.000219, p-value: 7.63e-02
Processing column 168/262: MHSUBABSB
  CCC: 0.001167, p-value: 3.90e-04
Processing column 169/262: MHSXMDA
  CCC: 0.000155, p-value: 8.55e-02
Processing column 170/262: MHSXMDB
  CCC: 0.000429, p-value: 1.18e-02
Processing column 171/262: MHSYPH12M
  CCC: 0.000039, p-value: 4.47e-01
Processing column 172/262: MHSZRSU
  CCC: 0.002452, p-value: 4.00e-04
Processing column 173/262: MHT1D
  CCC: 0.001357, p-value: 2.50e-02
Processing column 174/262: MHT2D
  CCC: 0.005213, p-value: 1.34e-02
Processing column 175/262: MHTBHX
  CCC: 0.000416, p-value: 2.29e-02
Processing column 176/262: MHTEMPU
  CCC: 0.000092, p-value: 1.71e-01
Processing column 177/262: MHTTCMT
  Error processing MHTTCMT: '<' not supported between instances of 'str' and 'float'
Processing column 178/262: MHTTOO12M
  CCC: 0.000803, p-value: 6.64e-03
Processing column 179/262: MHTTOONP
  CCC: 0.000912, p-value: 1.90e-02
Processing column 180/262: MHTXCEXP
  CCC: 0.000697, p-value: 1.07e-01
Processing column 181/262: MHUK8096
  CCC: 0.000178, p-value: 2.31e-01
Processing column 182/262: MHUREMIA
  CCC: 0.000012, p-value: 7.24e-01
Processing column 183/262: MHWKNSSU
  CCC: 0.000160, p-value: 3.99e-01
Processing column 184/262: MHWNVCT
  CCC: 0.000092, p-value: 1.74e-01
Processing column 185/262: MHWNVHX
  CCC: 0.000092, p-value: 1.73e-01
Processing column 186/262: MHWTLSUA
  CCC: 0.000039, p-value: 7.23e-01
Processing column 187/262: MHWTLSUB
  CCC: 0.000324, p-value: 2.29e-02
Processing column 188/262: DTHSEASON
  Error processing DTHSEASON: '<' not supported between instances of 'float' and 'str'
Processing column 189/262: DTHTIME
  Error processing DTHTIME: '<' not supported between instances of 'float' and 'str'
Processing column 190/262: SMATSSCR
  Skipping SMATSSCR: all values are NaN
Processing column 191/262: SMCAT
  Skipping SMCAT: only 1 unique value(s)
Processing column 192/262: SMCENTER
  CCC: 0.108148, p-value: 1.00e-05
Processing column 193/262: SMMTRLTP
  CCC: 0.000061, p-value: 5.31e-01
Processing column 194/262: SMNOTES
  Skipping SMNOTES: all values are NaN
Processing column 195/262: SMOMTRLTP
  CCC: 0.000065, p-value: 4.85e-01
Processing column 196/262: SMPTHNTS
  Skipping SMPTHNTS: all values are NaN
Processing column 197/262: SMRIN
  CCC: 0.048847, p-value: 1.00e-05
Processing column 198/262: SMSMPSTE
  Skipping SMSMPSTE: all values are NaN
Processing column 199/262: SMSTYP
  Skipping SMSTYP: only 1 unique value(s)
Processing column 200/262: SMTS
  Skipping SMTS: only 1 unique value(s)
Processing column 201/262: SMTSC
  Error processing SMTSC: '<' not supported between instances of 'float' and 'str'
Processing column 202/262: SMTSD
  Skipping SMTSD: only 1 unique value(s)
Processing column 203/262: SMUBRID
  Skipping SMUBRID: only 1 unique value(s)
Processing column 204/262: SMUBRTRM
  Skipping SMUBRTRM: only 1 unique value(s)
Processing column 205/262: SMTSISCH
  CCC: 0.528125, p-value: 1.00e-05
Processing column 206/262: SMTSPAX
  Skipping SMTSPAX: all values are NaN
Processing column 207/262: SMNABTCH
  CCC: 0.000884, p-value: 1.67e-01
Processing column 208/262: SMNABTCHT
  Skipping SMNABTCHT: only 1 unique value(s)
Processing column 209/262: SMNABTCHD
  CCC: 0.000900, p-value: 1.63e-01
Processing column 210/262: SMGEBTCH
  CCC: 0.003663, p-value: 3.55e-03
Processing column 211/262: SMGEBTCHD
  CCC: 0.005827, p-value: 3.00e-04
Processing column 212/262: SMGEBTCHT
  Skipping SMGEBTCHT: only 1 unique value(s)
Processing column 213/262: ANALYTE_TYPE
  Skipping ANALYTE_TYPE: only 1 unique value(s)
Processing column 214/262: SMTORMVE
  Skipping SMTORMVE: all values are NaN
Processing column 215/262: SMFLGRMRK
  Skipping SMFLGRMRK: all values are NaN
Processing column 216/262: SMAFRZE
  Skipping SMAFRZE: only 1 unique value(s)
Processing column 217/262: SMGTC
  Skipping SMGTC: all values are NaN
Processing column 218/262: SME2MPRT
  CCC: 0.172974, p-value: 1.00e-05
Processing column 219/262: SMCHMPRS
  CCC: 0.143365, p-value: 1.00e-05
Processing column 220/262: SMNTRART
  CCC: 0.243071, p-value: 1.00e-05
Processing column 221/262: SMNUMGPS
  Skipping SMNUMGPS: all values are NaN
Processing column 222/262: SMMAPRT
  CCC: 0.168576, p-value: 1.00e-05
Processing column 223/262: SMEXNCRT
  CCC: 0.040140, p-value: 1.00e-05
Processing column 224/262: SM550NRM
  Skipping SM550NRM: all values are NaN
Processing column 225/262: SMGNSDTC
  CCC: 0.043013, p-value: 1.00e-05
Processing column 226/262: SMUNMPRT
  Skipping SMUNMPRT: only 1 unique value(s)
Processing column 227/262: SM350NRM
  Skipping SM350NRM: all values are NaN
Processing column 228/262: SMRDLGTH
  CCC: 0.000028, p-value: 1.69e-01
Processing column 229/262: SMMNCPB
  Skipping SMMNCPB: all values are NaN
Processing column 230/262: SME1MMRT
  CCC: 0.018125, p-value: 1.40e-04
Processing column 231/262: SMSFLGTH
  CCC: 0.047258, p-value: 1.00e-05
Processing column 232/262: SMESTLBS
  Skipping SMESTLBS: only 1 unique value(s)
Processing column 233/262: SMMPPD
  CCC: 0.007761, p-value: 3.49e-02
Processing column 234/262: SMNTERRT
  CCC: 0.250997, p-value: 1.00e-05
Processing column 235/262: SMRRNANM
  CCC: 0.036631, p-value: 1.00e-05
Processing column 236/262: SMRDTTL
  CCC: 0.010388, p-value: 6.41e-03
Processing column 237/262: SMVQCFL
  CCC: 0.001442, p-value: 9.24e-01
Processing column 238/262: SMMNCV
  Skipping SMMNCV: all values are NaN
Processing column 239/262: SMTRSCPT
  CCC: 0.042714, p-value: 1.00e-05
Processing column 240/262: SMMPPDPR
  CCC: 0.007761, p-value: 3.41e-02
Processing column 241/262: SMCGLGTH
  Skipping SMCGLGTH: all values are NaN
Processing column 242/262: SMGAPPCT
  Skipping SMGAPPCT: all values are NaN
Processing column 243/262: SMUNPDRD
  Skipping SMUNPDRD: only 1 unique value(s)
Processing column 244/262: SMNTRNRT
  CCC: 0.202936, p-value: 1.00e-05
Processing column 245/262: SMMPUNRT
  CCC: 0.168576, p-value: 1.00e-05
Processing column 246/262: SMEXPEFF
  CCC: 0.059931, p-value: 1.00e-05
Processing column 247/262: SMMPPDUN
  CCC: 0.007761, p-value: 3.50e-02
Processing column 248/262: SME2MMRT
  CCC: 0.003990, p-value: 4.05e-01
Processing column 249/262: SME2ANTI
  CCC: 0.020742, p-value: 7.00e-05
Processing column 250/262: SMALTALG
  CCC: 0.177009, p-value: 1.00e-05
Processing column 251/262: SME2SNSE
  CCC: 0.019048, p-value: 1.20e-04
Processing column 252/262: SMMFLGTH
  CCC: 0.019296, p-value: 1.10e-04
Processing column 253/262: SME1ANTI
  CCC: 0.021058, p-value: 7.00e-05
Processing column 254/262: SMSPLTRD
  CCC: 0.057786, p-value: 1.00e-05
Processing column 255/262: SMBSMMRT
  CCC: 0.005333, p-value: 1.84e-01
Processing column 256/262: SME1SNSE
  CCC: 0.022008, p-value: 3.00e-05
Processing column 257/262: SME1PCTS
  CCC: 0.032073, p-value: 1.00e-05
Processing column 258/262: SMRRNART
  CCC: 0.048437, p-value: 1.00e-05
Processing column 259/262: SME1MPRT
  CCC: 0.181940, p-value: 1.00e-05
Processing column 260/262: SMNUM5CD
  Skipping SMNUM5CD: all values are NaN
Processing column 261/262: SMDPMPRT
  Skipping SMDPMPRT: only 1 unique value(s)
Processing column 262/262: SME2PCTS
  CCC: 0.029344, p-value: 1.00e-05

Completed processing whole_blood:
  Total metadata columns: 262
  Successful analyses: 192
  Skipped/Failed: 70
Results for RASSF2 in whole_blood saved to: /mnt/data/proj_data/ccc-gpu/metadata_correlation/nperm=100000/RASSF2_CYTIP/RASSF2_whole_blood_correlation_results.pkl
Log file for RASSF2 in whole_blood saved to: /mnt/data/proj_data/ccc-gpu/metadata_correlation/nperm=100000/RASSF2_CYTIP/RASSF2_whole_blood.log
Runtime for RASSF2 in whole_blood: 438.34 seconds (7.31 minutes)

[2/2] Starting processing for RASSF2 in liver...

============================================================
Processing tissue: liver
File: gtex_v8_data_liver-var_pc_log2.pkl
Log file: /mnt/data/proj_data/ccc-gpu/metadata_correlation/nperm=100000/RASSF2_CYTIP/RASSF2_liver.log
============================================================
Loading expression data...
Expression data shape: (56200, 226)
Gene ID for RASSF2: ENSG00000101265.15
Number of samples: 226
Common samples: 226
Computing CCC between RASSF2 expression and all metadata columns...
Using 100000 permutations and 24 jobs
Processing 262 metadata columns...
Processing column 1/262: SUBJID
  CCC: 0.000000, p-value: 1.00e+00
Processing column 2/262: COHORT
  CCC: 0.134760, p-value: 1.00e-05
Processing column 3/262: SEX
  CCC: 0.007733, p-value: 1.84e-01
Processing column 4/262: AGE
  CCC: 0.010957, p-value: 5.68e-01
Processing column 5/262: RACE
  CCC: 0.000689, p-value: 6.59e-01
Processing column 6/262: ETHNCTY
  CCC: 0.023935, p-value: 2.68e-02
Processing column 7/262: HGHT
  CCC: 0.014468, p-value: 3.07e-01
Processing column 8/262: HGHTU
  Skipping HGHTU: only 1 unique value(s)
Processing column 9/262: WGHT
  CCC: 0.015508, p-value: 2.84e-01
Processing column 10/262: WGHTU
  Skipping WGHTU: only 1 unique value(s)
Processing column 11/262: BMI
  CCC: 0.016502, p-value: 2.43e-01
Processing column 12/262: INCEXC
  CCC: 0.000020, p-value: 1.00e+00
Processing column 13/262: TRISCH
  CCC: 0.003735, p-value: 2.12e-02
Processing column 14/262: TRISCHD
  CCC: 0.154831, p-value: 1.00e-05
Processing column 15/262: TRCHSTIN
  CCC: 0.000121, p-value: 8.37e-01
Processing column 16/262: TRCHSTIND
  CCC: 0.169305, p-value: 1.00e-05
Processing column 17/262: TRCCLMP
  Error processing TRCCLMP: '<' not supported between instances of 'str' and 'float'
Processing column 18/262: TRCCLMPD
  CCC: 0.099055, p-value: 1.00e-05
Processing column 19/262: TRORGNS
  Error processing TRORGNS: '<' not supported between instances of 'str' and 'float'
Processing column 20/262: TRAMP
  Skipping TRAMP: all values are NaN
Processing column 21/262: TRCRTMP
  CCC: 0.052882, p-value: 5.00e-04
Processing column 22/262: TRCRTMPU
  Error processing TRCRTMPU: '<' not supported between instances of 'float' and 'str'
Processing column 23/262: TRCRTMPL
  Error processing TRCRTMPL: '<' not supported between instances of 'float' and 'str'
Processing column 24/262: TRTPTREF
  CCC: 0.007085, p-value: 1.60e-03
Processing column 25/262: TRVNTSR
  Skipping TRVNTSR: only 1 unique value(s)
Processing column 26/262: TRDNISCH
  CCC: 0.140986, p-value: 1.00e-05
Processing column 27/262: DTHPRNINT
  CCC: 0.036132, p-value: 1.00e-05
Processing column 28/262: DTHTPTREF
  CCC: 0.007085, p-value: 1.68e-03
Processing column 29/262: DTHATPSY
  CCC: 0.030654, p-value: 7.47e-03
Processing column 30/262: DTHRFG
  CCC: 0.075317, p-value: 3.00e-05
Processing column 31/262: DTHCERT
  CCC: 0.021352, p-value: 2.69e-02
Processing column 32/262: DTHVNT
  CCC: 0.109239, p-value: 1.00e-05
Processing column 33/262: DTHFUCOD
  CCC: 0.006172, p-value: 2.70e-01
Processing column 34/262: DTHHRDY
  CCC: 0.109176, p-value: 1.00e-05
Processing column 35/262: DTHCOD
  CCC: 0.013612, p-value: 4.91e-02
Processing column 36/262: DTHFUCODDU
  Skipping DTHFUCODDU: only 1 unique value(s)
Processing column 37/262: DTHFUCODD
  CCC: 0.053348, p-value: 3.10e-04
Processing column 38/262: DTHCODDU
  Skipping DTHCODDU: only 1 unique value(s)
Processing column 39/262: DTHCODD
  CCC: 0.065163, p-value: 5.00e-05
Processing column 40/262: DTHLUCODDU
  Skipping DTHLUCODDU: only 1 unique value(s)
Processing column 41/262: DTHLUCODD
  CCC: 0.032074, p-value: 9.42e-03
Processing column 42/262: DTHLUCOD
  Error processing DTHLUCOD: '<' not supported between instances of 'float' and 'str'
Processing column 43/262: DTHMNNR
  Error processing DTHMNNR: '<' not supported between instances of 'str' and 'float'
Processing column 44/262: DTHRFGDU
  Skipping DTHRFGDU: only 1 unique value(s)
Processing column 45/262: DTHRFGD
  CCC: 0.015508, p-value: 2.88e-01
Processing column 46/262: DTHDTRMN
  Error processing DTHDTRMN: '<' not supported between instances of 'float' and 'str'
Processing column 47/262: DTHPLCE
  CCC: 0.088596, p-value: 1.00e-05
Processing column 48/262: DTHVNTDU
  Skipping DTHVNTDU: only 1 unique value(s)
Processing column 49/262: DTHVNTD
  CCC: 0.081201, p-value: 1.00e-05
Processing column 50/262: DTHWTNS
  CCC: 0.007085, p-value: 1.59e-03
Processing column 51/262: DTHCLS
  Skipping DTHCLS: all values are NaN
Processing column 52/262: DTHTYP
  Skipping DTHTYP: all values are NaN
Processing column 53/262: DTHCAT
  Skipping DTHCAT: all values are NaN
Processing column 54/262: DTHICD10
  Skipping DTHICD10: all values are NaN
Processing column 55/262: LBCMVTAB
  CCC: 0.134520, p-value: 1.00e-05
Processing column 56/262: LBEBVGAB
  CCC: 0.118742, p-value: 1.00e-05
Processing column 57/262: LBEBVMAB
  CCC: 0.115501, p-value: 1.00e-05
Processing column 58/262: LBHBCABM
  CCC: 0.013548, p-value: 9.54e-02
Processing column 59/262: LBHBCABT
  CCC: 0.002069, p-value: 1.16e-01
Processing column 60/262: LBHBSAB
  CCC: 0.005385, p-value: 1.99e-02
Processing column 61/262: LBHBSAG
  CCC: 0.000000, p-value: 1.00e+00
Processing column 62/262: LBHCV1NT
  CCC: 0.000434, p-value: 6.75e-01
Processing column 63/262: LBHBHCVAB
  CCC: 0.001927, p-value: 1.77e-01
Processing column 64/262: LBHIV1NT
  CCC: 0.000427, p-value: 6.21e-01
Processing column 65/262: LBHIVAB
  CCC: 0.003559, p-value: 4.33e-01
Processing column 66/262: LBHIVO
  CCC: 0.000271, p-value: 6.13e-01
Processing column 67/262: LBPRRVDRL
  CCC: 0.019945, p-value: 3.12e-02
Processing column 68/262: LBRPR
  CCC: 0.000320, p-value: 5.04e-01
Processing column 69/262: MHABNWBC
  CCC: 0.087403, p-value: 1.00e-05
Processing column 70/262: MHALS
  CCC: 0.000054, p-value: 5.22e-01
Processing column 71/262: MHALZDMT
  CCC: 0.000091, p-value: 6.65e-01
Processing column 72/262: MHALZHMR
  CCC: 0.000064, p-value: 3.27e-01
Processing column 73/262: MHARTHTS
  CCC: 0.000811, p-value: 6.00e-01
Processing column 74/262: MHASCITES
  CCC: 0.001574, p-value: 6.35e-02
Processing column 75/262: MHASTHMA
  CCC: 0.000600, p-value: 6.56e-01
Processing column 76/262: MHBCTINF
  CCC: 0.001297, p-value: 1.10e-01
Processing column 77/262: MHBLDDND
  CCC: 0.000699, p-value: 4.22e-01
Processing column 78/262: MHBLDDNDR
  Error processing MHBLDDNDR: '<' not supported between instances of 'str' and 'float'
Processing column 79/262: MHBLDOCNT
  Skipping MHBLDOCNT: only 1 unique value(s)
Processing column 80/262: MHBRNPH
  CCC: 0.103227, p-value: 1.00e-05
Processing column 81/262: MHBRNWGHT
  CCC: 0.115184, p-value: 1.00e-05
Processing column 82/262: MHCANCER5
  CCC: 0.000717, p-value: 2.91e-01
Processing column 83/262: MHCANCERC
  CCC: 0.001042, p-value: 7.43e-02
Processing column 84/262: MHCANCERNM
  CCC: 0.001206, p-value: 3.58e-01
Processing column 85/262: MHCLLULTS
  CCC: 0.000288, p-value: 5.40e-02
Processing column 86/262: MHCLRD
  CCC: 0.000136, p-value: 6.78e-01
Processing column 87/262: MHCOCAINE5
  CCC: 0.001866, p-value: 2.00e-01
Processing column 88/262: MHCOPD
  CCC: 0.004473, p-value: 2.86e-01
Processing column 89/262: MHCOUGHU
  Skipping MHCOUGHU: only 1 unique value(s)
Processing column 90/262: MHCVD
  CCC: 0.000995, p-value: 4.07e-01
Processing column 91/262: MHDLYSIS
  CCC: 0.000028, p-value: 8.38e-01
Processing column 92/262: MHDMNTIA
  Skipping MHDMNTIA: only 1 unique value(s)
Processing column 93/262: MHDPRSSN
  CCC: 0.001176, p-value: 4.25e-01
Processing column 94/262: MHDRNKSTS
  Error processing MHDRNKSTS: '<' not supported between instances of 'str' and 'float'
Processing column 95/262: MHDRNKTP
  Error processing MHDRNKTP: '<' not supported between instances of 'str' and 'float'
Processing column 96/262: MHDRNKNMB
  CCC: 0.001122, p-value: 9.87e-01
Processing column 97/262: MHDRNKPRD
  Error processing MHDRNKPRD: '<' not supported between instances of 'str' and 'float'
Processing column 98/262: MHDRNKYRS
  CCC: 0.002195, p-value: 9.24e-01
Processing column 99/262: MHDRNKCMT
  Error processing MHDRNKCMT: '<' not supported between instances of 'float' and 'str'
Processing column 100/262: MHDTND72H
  CCC: 0.000028, p-value: 8.38e-01
Processing column 101/262: MHENCEPHA
  Skipping MHENCEPHA: only 1 unique value(s)
Processing column 102/262: MHEURO5
  CCC: 0.000002, p-value: 9.33e-01
Processing column 103/262: MHFLU
  CCC: 0.000157, p-value: 5.54e-01
Processing column 104/262: MHFNGINF
  CCC: 0.000064, p-value: 3.28e-01
Processing column 105/262: MHFVRU
  CCC: 0.001051, p-value: 2.90e-02
Processing column 106/262: MHGENCMT
  Error processing MHGENCMT: '<' not supported between instances of 'float' and 'str'
Processing column 107/262: MHGNRR12M
  Skipping MHGNRR12M: only 1 unique value(s)
Processing column 108/262: MHHEPBCT
  CCC: 0.000064, p-value: 3.31e-01
Processing column 109/262: MHHEPCCT
  CCC: 0.000157, p-value: 5.54e-01
Processing column 110/262: MHHEROIN
  CCC: 0.000000, p-value: 1.00e+00
Processing column 111/262: MHHGH
  Skipping MHHGH: only 1 unique value(s)
Processing column 112/262: MHHIVCT
  Skipping MHHIVCT: only 1 unique value(s)
Processing column 113/262: MHHIVNT
  Skipping MHHIVNT: only 1 unique value(s)
Processing column 114/262: MHHMPHLIA
  Skipping MHHMPHLIA: only 1 unique value(s)
Processing column 115/262: MHHMPHLIAB
  CCC: 0.000064, p-value: 3.28e-01
Processing column 116/262: MHHRTATT
  CCC: 0.000000, p-value: 1.00e+00
Processing column 117/262: MHHRTDIS
  CCC: 0.005059, p-value: 2.38e-01
Processing column 118/262: MHHRTDISB
  CCC: 0.000944, p-value: 1.32e-01
Processing column 119/262: MHHTN
  CCC: 0.009319, p-value: 2.08e-01
Processing column 120/262: MHINFLNE
  CCC: 0.000064, p-value: 3.26e-01
Processing column 121/262: MHIVDRG5
  CCC: 0.000020, p-value: 1.00e+00
Processing column 122/262: MHJAKOB
  Skipping MHJAKOB: only 1 unique value(s)
Processing column 123/262: MHLAPTHU
  Skipping MHLAPTHU: only 1 unique value(s)
Processing column 124/262: MHLUPUS
  CCC: 0.000054, p-value: 5.21e-01
Processing column 125/262: MHLVRDIS
  CCC: 0.000080, p-value: 7.57e-01
Processing column 126/262: MHMENINA
  Skipping MHMENINA: only 1 unique value(s)
Processing column 127/262: MHMS
  CCC: 0.000238, p-value: 2.62e-01
Processing column 128/262: MHMSXWMA
  CCC: 0.000020, p-value: 1.00e+00
Processing column 129/262: MHMSXWMB
  CCC: 0.000020, p-value: 1.00e+00
Processing column 130/262: MHNEPH
  CCC: 0.000053, p-value: 6.42e-01
Processing column 131/262: MHNGHTSWT
  CCC: 0.000238, p-value: 2.61e-01
Processing column 132/262: MHNPHYS4W
  CCC: 0.000040, p-value: 8.45e-01
Processing column 133/262: MHNRTHEUR
  CCC: 0.000448, p-value: 2.29e-01
Processing column 134/262: MHOPNWND
  CCC: 0.003017, p-value: 6.52e-02
Processing column 135/262: MHOPPINF
  Skipping MHOPPINF: only 1 unique value(s)
Processing column 136/262: MHORGNTP
  CCC: 0.000821, p-value: 4.26e-01
Processing column 137/262: MHOSTMYLTS
  Skipping MHOSTMYLTS: only 1 unique value(s)
Processing column 138/262: MHPLLABS
  CCC: 0.001097, p-value: 1.45e-01
Processing column 139/262: MHPNMIAB
  CCC: 0.000133, p-value: 7.66e-01
Processing column 140/262: MHPNMNIA
  CCC: 0.000000, p-value: 1.00e+00
Processing column 141/262: MHPRCNP
  Skipping MHPRCNP: only 1 unique value(s)
Processing column 142/262: MHPRKNSN
  CCC: 0.000040, p-value: 8.46e-01
Processing column 143/262: MHPSBLDCLT
  CCC: 0.000320, p-value: 5.04e-01
Processing column 144/262: MHRA
  CCC: 0.000298, p-value: 5.27e-01
Processing column 145/262: MHRBSANML
  CCC: 0.000064, p-value: 3.28e-01
Processing column 146/262: MHREYES
  Skipping MHREYES: only 1 unique value(s)
Processing column 147/262: MHRNLFLR
  CCC: 0.000000, p-value: 1.00e+00
Processing column 148/262: MHSARS
  Skipping MHSARS: only 1 unique value(s)
Processing column 149/262: MHSCHZ
  CCC: 0.000646, p-value: 4.04e-01
Processing column 150/262: MHSCLRDRM
  Skipping MHSCLRDRM: only 1 unique value(s)
Processing column 151/262: MHSDRGABS
  CCC: 0.000020, p-value: 1.00e+00
Processing column 152/262: MHSEPSIS
  CCC: 0.000000, p-value: 1.00e+00
Processing column 153/262: MHSKNSPT
  Skipping MHSKNSPT: only 1 unique value(s)
Processing column 154/262: MHSMKSTS
  Error processing MHSMKSTS: '<' not supported between instances of 'str' and 'float'
Processing column 155/262: MHSMKTP
  Error processing MHSMKTP: '<' not supported between instances of 'str' and 'float'
Processing column 156/262: MHSMKNMB
  CCC: 0.023968, p-value: 4.90e-02
Processing column 157/262: MHSMKPRD
  Error processing MHSMKPRD: '<' not supported between instances of 'str' and 'float'
Processing column 158/262: MHSMKYRS
  CCC: 0.016297, p-value: 2.43e-01
Processing column 159/262: MHSMKCMT
  Error processing MHSMKCMT: '<' not supported between instances of 'float' and 'str'
Processing column 160/262: MHSMLPXCT
  CCC: 0.000157, p-value: 5.50e-01
Processing column 161/262: MHSMLPXVC
  CCC: 0.000040, p-value: 8.44e-01
Processing column 162/262: MHSRC
  CCC: 0.002076, p-value: 6.69e-01
Processing column 163/262: MHSRCDSS
  CCC: 0.000025, p-value: 8.48e-01
Processing column 164/262: MHSRGHM
  CCC: 0.000247, p-value: 4.21e-01
Processing column 165/262: MHSTD
  CCC: 0.000027, p-value: 8.98e-01
Processing column 166/262: MHSTRDLT
  CCC: 0.000487, p-value: 5.35e-01
Processing column 167/262: MHSUBABSA
  CCC: 0.000020, p-value: 1.00e+00
Processing column 168/262: MHSUBABSB
  CCC: 0.000020, p-value: 1.00e+00
Processing column 169/262: MHSXMDA
  Skipping MHSXMDA: only 1 unique value(s)
Processing column 170/262: MHSXMDB
  CCC: 0.000064, p-value: 3.28e-01
Processing column 171/262: MHSYPH12M
  Skipping MHSYPH12M: only 1 unique value(s)
Processing column 172/262: MHSZRSU
  CCC: 0.000944, p-value: 1.32e-01
Processing column 173/262: MHT1D
  CCC: 0.001927, p-value: 1.71e-01
Processing column 174/262: MHT2D
  CCC: 0.005656, p-value: 1.24e-01
Processing column 175/262: MHTBHX
  CCC: 0.000001, p-value: 9.50e-01
Processing column 176/262: MHTEMPU
  Skipping MHTEMPU: only 1 unique value(s)
Processing column 177/262: MHTTCMT
  Error processing MHTTCMT: '<' not supported between instances of 'float' and 'str'
Processing column 178/262: MHTTOO12M
  CCC: 0.000472, p-value: 2.71e-01
Processing column 179/262: MHTTOONP
  CCC: 0.000097, p-value: 6.07e-01
Processing column 180/262: MHTXCEXP
  CCC: 0.000556, p-value: 4.91e-01
Processing column 181/262: MHUK8096
  CCC: 0.000200, p-value: 3.27e-01
Processing column 182/262: MHUREMIA
  CCC: 0.000000, p-value: 1.00e+00
Processing column 183/262: MHWKNSSU
  CCC: 0.000080, p-value: 7.55e-01
Processing column 184/262: MHWNVCT
  Skipping MHWNVCT: only 1 unique value(s)
Processing column 185/262: MHWNVHX
  Skipping MHWNVHX: only 1 unique value(s)
Processing column 186/262: MHWTLSUA
  CCC: 0.001216, p-value: 1.50e-01
Processing column 187/262: MHWTLSUB
  CCC: 0.000288, p-value: 5.35e-02
Processing column 188/262: DTHSEASON
  CCC: 0.008549, p-value: 3.08e-01
Processing column 189/262: DTHTIME
  CCC: 0.000052, p-value: 8.56e-01
Processing column 190/262: SMATSSCR
  CCC: 0.012425, p-value: 1.26e-02
Processing column 191/262: SMCAT
  Skipping SMCAT: only 1 unique value(s)
Processing column 192/262: SMCENTER
  Error processing SMCENTER: '<' not supported between instances of 'str' and 'float'
Processing column 193/262: SMMTRLTP
  Skipping SMMTRLTP: only 1 unique value(s)
Processing column 194/262: SMNOTES
  Skipping SMNOTES: all values are NaN
Processing column 195/262: SMOMTRLTP
  CCC: 0.000040, p-value: 8.44e-01
Processing column 196/262: SMPTHNTS
  CCC: 0.001377, p-value: 2.88e-01
Processing column 197/262: SMRIN
  CCC: 0.038321, p-value: 3.48e-03
Processing column 198/262: SMSMPSTE
  Skipping SMSMPSTE: only 1 unique value(s)
Processing column 199/262: SMSTYP
  Skipping SMSTYP: only 1 unique value(s)
Processing column 200/262: SMTS
  Skipping SMTS: only 1 unique value(s)
Processing column 201/262: SMTSC
  Error processing SMTSC: '<' not supported between instances of 'str' and 'float'
Processing column 202/262: SMTSD
  Skipping SMTSD: only 1 unique value(s)
Processing column 203/262: SMUBRID
  Skipping SMUBRID: only 1 unique value(s)
Processing column 204/262: SMUBRTRM
  Skipping SMUBRTRM: only 1 unique value(s)
Processing column 205/262: SMTSISCH
  CCC: 0.169305, p-value: 1.00e-05
Processing column 206/262: SMTSPAX
  CCC: 0.011549, p-value: 5.33e-01
Processing column 207/262: SMNABTCH
  CCC: 0.000691, p-value: 7.11e-01
Processing column 208/262: SMNABTCHT
  CCC: 0.000253, p-value: 7.97e-01
Processing column 209/262: SMNABTCHD
  CCC: 0.001167, p-value: 6.50e-01
Processing column 210/262: SMGEBTCH
  Error processing SMGEBTCH: '<' not supported between instances of 'str' and 'float'
Processing column 211/262: SMGEBTCHD
  Error processing SMGEBTCHD: '<' not supported between instances of 'str' and 'float'
Processing column 212/262: SMGEBTCHT
  Skipping SMGEBTCHT: only 1 unique value(s)
Processing column 213/262: ANALYTE_TYPE
  Skipping ANALYTE_TYPE: only 1 unique value(s)
Processing column 214/262: SMTORMVE
  Skipping SMTORMVE: all values are NaN
Processing column 215/262: SMFLGRMRK
  Skipping SMFLGRMRK: all values are NaN
Processing column 216/262: SMAFRZE
  Skipping SMAFRZE: only 1 unique value(s)
Processing column 217/262: SMGTC
  Skipping SMGTC: all values are NaN
Processing column 218/262: SME2MPRT
  CCC: 0.001712, p-value: 9.90e-01
Processing column 219/262: SMCHMPRS
  CCC: 0.006094, p-value: 8.76e-01
Processing column 220/262: SMNTRART
  CCC: 0.071132, p-value: 7.00e-05
Processing column 221/262: SMNUMGPS
  Skipping SMNUMGPS: all values are NaN
Processing column 222/262: SMMAPRT
  CCC: 0.008549, p-value: 7.40e-01
Processing column 223/262: SMEXNCRT
  CCC: 0.028782, p-value: 2.08e-02
Processing column 224/262: SM550NRM
  Skipping SM550NRM: all values are NaN
Processing column 225/262: SMGNSDTC
  CCC: 0.011367, p-value: 5.44e-01
Processing column 226/262: SMUNMPRT
  Skipping SMUNMPRT: only 1 unique value(s)
Processing column 227/262: SM350NRM
  Skipping SM350NRM: all values are NaN
Processing column 228/262: SMRDLGTH
  Skipping SMRDLGTH: only 1 unique value(s)
Processing column 229/262: SMMNCPB
  Skipping SMMNCPB: all values are NaN
Processing column 230/262: SME1MMRT
  CCC: 0.009579, p-value: 6.71e-01
Processing column 231/262: SMSFLGTH
  CCC: 0.009918, p-value: 6.51e-01
Processing column 232/262: SMESTLBS
  Skipping SMESTLBS: only 1 unique value(s)
Processing column 233/262: SMMPPD
  CCC: 0.007123, p-value: 8.25e-01
Processing column 234/262: SMNTERRT
  CCC: 0.081201, p-value: 1.00e-05
Processing column 235/262: SMRRNANM
  CCC: 0.052882, p-value: 6.30e-04
Processing column 236/262: SMRDTTL
  CCC: 0.007439, p-value: 8.07e-01
Processing column 237/262: SMVQCFL
  CCC: 0.010584, p-value: 6.03e-01
Processing column 238/262: SMMNCV
  Skipping SMMNCV: all values are NaN
Processing column 239/262: SMTRSCPT
  CCC: 0.011367, p-value: 5.41e-01
Processing column 240/262: SMMPPDPR
  CCC: 0.008859, p-value: 7.13e-01
Processing column 241/262: SMCGLGTH
  Skipping SMCGLGTH: all values are NaN
Processing column 242/262: SMGAPPCT
  Skipping SMGAPPCT: all values are NaN
Processing column 243/262: SMUNPDRD
  Skipping SMUNPDRD: only 1 unique value(s)
Processing column 244/262: SMNTRNRT
  CCC: 0.030628, p-value: 1.23e-02
Processing column 245/262: SMMPUNRT
  CCC: 0.008549, p-value: 7.41e-01
Processing column 246/262: SMEXPEFF
  CCC: 0.020116, p-value: 1.16e-01
Processing column 247/262: SMMPPDUN
  CCC: 0.007123, p-value: 8.26e-01
Processing column 248/262: SME2MMRT
  CCC: 0.014297, p-value: 3.50e-01
Processing column 249/262: SME2ANTI
  CCC: 0.011047, p-value: 5.67e-01
Processing column 250/262: SMALTALG
  CCC: 0.018073, p-value: 1.85e-01
Processing column 251/262: SME2SNSE
  CCC: 0.014564, p-value: 3.37e-01
Processing column 252/262: SMMFLGTH
  CCC: 0.013947, p-value: 3.73e-01
Processing column 253/262: SME1ANTI
  CCC: 0.010843, p-value: 5.84e-01
Processing column 254/262: SMSPLTRD
  CCC: 0.049344, p-value: 7.90e-04
Processing column 255/262: SMBSMMRT
  CCC: 0.016191, p-value: 2.57e-01
Processing column 256/262: SME1SNSE
  CCC: 0.012436, p-value: 4.73e-01
Processing column 257/262: SME1PCTS
  CCC: 0.012226, p-value: 4.87e-01
Processing column 258/262: SMRRNART
  CCC: 0.045515, p-value: 8.20e-04
Processing column 259/262: SME1MPRT
  CCC: 0.011642, p-value: 5.28e-01
Processing column 260/262: SMNUM5CD
  Skipping SMNUM5CD: all values are NaN
Processing column 261/262: SMDPMPRT
  Skipping SMDPMPRT: only 1 unique value(s)
Processing column 262/262: SME2PCTS
  CCC: 0.019739, p-value: 1.27e-01

Completed processing liver:
  Total metadata columns: 262
  Successful analyses: 175
  Skipped/Failed: 87
Results for RASSF2 in liver saved to: /mnt/data/proj_data/ccc-gpu/metadata_correlation/nperm=100000/RASSF2_CYTIP/RASSF2_liver_correlation_results.pkl
Log file for RASSF2 in liver saved to: /mnt/data/proj_data/ccc-gpu/metadata_correlation/nperm=100000/RASSF2_CYTIP/RASSF2_liver.log
Runtime for RASSF2 in liver: 332.28 seconds (5.54 minutes)

================================================================================
COMBINED RESULTS SUMMARY
================================================================================
Gene Symbol: RASSF2
Gene ID: ENSG00000101265.15
Permutations: 100,000
Tissues processed: 2
Combined results saved to: /mnt/data/proj_data/ccc-gpu/metadata_correlation/nperm=100000/RASSF2_CYTIP/RASSF2_all_tissues_correlation_results.pkl
Combined results (CSV) saved to: /mnt/data/proj_data/ccc-gpu/metadata_correlation/nperm=100000/RASSF2_CYTIP/RASSF2_all_tissues_correlation_results.csv

Total successful analyses across all tissues: 367

================================================================================
TOP CORRELATIONS ACROSS ALL TISSUES (by absolute CCC value)
================================================================================
Tissue               Metadata Column           CCC Value    P-value      Significance
------------------------------------------------------------------------------------------
whole_blood          COHORT                      0.553714    1.00e-05  ***
whole_blood          TRCHSTIND                   0.535868    1.00e-05  ***
whole_blood          TRISCHD                     0.535868    1.00e-05  ***
whole_blood          SMTSISCH                    0.528125    1.00e-05  ***
whole_blood          TRDNISCH                    0.509012    1.00e-05  ***
whole_blood          LBCMVTAB                    0.505233    1.00e-05  ***
whole_blood          LBEBVGAB                    0.497715    1.00e-05  ***
whole_blood          LBEBVMAB                    0.497715    1.00e-05  ***
whole_blood          DTHRFG                      0.490255    1.00e-05  ***
whole_blood          TRCCLMPD                    0.490252    1.00e-05  ***
whole_blood          DTHHRDY                     0.464582    1.00e-05  ***
whole_blood          DTHVNT                      0.443140    1.00e-05  ***
whole_blood          DTHVNTD                     0.418721    1.00e-05  ***
whole_blood          MHBRNPH                     0.349664    1.00e-05  ***
whole_blood          MHBRNWGHT                   0.349664    1.00e-05  ***
whole_blood          MHABNWBC                    0.270010    1.00e-05  ***
whole_blood          SMNTERRT                    0.250997    1.00e-05  ***
whole_blood          SMNTRART                    0.243071    1.00e-05  ***
whole_blood          TRCRTMP                     0.203103    1.00e-05  ***
whole_blood          SMNTRNRT                    0.202936    1.00e-05  ***

================================================================================
SUMMARY BY TISSUE
================================================================================
Tissue               N Samples  Successful   Mean |CCC|   Max |CCC|
----------------------------------------------------------------------
liver                226        175          0.018933     0.169305
whole_blood          755        192          0.060103     0.553714

================================================================================
RUNTIME SUMMARY
================================================================================
Total runtime: 770.62 seconds (12.84 minutes)
Average runtime per tissue: 385.31 seconds

Runtime by tissue:
Tissue                    Runtime (sec)   Runtime (min)   Status
----------------------------------------------------------------------
liver                     332.28          5.54            Success
whole_blood               438.34          7.31            Success

Fastest: liver (332.28 seconds)
Slowest: whole_blood (438.34 seconds)
Speed ratio: 1.3x
Runtime for RASSF2: 770.62 seconds (12.84 minutes)

====================================================================================================
PROCESSING GENE 2/2: CYTIP
====================================================================================================

[1/2] Starting processing for CYTIP in whole_blood...

============================================================
Processing tissue: whole_blood
File: gtex_v8_data_whole_blood-var_pc_log2.pkl
Log file: /mnt/data/proj_data/ccc-gpu/metadata_correlation/nperm=100000/RASSF2_CYTIP/CYTIP_whole_blood.log
============================================================
Loading expression data...
Expression data shape: (56200, 755)
Gene ID for CYTIP: ENSG00000115165.9
Number of samples: 755
Common samples: 755
Computing CCC between CYTIP expression and all metadata columns...
Using 100000 permutations and 24 jobs
Processing 262 metadata columns...
Processing column 1/262: SUBJID
  CCC: 0.000000, p-value: 1.00e+00
Processing column 2/262: COHORT
  CCC: 0.252980, p-value: 1.00e-05
Processing column 3/262: SEX
  CCC: 0.001409, p-value: 3.97e-01
Processing column 4/262: AGE
  CCC: 0.057500, p-value: 1.00e-05
Processing column 5/262: RACE
  CCC: 0.015257, p-value: 1.00e-05
Processing column 6/262: ETHNCTY
  CCC: 0.071719, p-value: 1.00e-05
Processing column 7/262: HGHT
  CCC: 0.002158, p-value: 7.73e-01
Processing column 8/262: HGHTU
  Skipping HGHTU: only 1 unique value(s)
Processing column 9/262: WGHT
  CCC: 0.005498, p-value: 1.68e-01
Processing column 10/262: WGHTU
  Skipping WGHTU: only 1 unique value(s)
Processing column 11/262: BMI
  CCC: 0.002954, p-value: 6.42e-01
Processing column 12/262: INCEXC
  CCC: 0.000070, p-value: 3.13e-01
Processing column 13/262: TRISCH
  CCC: 0.001331, p-value: 5.35e-03
Processing column 14/262: TRISCHD
  CCC: 0.210187, p-value: 1.00e-05
Processing column 15/262: TRCHSTIN
  Error processing TRCHSTIN: '<' not supported between instances of 'float' and 'str'
Processing column 16/262: TRCHSTIND
  CCC: 0.205339, p-value: 1.00e-05
Processing column 17/262: TRCCLMP
  Error processing TRCCLMP: '<' not supported between instances of 'float' and 'str'
Processing column 18/262: TRCCLMPD
  CCC: 0.205339, p-value: 1.00e-05
Processing column 19/262: TRORGNS
  Error processing TRORGNS: '<' not supported between instances of 'float' and 'str'
Processing column 20/262: TRAMP
  Error processing TRAMP: '<' not supported between instances of 'str' and 'float'
Processing column 21/262: TRCRTMP
  CCC: 0.097342, p-value: 1.00e-05
Processing column 22/262: TRCRTMPU
  Error processing TRCRTMPU: '<' not supported between instances of 'float' and 'str'
Processing column 23/262: TRCRTMPL
  Error processing TRCRTMPL: '<' not supported between instances of 'float' and 'str'
Processing column 24/262: TRTPTREF
  CCC: 0.000609, p-value: 4.64e-02
Processing column 25/262: TRVNTSR
  Skipping TRVNTSR: only 1 unique value(s)
Processing column 26/262: TRDNISCH
  CCC: 0.198172, p-value: 1.00e-05
Processing column 27/262: DTHPRNINT
  Error processing DTHPRNINT: '<' not supported between instances of 'float' and 'str'
Processing column 28/262: DTHTPTREF
  Error processing DTHTPTREF: '<' not supported between instances of 'float' and 'str'
Processing column 29/262: DTHATPSY
  CCC: 0.039512, p-value: 1.00e-05
Processing column 30/262: DTHRFG
  CCC: 0.205345, p-value: 1.00e-05
Processing column 31/262: DTHCERT
  CCC: 0.084710, p-value: 1.00e-05
Processing column 32/262: DTHVNT
  CCC: 0.193497, p-value: 1.00e-05
Processing column 33/262: DTHFUCOD
  Error processing DTHFUCOD: '<' not supported between instances of 'float' and 'str'
Processing column 34/262: DTHHRDY
  CCC: 0.184226, p-value: 1.00e-05
Processing column 35/262: DTHCOD
  Error processing DTHCOD: '<' not supported between instances of 'float' and 'str'
Processing column 36/262: DTHFUCODDU
  Skipping DTHFUCODDU: only 1 unique value(s)
Processing column 37/262: DTHFUCODD
  CCC: 0.084872, p-value: 1.00e-05
Processing column 38/262: DTHCODDU
  Skipping DTHCODDU: only 1 unique value(s)
Processing column 39/262: DTHCODD
  CCC: 0.085743, p-value: 1.00e-05
Processing column 40/262: DTHLUCODDU
  Skipping DTHLUCODDU: only 1 unique value(s)
Processing column 41/262: DTHLUCODD
  CCC: 0.028182, p-value: 1.00e-05
Processing column 42/262: DTHLUCOD
  Error processing DTHLUCOD: '<' not supported between instances of 'float' and 'str'
Processing column 43/262: DTHMNNR
  Error processing DTHMNNR: '<' not supported between instances of 'float' and 'str'
Processing column 44/262: DTHRFGDU
  Skipping DTHRFGDU: only 1 unique value(s)
Processing column 45/262: DTHRFGD
  CCC: 0.005758, p-value: 1.38e-01
Processing column 46/262: DTHDTRMN
  Error processing DTHDTRMN: '<' not supported between instances of 'str' and 'float'
Processing column 47/262: DTHPLCE
  Error processing DTHPLCE: '<' not supported between instances of 'float' and 'str'
Processing column 48/262: DTHVNTDU
  Skipping DTHVNTDU: only 1 unique value(s)
Processing column 49/262: DTHVNTD
  CCC: 0.143365, p-value: 1.00e-05
Processing column 50/262: DTHWTNS
  CCC: 0.000609, p-value: 5.69e-02
Processing column 51/262: DTHCLS
  Skipping DTHCLS: all values are NaN
Processing column 52/262: DTHTYP
  Skipping DTHTYP: all values are NaN
Processing column 53/262: DTHCAT
  Skipping DTHCAT: all values are NaN
Processing column 54/262: DTHICD10
  Skipping DTHICD10: all values are NaN
Processing column 55/262: LBCMVTAB
  CCC: 0.195811, p-value: 1.00e-05
Processing column 56/262: LBEBVGAB
  CCC: 0.191134, p-value: 1.00e-05
Processing column 57/262: LBEBVMAB
  CCC: 0.191134, p-value: 1.00e-05
Processing column 58/262: LBHBCABM
  CCC: 0.076368, p-value: 1.00e-05
Processing column 59/262: LBHBCABT
  CCC: 0.000232, p-value: 5.46e-01
Processing column 60/262: LBHBSAB
  CCC: 0.008986, p-value: 1.00e-05
Processing column 61/262: LBHBSAG
  CCC: 0.000000, p-value: 1.00e+00
Processing column 62/262: LBHCV1NT
  CCC: 0.000061, p-value: 7.62e-01
Processing column 63/262: LBHBHCVAB
  CCC: 0.000078, p-value: 7.13e-01
Processing column 64/262: LBHIV1NT
  CCC: 0.000060, p-value: 7.58e-01
Processing column 65/262: LBHIVAB
  CCC: 0.015661, p-value: 3.20e-04
Processing column 66/262: LBHIVO
  CCC: 0.000335, p-value: 3.38e-01
Processing column 67/262: LBPRRVDRL
  CCC: 0.095946, p-value: 1.00e-05
Processing column 68/262: LBRPR
  CCC: 0.000055, p-value: 7.25e-01
Processing column 69/262: MHABNWBC
  CCC: 0.089223, p-value: 1.00e-05
Processing column 70/262: MHALS
  CCC: 0.000225, p-value: 7.31e-02
Processing column 71/262: MHALZDMT
  CCC: 0.000000, p-value: 1.00e+00
Processing column 72/262: MHALZHMR
  CCC: 0.000303, p-value: 6.30e-02
Processing column 73/262: MHARTHTS
  CCC: 0.000441, p-value: 4.22e-01
Processing column 74/262: MHASCITES
  CCC: 0.000099, p-value: 5.76e-01
Processing column 75/262: MHASTHMA
  CCC: 0.000195, p-value: 6.74e-01
Processing column 76/262: MHBCTINF
  CCC: 0.003541, p-value: 8.40e-04
Processing column 77/262: MHBLDDND
  CCC: 0.000394, p-value: 2.54e-01
Processing column 78/262: MHBLDDNDR
  Error processing MHBLDDNDR: '<' not supported between instances of 'float' and 'str'
Processing column 79/262: MHBLDOCNT
  CCC: 0.000703, p-value: 8.60e-04
Processing column 80/262: MHBRNPH
  CCC: 0.149478, p-value: 1.00e-05
Processing column 81/262: MHBRNWGHT
  CCC: 0.149478, p-value: 1.00e-05
Processing column 82/262: MHCANCER5
  CCC: 0.000089, p-value: 5.68e-01
Processing column 83/262: MHCANCERC
  CCC: 0.000116, p-value: 3.60e-01
Processing column 84/262: MHCANCERNM
  CCC: 0.001563, p-value: 2.57e-02
Processing column 85/262: MHCLLULTS
  CCC: 0.000000, p-value: 1.00e+00
Processing column 86/262: MHCLRD
  CCC: 0.000154, p-value: 4.25e-01
Processing column 87/262: MHCOCAINE5
  CCC: 0.001522, p-value: 3.97e-02
Processing column 88/262: MHCOPD
  CCC: 0.002127, p-value: 1.15e-01
Processing column 89/262: MHCOUGHU
  CCC: 0.000569, p-value: 1.83e-03
Processing column 90/262: MHCVD
  CCC: 0.000138, p-value: 7.00e-01
Processing column 91/262: MHDLYSIS
  CCC: 0.001070, p-value: 2.19e-02
Processing column 92/262: MHDMNTIA
  CCC: 0.000261, p-value: 7.83e-02
Processing column 93/262: MHDPRSSN
  CCC: 0.003710, p-value: 5.12e-03
Processing column 94/262: MHDRNKSTS
  Error processing MHDRNKSTS: '<' not supported between instances of 'float' and 'str'
Processing column 95/262: MHDRNKTP
  Error processing MHDRNKTP: '<' not supported between instances of 'float' and 'str'
Processing column 96/262: MHDRNKNMB
  CCC: 0.005208, p-value: 1.77e-01
Processing column 97/262: MHDRNKPRD
  Error processing MHDRNKPRD: '<' not supported between instances of 'float' and 'str'
Processing column 98/262: MHDRNKYRS
  CCC: 0.018435, p-value: 1.20e-04
Processing column 99/262: MHDRNKCMT
  Error processing MHDRNKCMT: '<' not supported between instances of 'float' and 'str'
Processing column 100/262: MHDTND72H
  CCC: 0.001121, p-value: 5.49e-03
Processing column 101/262: MHENCEPHA
  CCC: 0.000253, p-value: 1.46e-02
Processing column 102/262: MHEURO5
  CCC: 0.000419, p-value: 3.77e-02
Processing column 103/262: MHFLU
  CCC: 0.000001, p-value: 8.20e-01
Processing column 104/262: MHFNGINF
  CCC: 0.000069, p-value: 3.38e-01
Processing column 105/262: MHFVRU
  CCC: 0.000215, p-value: 6.99e-02
Processing column 106/262: MHGENCMT
  Error processing MHGENCMT: '<' not supported between instances of 'float' and 'str'
Processing column 107/262: MHGNRR12M
  CCC: 0.000450, p-value: 3.65e-03
Processing column 108/262: MHHEPBCT
  CCC: 0.000125, p-value: 1.86e-01
Processing column 109/262: MHHEPCCT
  CCC: 0.000290, p-value: 8.93e-02
Processing column 110/262: MHHEROIN
  CCC: 0.000945, p-value: 9.46e-03
Processing column 111/262: MHHGH
  CCC: 0.000569, p-value: 1.80e-03
Processing column 112/262: MHHIVCT
  CCC: 0.000249, p-value: 3.09e-02
Processing column 113/262: MHHIVNT
  CCC: 0.000344, p-value: 7.75e-03
Processing column 114/262: MHHMPHLIA
  CCC: 0.000569, p-value: 1.65e-03
Processing column 115/262: MHHMPHLIAB
  CCC: 0.000342, p-value: 1.43e-02
Processing column 116/262: MHHRTATT
  CCC: 0.003624, p-value: 1.71e-02
Processing column 117/262: MHHRTDIS
  CCC: 0.001240, p-value: 3.15e-01
Processing column 118/262: MHHRTDISB
  CCC: 0.000329, p-value: 1.63e-01
Processing column 119/262: MHHTN
  CCC: 0.007540, p-value: 1.61e-02
Processing column 120/262: MHINFLNE
  CCC: 0.000081, p-value: 1.05e-01
Processing column 121/262: MHIVDRG5
  CCC: 0.000199, p-value: 8.83e-02
Processing column 122/262: MHJAKOB
  CCC: 0.000344, p-value: 7.30e-03
Processing column 123/262: MHLAPTHU
  CCC: 0.000344, p-value: 7.78e-03
Processing column 124/262: MHLUPUS
  CCC: 0.000181, p-value: 1.39e-01
Processing column 125/262: MHLVRDIS
  CCC: 0.000818, p-value: 8.60e-02
Processing column 126/262: MHMENINA
  CCC: 0.000253, p-value: 1.52e-02
Processing column 127/262: MHMS
  CCC: 0.000198, p-value: 1.59e-01
Processing column 128/262: MHMSXWMA
  CCC: 0.000689, p-value: 3.15e-03
Processing column 129/262: MHMSXWMB
  CCC: 0.000676, p-value: 7.09e-03
Processing column 130/262: MHNEPH
  CCC: 0.000043, p-value: 4.76e-01
Processing column 131/262: MHNGHTSWT
  CCC: 0.000422, p-value: 2.25e-02
Processing column 132/262: MHNPHYS4W
  CCC: 0.000985, p-value: 2.27e-03
Processing column 133/262: MHNRTHEUR
  CCC: 0.000427, p-value: 9.87e-02
Processing column 134/262: MHOPNWND
  CCC: 0.001877, p-value: 3.76e-03
Processing column 135/262: MHOPPINF
  CCC: 0.000450, p-value: 3.74e-03
Processing column 136/262: MHORGNTP
  CCC: 0.000729, p-value: 1.28e-01
Processing column 137/262: MHOSTMYLTS
  CCC: 0.000422, p-value: 2.23e-02
Processing column 138/262: MHPLLABS
  CCC: 0.000956, p-value: 7.46e-02
Processing column 139/262: MHPNMIAB
  CCC: 0.001319, p-value: 5.61e-02
Processing column 140/262: MHPNMNIA
  CCC: 0.002116, p-value: 2.10e-02
Processing column 141/262: MHPRCNP
  CCC: 0.000985, p-value: 1.82e-03
Processing column 142/262: MHPRKNSN
  CCC: 0.000014, p-value: 4.01e-01
Processing column 143/262: MHPSBLDCLT
  CCC: 0.000054, p-value: 6.70e-01
Processing column 144/262: MHRA
  CCC: 0.000413, p-value: 1.05e-01
Processing column 145/262: MHRBSANML
  CCC: 0.000317, p-value: 4.06e-02
Processing column 146/262: MHREYES
  CCC: 0.000344, p-value: 7.46e-03
Processing column 147/262: MHRNLFLR
  CCC: 0.004416, p-value: 2.47e-03
Processing column 148/262: MHSARS
  CCC: 0.000239, p-value: 3.91e-02
Processing column 149/262: MHSCHZ
  CCC: 0.000081, p-value: 5.52e-01
Processing column 150/262: MHSCLRDRM
  CCC: 0.000288, p-value: 4.63e-02
Processing column 151/262: MHSDRGABS
  CCC: 0.000288, p-value: 4.73e-02
Processing column 152/262: MHSEPSIS
  CCC: 0.000355, p-value: 1.19e-01
Processing column 153/262: MHSKNSPT
  CCC: 0.000331, p-value: 2.07e-02
Processing column 154/262: MHSMKSTS
  Error processing MHSMKSTS: '<' not supported between instances of 'float' and 'str'
Processing column 155/262: MHSMKTP
  Error processing MHSMKTP: '<' not supported between instances of 'float' and 'str'
Processing column 156/262: MHSMKNMB
  CCC: 0.006776, p-value: 5.41e-02
Processing column 157/262: MHSMKPRD
  Error processing MHSMKPRD: '<' not supported between instances of 'float' and 'str'
Processing column 158/262: MHSMKYRS
  CCC: 0.017085, p-value: 2.30e-04
Processing column 159/262: MHSMKCMT
  Error processing MHSMKCMT: '<' not supported between instances of 'float' and 'str'
Processing column 160/262: MHSMLPXCT
  CCC: 0.000436, p-value: 1.15e-02
Processing column 161/262: MHSMLPXVC
  CCC: 0.000331, p-value: 1.99e-02
Processing column 162/262: MHSRC
  CCC: 0.068373, p-value: 1.00e-05
Processing column 163/262: MHSRCDSS
  CCC: 0.000436, p-value: 1.12e-02
Processing column 164/262: MHSRGHM
  CCC: 0.000502, p-value: 4.39e-02
Processing column 165/262: MHSTD
  CCC: 0.001147, p-value: 2.31e-03
Processing column 166/262: MHSTRDLT
  CCC: 0.000732, p-value: 1.10e-01
Processing column 167/262: MHSUBABSA
  CCC: 0.000113, p-value: 2.39e-01
Processing column 168/262: MHSUBABSB
  CCC: 0.000426, p-value: 2.57e-02
Processing column 169/262: MHSXMDA
  CCC: 0.000450, p-value: 3.96e-03
Processing column 170/262: MHSXMDB
  CCC: 0.000556, p-value: 6.11e-03
Processing column 171/262: MHSYPH12M
  CCC: 0.000450, p-value: 3.60e-03
Processing column 172/262: MHSZRSU
  CCC: 0.001694, p-value: 3.31e-03
Processing column 173/262: MHT1D
  CCC: 0.001503, p-value: 1.75e-02
Processing column 174/262: MHT2D
  CCC: 0.001143, p-value: 3.58e-01
Processing column 175/262: MHTBHX
  CCC: 0.000330, p-value: 3.05e-02
Processing column 176/262: MHTEMPU
  CCC: 0.000344, p-value: 7.22e-03
Processing column 177/262: MHTTCMT
  Error processing MHTTCMT: '<' not supported between instances of 'str' and 'float'
Processing column 178/262: MHTTOO12M
  CCC: 0.000382, p-value: 7.25e-02
Processing column 179/262: MHTTOONP
  CCC: 0.001095, p-value: 1.21e-02
Processing column 180/262: MHTXCEXP
  CCC: 0.000185, p-value: 5.24e-01
Processing column 181/262: MHUK8096
  CCC: 0.000299, p-value: 7.64e-02
Processing column 182/262: MHUREMIA
  CCC: 0.000052, p-value: 3.94e-01
Processing column 183/262: MHWKNSSU
  CCC: 0.000449, p-value: 1.11e-01
Processing column 184/262: MHWNVCT
  CCC: 0.000344, p-value: 7.59e-03
Processing column 185/262: MHWNVHX
  CCC: 0.000344, p-value: 7.52e-03
Processing column 186/262: MHWTLSUA
  CCC: 0.000570, p-value: 8.46e-02
Processing column 187/262: MHWTLSUB
  CCC: 0.000436, p-value: 1.13e-02
Processing column 188/262: DTHSEASON
  Error processing DTHSEASON: '<' not supported between instances of 'float' and 'str'
Processing column 189/262: DTHTIME
  Error processing DTHTIME: '<' not supported between instances of 'float' and 'str'
Processing column 190/262: SMATSSCR
  Skipping SMATSSCR: all values are NaN
Processing column 191/262: SMCAT
  Skipping SMCAT: only 1 unique value(s)
Processing column 192/262: SMCENTER
  CCC: 0.084684, p-value: 1.00e-05
Processing column 193/262: SMMTRLTP
  CCC: 0.000030, p-value: 7.13e-01
Processing column 194/262: SMNOTES
  Skipping SMNOTES: all values are NaN
Processing column 195/262: SMOMTRLTP
  CCC: 0.000079, p-value: 4.35e-01
Processing column 196/262: SMPTHNTS
  Skipping SMPTHNTS: all values are NaN
Processing column 197/262: SMRIN
  CCC: 0.003196, p-value: 5.64e-01
Processing column 198/262: SMSMPSTE
  Skipping SMSMPSTE: all values are NaN
Processing column 199/262: SMSTYP
  Skipping SMSTYP: only 1 unique value(s)
Processing column 200/262: SMTS
  Skipping SMTS: only 1 unique value(s)
Processing column 201/262: SMTSC
  Error processing SMTSC: '<' not supported between instances of 'float' and 'str'
Processing column 202/262: SMTSD
  Skipping SMTSD: only 1 unique value(s)
Processing column 203/262: SMUBRID
  Skipping SMUBRID: only 1 unique value(s)
Processing column 204/262: SMUBRTRM
  Skipping SMUBRTRM: only 1 unique value(s)
Processing column 205/262: SMTSISCH
  CCC: 0.215092, p-value: 1.00e-05
Processing column 206/262: SMTSPAX
  Skipping SMTSPAX: all values are NaN
Processing column 207/262: SMNABTCH
  CCC: 0.000304, p-value: 6.08e-01
Processing column 208/262: SMNABTCHT
  Skipping SMNABTCHT: only 1 unique value(s)
Processing column 209/262: SMNABTCHD
  CCC: 0.000256, p-value: 6.69e-01
Processing column 210/262: SMGEBTCH
  CCC: 0.001533, p-value: 2.21e-01
Processing column 211/262: SMGEBTCHD
  CCC: 0.002104, p-value: 1.69e-01
Processing column 212/262: SMGEBTCHT
  Skipping SMGEBTCHT: only 1 unique value(s)
Processing column 213/262: ANALYTE_TYPE
  Skipping ANALYTE_TYPE: only 1 unique value(s)
Processing column 214/262: SMTORMVE
  Skipping SMTORMVE: all values are NaN
Processing column 215/262: SMFLGRMRK
  Skipping SMFLGRMRK: all values are NaN
Processing column 216/262: SMAFRZE
  Skipping SMAFRZE: only 1 unique value(s)
Processing column 217/262: SMGTC
  Skipping SMGTC: all values are NaN
Processing column 218/262: SME2MPRT
  CCC: 0.021744, p-value: 4.00e-05
Processing column 219/262: SMCHMPRS
  CCC: 0.015946, p-value: 3.60e-04
Processing column 220/262: SMNTRART
  CCC: 0.024407, p-value: 1.00e-05
Processing column 221/262: SMNUMGPS
  Skipping SMNUMGPS: all values are NaN
Processing column 222/262: SMMAPRT
  CCC: 0.021052, p-value: 6.00e-05
Processing column 223/262: SMEXNCRT
  CCC: 0.126241, p-value: 1.00e-05
Processing column 224/262: SM550NRM
  Skipping SM550NRM: all values are NaN
Processing column 225/262: SMGNSDTC
  CCC: 0.050841, p-value: 1.00e-05
Processing column 226/262: SMUNMPRT
  Skipping SMUNMPRT: only 1 unique value(s)
Processing column 227/262: SM350NRM
  Skipping SM350NRM: all values are NaN
Processing column 228/262: SMRDLGTH
  CCC: 0.000003, p-value: 9.42e-01
Processing column 229/262: SMMNCPB
  Skipping SMMNCPB: all values are NaN
Processing column 230/262: SME1MMRT
  CCC: 0.005089, p-value: 2.16e-01
Processing column 231/262: SMSFLGTH
  CCC: 0.015322, p-value: 5.50e-04
Processing column 232/262: SMESTLBS
  Skipping SMESTLBS: only 1 unique value(s)
Processing column 233/262: SMMPPD
  CCC: 0.007147, p-value: 5.19e-02
Processing column 234/262: SMNTERRT
  CCC: 0.023433, p-value: 3.00e-05
Processing column 235/262: SMRRNANM
  CCC: 0.005677, p-value: 1.47e-01
Processing column 236/262: SMRDTTL
  CCC: 0.008033, p-value: 2.88e-02
Processing column 237/262: SMVQCFL
  CCC: 0.003136, p-value: 5.99e-01
Processing column 238/262: SMMNCV
  Skipping SMMNCV: all values are NaN
Processing column 239/262: SMTRSCPT
  CCC: 0.051533, p-value: 1.00e-05
Processing column 240/262: SMMPPDPR
  CCC: 0.005880, p-value: 1.29e-01
Processing column 241/262: SMCGLGTH
  Skipping SMCGLGTH: all values are NaN
Processing column 242/262: SMGAPPCT
  Skipping SMGAPPCT: all values are NaN
Processing column 243/262: SMUNPDRD
  Skipping SMUNPDRD: only 1 unique value(s)
Processing column 244/262: SMNTRNRT
  CCC: 0.261762, p-value: 1.00e-05
Processing column 245/262: SMMPUNRT
  CCC: 0.021052, p-value: 7.00e-05
Processing column 246/262: SMEXPEFF
  CCC: 0.086945, p-value: 1.00e-05
Processing column 247/262: SMMPPDUN
  CCC: 0.007147, p-value: 5.21e-02
Processing column 248/262: SME2MMRT
  CCC: 0.004187, p-value: 3.65e-01
Processing column 249/262: SME2ANTI
  CCC: 0.007334, p-value: 4.66e-02
Processing column 250/262: SMALTALG
  CCC: 0.038381, p-value: 1.00e-05
Processing column 251/262: SME2SNSE
  CCC: 0.006734, p-value: 7.09e-02
Processing column 252/262: SMMFLGTH
  CCC: 0.010863, p-value: 4.83e-03
Processing column 253/262: SME1ANTI
  CCC: 0.007210, p-value: 5.07e-02
Processing column 254/262: SMSPLTRD
  CCC: 0.030117, p-value: 1.00e-05
Processing column 255/262: SMBSMMRT
  CCC: 0.004293, p-value: 3.47e-01
Processing column 256/262: SME1SNSE
  CCC: 0.007285, p-value: 4.87e-02
Processing column 257/262: SME1PCTS
  CCC: 0.004663, p-value: 2.81e-01
Processing column 258/262: SMRRNART
  CCC: 0.013729, p-value: 1.13e-03
Processing column 259/262: SME1MPRT
  CCC: 0.021952, p-value: 3.00e-05
Processing column 260/262: SMNUM5CD
  Skipping SMNUM5CD: all values are NaN
Processing column 261/262: SMDPMPRT
  Skipping SMDPMPRT: only 1 unique value(s)
Processing column 262/262: SME2PCTS
  CCC: 0.007812, p-value: 3.26e-02

Completed processing whole_blood:
  Total metadata columns: 262
  Successful analyses: 192
  Skipped/Failed: 70
Results for CYTIP in whole_blood saved to: /mnt/data/proj_data/ccc-gpu/metadata_correlation/nperm=100000/RASSF2_CYTIP/CYTIP_whole_blood_correlation_results.pkl
Log file for CYTIP in whole_blood saved to: /mnt/data/proj_data/ccc-gpu/metadata_correlation/nperm=100000/RASSF2_CYTIP/CYTIP_whole_blood.log
Runtime for CYTIP in whole_blood: 442.61 seconds (7.38 minutes)

[2/2] Starting processing for CYTIP in liver...

============================================================
Processing tissue: liver
File: gtex_v8_data_liver-var_pc_log2.pkl
Log file: /mnt/data/proj_data/ccc-gpu/metadata_correlation/nperm=100000/RASSF2_CYTIP/CYTIP_liver.log
============================================================
Loading expression data...
Expression data shape: (56200, 226)
Gene ID for CYTIP: ENSG00000115165.9
Number of samples: 226
Common samples: 226
Computing CCC between CYTIP expression and all metadata columns...
Using 100000 permutations and 24 jobs
Processing 262 metadata columns...
Processing column 1/262: SUBJID
  CCC: 0.000000, p-value: 1.00e+00
Processing column 2/262: COHORT
  CCC: 0.016197, p-value: 4.94e-02
Processing column 3/262: SEX
  CCC: 0.006303, p-value: 2.37e-01
Processing column 4/262: AGE
  CCC: 0.010957, p-value: 5.69e-01
Processing column 5/262: RACE
  CCC: 0.002435, p-value: 2.98e-01
Processing column 6/262: ETHNCTY
  CCC: 0.030228, p-value: 1.09e-02
Processing column 7/262: HGHT
  CCC: 0.013245, p-value: 3.85e-01
Processing column 8/262: HGHTU
  Skipping HGHTU: only 1 unique value(s)
Processing column 9/262: WGHT
  CCC: 0.018333, p-value: 1.64e-01
Processing column 10/262: WGHTU
  Skipping WGHTU: only 1 unique value(s)
Processing column 11/262: BMI
  CCC: 0.019800, p-value: 1.24e-01
Processing column 12/262: INCEXC
  CCC: 0.000000, p-value: 1.00e+00
Processing column 13/262: TRISCH
  CCC: 0.002986, p-value: 6.52e-02
Processing column 14/262: TRISCHD
  CCC: 0.049029, p-value: 7.10e-04
Processing column 15/262: TRCHSTIN
  CCC: 0.001377, p-value: 3.28e-01
Processing column 16/262: TRCHSTIND
  CCC: 0.046362, p-value: 8.50e-04
Processing column 17/262: TRCCLMP
  Error processing TRCCLMP: '<' not supported between instances of 'str' and 'float'
Processing column 18/262: TRCCLMPD
  CCC: 0.015798, p-value: 2.34e-01
Processing column 19/262: TRORGNS
  Error processing TRORGNS: '<' not supported between instances of 'str' and 'float'
Processing column 20/262: TRAMP
  Skipping TRAMP: all values are NaN
Processing column 21/262: TRCRTMP
  CCC: 0.030227, p-value: 1.71e-02
Processing column 22/262: TRCRTMPU
  Error processing TRCRTMPU: '<' not supported between instances of 'float' and 'str'
Processing column 23/262: TRCRTMPL
  Error processing TRCRTMPL: '<' not supported between instances of 'float' and 'str'
Processing column 24/262: TRTPTREF
  CCC: 0.000000, p-value: 1.00e+00
Processing column 25/262: TRVNTSR
  Skipping TRVNTSR: only 1 unique value(s)
Processing column 26/262: TRDNISCH
  CCC: 0.049029, p-value: 8.30e-04
Processing column 27/262: DTHPRNINT
  CCC: 0.004844, p-value: 1.13e-01
Processing column 28/262: DTHTPTREF
  CCC: 0.000000, p-value: 1.00e+00
Processing column 29/262: DTHATPSY
  CCC: 0.002476, p-value: 7.08e-01
Processing column 30/262: DTHRFG
  CCC: 0.018337, p-value: 5.70e-02
Processing column 31/262: DTHCERT
  CCC: 0.000272, p-value: 8.32e-01
Processing column 32/262: DTHVNT
  CCC: 0.033731, p-value: 5.39e-03
Processing column 33/262: DTHFUCOD
  CCC: 0.005772, p-value: 3.06e-01
Processing column 34/262: DTHHRDY
  CCC: 0.037215, p-value: 4.15e-03
Processing column 35/262: DTHCOD
  CCC: 0.010815, p-value: 1.15e-01
Processing column 36/262: DTHFUCODDU
  Skipping DTHFUCODDU: only 1 unique value(s)
Processing column 37/262: DTHFUCODD
  CCC: 0.018078, p-value: 1.82e-01
Processing column 38/262: DTHCODDU
  Skipping DTHCODDU: only 1 unique value(s)
Processing column 39/262: DTHCODD
  CCC: 0.018450, p-value: 1.59e-01
Processing column 40/262: DTHLUCODDU
  Skipping DTHLUCODDU: only 1 unique value(s)
Processing column 41/262: DTHLUCODD
  CCC: 0.008870, p-value: 7.15e-01
Processing column 42/262: DTHLUCOD
  Error processing DTHLUCOD: '<' not supported between instances of 'float' and 'str'
Processing column 43/262: DTHMNNR
  Error processing DTHMNNR: '<' not supported between instances of 'str' and 'float'
Processing column 44/262: DTHRFGDU
  Skipping DTHRFGDU: only 1 unique value(s)
Processing column 45/262: DTHRFGD
  CCC: 0.002976, p-value: 9.74e-01
Processing column 46/262: DTHDTRMN
  Error processing DTHDTRMN: '<' not supported between instances of 'float' and 'str'
Processing column 47/262: DTHPLCE
  CCC: 0.026430, p-value: 7.68e-03
Processing column 48/262: DTHVNTDU
  Skipping DTHVNTDU: only 1 unique value(s)
Processing column 49/262: DTHVNTD
  CCC: 0.019371, p-value: 1.37e-01
Processing column 50/262: DTHWTNS
  CCC: 0.000000, p-value: 1.00e+00
Processing column 51/262: DTHCLS
  Skipping DTHCLS: all values are NaN
Processing column 52/262: DTHTYP
  Skipping DTHTYP: all values are NaN
Processing column 53/262: DTHCAT
  Skipping DTHCAT: all values are NaN
Processing column 54/262: DTHICD10
  Skipping DTHICD10: all values are NaN
Processing column 55/262: LBCMVTAB
  CCC: 0.021272, p-value: 2.80e-02
Processing column 56/262: LBEBVGAB
  CCC: 0.013588, p-value: 9.72e-02
Processing column 57/262: LBEBVMAB
  CCC: 0.013588, p-value: 9.51e-02
Processing column 58/262: LBHBCABM
  CCC: 0.000000, p-value: 1.00e+00
Processing column 59/262: LBHBCABT
  CCC: 0.000891, p-value: 2.65e-01
Processing column 60/262: LBHBSAB
  CCC: 0.002876, p-value: 1.03e-01
Processing column 61/262: LBHBSAG
  CCC: 0.002361, p-value: 2.93e-02
Processing column 62/262: LBHCV1NT
  CCC: 0.008250, p-value: 9.93e-03
Processing column 63/262: LBHBHCVAB
  CCC: 0.001927, p-value: 1.76e-01
Processing column 64/262: LBHIV1NT
  CCC: 0.002876, p-value: 1.00e-01
Processing column 65/262: LBHIVAB
  CCC: 0.012076, p-value: 6.59e-02
Processing column 66/262: LBHIVO
  CCC: 0.000510, p-value: 4.86e-01
Processing column 67/262: LBPRRVDRL
  CCC: 0.000421, p-value: 7.96e-01
Processing column 68/262: LBRPR
  CCC: 0.001574, p-value: 6.18e-02
Processing column 69/262: MHABNWBC
  CCC: 0.000449, p-value: 7.92e-01
Processing column 70/262: MHALS
  CCC: 0.000054, p-value: 5.22e-01
Processing column 71/262: MHALZDMT
  CCC: 0.000238, p-value: 2.59e-01
Processing column 72/262: MHALZHMR
  CCC: 0.000040, p-value: 7.95e-01
Processing column 73/262: MHARTHTS
  CCC: 0.003455, p-value: 1.60e-01
Processing column 74/262: MHASCITES
  CCC: 0.001574, p-value: 6.27e-02
Processing column 75/262: MHASTHMA
  CCC: 0.001189, p-value: 5.07e-01
Processing column 76/262: MHBCTINF
  CCC: 0.000708, p-value: 3.45e-01
Processing column 77/262: MHBLDDND
  CCC: 0.000000, p-value: 1.00e+00
Processing column 78/262: MHBLDDNDR
  Error processing MHBLDDNDR: '<' not supported between instances of 'str' and 'float'
Processing column 79/262: MHBLDOCNT
  Skipping MHBLDOCNT: only 1 unique value(s)
Processing column 80/262: MHBRNPH
  CCC: 0.030227, p-value: 1.73e-02
Processing column 81/262: MHBRNWGHT
  CCC: 0.023934, p-value: 5.75e-02
Processing column 82/262: MHCANCER5
  CCC: 0.000794, p-value: 2.57e-01
Processing column 83/262: MHCANCERC
  CCC: 0.000342, p-value: 4.63e-01
Processing column 84/262: MHCANCERNM
  CCC: 0.001286, p-value: 3.34e-01
Processing column 85/262: MHCLLULTS
  CCC: 0.000238, p-value: 2.61e-01
Processing column 86/262: MHCLRD
  CCC: 0.000163, p-value: 6.33e-01
Processing column 87/262: MHCOCAINE5
  CCC: 0.001209, p-value: 3.10e-01
Processing column 88/262: MHCOPD
  CCC: 0.001433, p-value: 6.55e-01
Processing column 89/262: MHCOUGHU
  Skipping MHCOUGHU: only 1 unique value(s)
Processing column 90/262: MHCVD
  CCC: 0.000234, p-value: 7.06e-01
Processing column 91/262: MHDLYSIS
  CCC: 0.000028, p-value: 8.21e-01
Processing column 92/262: MHDMNTIA
  Skipping MHDMNTIA: only 1 unique value(s)
Processing column 93/262: MHDPRSSN
  CCC: 0.002472, p-value: 2.23e-01
Processing column 94/262: MHDRNKSTS
  Error processing MHDRNKSTS: '<' not supported between instances of 'str' and 'float'
Processing column 95/262: MHDRNKTP
  Error processing MHDRNKTP: '<' not supported between instances of 'str' and 'float'
Processing column 96/262: MHDRNKNMB
  CCC: 0.014838, p-value: 2.77e-01
Processing column 97/262: MHDRNKPRD
  Error processing MHDRNKPRD: '<' not supported between instances of 'str' and 'float'
Processing column 98/262: MHDRNKYRS
  CCC: 0.000000, p-value: 1.00e+00
Processing column 99/262: MHDRNKCMT
  Error processing MHDRNKCMT: '<' not supported between instances of 'float' and 'str'
Processing column 100/262: MHDTND72H
  CCC: 0.000238, p-value: 2.58e-01
Processing column 101/262: MHENCEPHA
  Skipping MHENCEPHA: only 1 unique value(s)
Processing column 102/262: MHEURO5
  CCC: 0.000000, p-value: 1.00e+00
Processing column 103/262: MHFLU
  CCC: 0.000157, p-value: 5.53e-01
Processing column 104/262: MHFNGINF
  CCC: 0.000064, p-value: 3.27e-01
Processing column 105/262: MHFVRU
  CCC: 0.000113, p-value: 6.23e-01
Processing column 106/262: MHGENCMT
  Error processing MHGENCMT: '<' not supported between instances of 'float' and 'str'
Processing column 107/262: MHGNRR12M
  Skipping MHGNRR12M: only 1 unique value(s)
Processing column 108/262: MHHEPBCT
  CCC: 0.000064, p-value: 3.28e-01
Processing column 109/262: MHHEPCCT
  CCC: 0.000266, p-value: 1.34e-01
Processing column 110/262: MHHEROIN
  CCC: 0.000000, p-value: 1.00e+00
Processing column 111/262: MHHGH
  Skipping MHHGH: only 1 unique value(s)
Processing column 112/262: MHHIVCT
  Skipping MHHIVCT: only 1 unique value(s)
Processing column 113/262: MHHIVNT
  Skipping MHHIVNT: only 1 unique value(s)
Processing column 114/262: MHHMPHLIA
  Skipping MHHMPHLIA: only 1 unique value(s)
Processing column 115/262: MHHMPHLIAB
  CCC: 0.000053, p-value: 5.95e-01
Processing column 116/262: MHHRTATT
  CCC: 0.019854, p-value: 8.32e-03
Processing column 117/262: MHHRTDIS
  CCC: 0.015983, p-value: 1.17e-02
Processing column 118/262: MHHRTDISB
  CCC: 0.000000, p-value: 1.00e+00
Processing column 119/262: MHHTN
  CCC: 0.003556, p-value: 5.65e-01
Processing column 120/262: MHINFLNE
  CCC: 0.000064, p-value: 3.27e-01
Processing column 121/262: MHIVDRG5
  CCC: 0.000000, p-value: 1.00e+00
Processing column 122/262: MHJAKOB
  Skipping MHJAKOB: only 1 unique value(s)
Processing column 123/262: MHLAPTHU
  Skipping MHLAPTHU: only 1 unique value(s)
Processing column 124/262: MHLUPUS
  CCC: 0.000064, p-value: 3.26e-01
Processing column 125/262: MHLVRDIS
  CCC: 0.000497, p-value: 2.09e-01
Processing column 126/262: MHMENINA
  Skipping MHMENINA: only 1 unique value(s)
Processing column 127/262: MHMS
  CCC: 0.000025, p-value: 8.40e-01
Processing column 128/262: MHMSXWMA
  CCC: 0.000000, p-value: 1.00e+00
Processing column 129/262: MHMSXWMB
  CCC: 0.000000, p-value: 1.00e+00
Processing column 130/262: MHNEPH
  CCC: 0.000064, p-value: 3.28e-01
Processing column 131/262: MHNGHTSWT
  CCC: 0.000097, p-value: 6.08e-01
Processing column 132/262: MHNPHYS4W
  CCC: 0.000040, p-value: 7.96e-01
Processing column 133/262: MHNRTHEUR
  CCC: 0.000071, p-value: 6.86e-01
Processing column 134/262: MHOPNWND
  CCC: 0.000489, p-value: 5.13e-01
Processing column 135/262: MHOPPINF
  Skipping MHOPPINF: only 1 unique value(s)
Processing column 136/262: MHORGNTP
  CCC: 0.001196, p-value: 3.37e-01
Processing column 137/262: MHOSTMYLTS
  Skipping MHOSTMYLTS: only 1 unique value(s)
Processing column 138/262: MHPLLABS
  CCC: 0.002214, p-value: 7.07e-02
Processing column 139/262: MHPNMIAB
  CCC: 0.002781, p-value: 1.09e-01
Processing column 140/262: MHPNMNIA
  CCC: 0.000178, p-value: 7.80e-01
Processing column 141/262: MHPRCNP
  Skipping MHPRCNP: only 1 unique value(s)
Processing column 142/262: MHPRKNSN
  CCC: 0.000040, p-value: 7.94e-01
Processing column 143/262: MHPSBLDCLT
  CCC: 0.000819, p-value: 1.13e-01
Processing column 144/262: MHRA
  CCC: 0.000000, p-value: 1.00e+00
Processing column 145/262: MHRBSANML
  CCC: 0.000053, p-value: 5.91e-01
Processing column 146/262: MHREYES
  Skipping MHREYES: only 1 unique value(s)
Processing column 147/262: MHRNLFLR
  CCC: 0.000000, p-value: 1.00e+00
Processing column 148/262: MHSARS
  Skipping MHSARS: only 1 unique value(s)
Processing column 149/262: MHSCHZ
  CCC: 0.000000, p-value: 1.00e+00
Processing column 150/262: MHSCLRDRM
  Skipping MHSCLRDRM: only 1 unique value(s)
Processing column 151/262: MHSDRGABS
  CCC: 0.000000, p-value: 1.00e+00
Processing column 152/262: MHSEPSIS
  CCC: 0.000009, p-value: 8.78e-01
Processing column 153/262: MHSKNSPT
  Skipping MHSKNSPT: only 1 unique value(s)
Processing column 154/262: MHSMKSTS
  Error processing MHSMKSTS: '<' not supported between instances of 'str' and 'float'
Processing column 155/262: MHSMKTP
  Error processing MHSMKTP: '<' not supported between instances of 'str' and 'float'
Processing column 156/262: MHSMKNMB
  CCC: 0.009519, p-value: 5.66e-01
Processing column 157/262: MHSMKPRD
  Error processing MHSMKPRD: '<' not supported between instances of 'str' and 'float'
Processing column 158/262: MHSMKYRS
  CCC: 0.015005, p-value: 3.04e-01
Processing column 159/262: MHSMKCMT
  Error processing MHSMKCMT: '<' not supported between instances of 'float' and 'str'
Processing column 160/262: MHSMLPXCT
  CCC: 0.000238, p-value: 2.61e-01
Processing column 161/262: MHSMLPXVC
  CCC: 0.000054, p-value: 5.22e-01
Processing column 162/262: MHSRC
  CCC: 0.001775, p-value: 6.88e-01
Processing column 163/262: MHSRCDSS
  CCC: 0.000028, p-value: 8.21e-01
Processing column 164/262: MHSRGHM
  CCC: 0.000145, p-value: 5.46e-01
Processing column 165/262: MHSTD
  CCC: 0.000040, p-value: 7.96e-01
Processing column 166/262: MHSTRDLT
  CCC: 0.003017, p-value: 6.41e-02
Processing column 167/262: MHSUBABSA
  CCC: 0.000000, p-value: 1.00e+00
Processing column 168/262: MHSUBABSB
  CCC: 0.000000, p-value: 1.00e+00
Processing column 169/262: MHSXMDA
  Skipping MHSXMDA: only 1 unique value(s)
Processing column 170/262: MHSXMDB
  CCC: 0.000064, p-value: 3.26e-01
Processing column 171/262: MHSYPH12M
  Skipping MHSYPH12M: only 1 unique value(s)
Processing column 172/262: MHSZRSU
  CCC: 0.000448, p-value: 2.18e-01
Processing column 173/262: MHT1D
  CCC: 0.001538, p-value: 2.05e-01
Processing column 174/262: MHT2D
  CCC: 0.006199, p-value: 1.05e-01
Processing column 175/262: MHTBHX
  CCC: 0.000054, p-value: 7.10e-01
Processing column 176/262: MHTEMPU
  Skipping MHTEMPU: only 1 unique value(s)
Processing column 177/262: MHTTCMT
  Error processing MHTTCMT: '<' not supported between instances of 'float' and 'str'
Processing column 178/262: MHTTOO12M
  CCC: 0.000000, p-value: 1.00e+00
Processing column 179/262: MHTTOONP
  CCC: 0.000054, p-value: 7.10e-01
Processing column 180/262: MHTXCEXP
  CCC: 0.000000, p-value: 1.00e+00
Processing column 181/262: MHUK8096
  CCC: 0.000003, p-value: 9.03e-01
Processing column 182/262: MHUREMIA
  CCC: 0.000023, p-value: 7.59e-01
Processing column 183/262: MHWKNSSU
  CCC: 0.000406, p-value: 2.53e-01
Processing column 184/262: MHWNVCT
  Skipping MHWNVCT: only 1 unique value(s)
Processing column 185/262: MHWNVHX
  Skipping MHWNVHX: only 1 unique value(s)
Processing column 186/262: MHWTLSUA
  CCC: 0.000421, p-value: 4.01e-01
Processing column 187/262: MHWTLSUB
  CCC: 0.000238, p-value: 2.58e-01
Processing column 188/262: DTHSEASON
  CCC: 0.008824, p-value: 2.95e-01
Processing column 189/262: DTHTIME
  CCC: 0.000013, p-value: 8.83e-01
Processing column 190/262: SMATSSCR
  CCC: 0.005640, p-value: 1.25e-01
Processing column 191/262: SMCAT
  Skipping SMCAT: only 1 unique value(s)
Processing column 192/262: SMCENTER
  Error processing SMCENTER: '<' not supported between instances of 'str' and 'float'
Processing column 193/262: SMMTRLTP
  Skipping SMMTRLTP: only 1 unique value(s)
Processing column 194/262: SMNOTES
  Skipping SMNOTES: all values are NaN
Processing column 195/262: SMOMTRLTP
  CCC: 0.000054, p-value: 5.22e-01
Processing column 196/262: SMPTHNTS
  CCC: 0.002190, p-value: 1.11e-01
Processing column 197/262: SMRIN
  CCC: 0.021633, p-value: 8.08e-02
Processing column 198/262: SMSMPSTE
  Skipping SMSMPSTE: only 1 unique value(s)
Processing column 199/262: SMSTYP
  Skipping SMSTYP: only 1 unique value(s)
Processing column 200/262: SMTS
  Skipping SMTS: only 1 unique value(s)
Processing column 201/262: SMTSC
  Error processing SMTSC: '<' not supported between instances of 'str' and 'float'
Processing column 202/262: SMTSD
  Skipping SMTSD: only 1 unique value(s)
Processing column 203/262: SMUBRID
  Skipping SMUBRID: only 1 unique value(s)
Processing column 204/262: SMUBRTRM
  Skipping SMUBRTRM: only 1 unique value(s)
Processing column 205/262: SMTSISCH
  CCC: 0.061474, p-value: 2.20e-04
Processing column 206/262: SMTSPAX
  CCC: 0.015605, p-value: 2.83e-01
Processing column 207/262: SMNABTCH
  CCC: 0.003833, p-value: 8.48e-02
Processing column 208/262: SMNABTCHT
  CCC: 0.006477, p-value: 1.85e-01
Processing column 209/262: SMNABTCHD
  CCC: 0.005396, p-value: 4.69e-02
Processing column 210/262: SMGEBTCH
  Error processing SMGEBTCH: '<' not supported between instances of 'str' and 'float'
Processing column 211/262: SMGEBTCHD
  Error processing SMGEBTCHD: '<' not supported between instances of 'str' and 'float'
Processing column 212/262: SMGEBTCHT
  Skipping SMGEBTCHT: only 1 unique value(s)
Processing column 213/262: ANALYTE_TYPE
  Skipping ANALYTE_TYPE: only 1 unique value(s)
Processing column 214/262: SMTORMVE
  Skipping SMTORMVE: all values are NaN
Processing column 215/262: SMFLGRMRK
  Skipping SMFLGRMRK: all values are NaN
Processing column 216/262: SMAFRZE
  Skipping SMAFRZE: only 1 unique value(s)
Processing column 217/262: SMGTC
  Skipping SMGTC: all values are NaN
Processing column 218/262: SME2MPRT
  CCC: 0.025334, p-value: 3.86e-02
Processing column 219/262: SMCHMPRS
  CCC: 0.009874, p-value: 6.48e-01
Processing column 220/262: SMNTRART
  CCC: 0.009579, p-value: 6.69e-01
Processing column 221/262: SMNUMGPS
  Skipping SMNUMGPS: all values are NaN
Processing column 222/262: SMMAPRT
  CCC: 0.011121, p-value: 5.60e-01
Processing column 223/262: SMEXNCRT
  CCC: 0.037149, p-value: 5.38e-03
Processing column 224/262: SM550NRM
  Skipping SM550NRM: all values are NaN
Processing column 225/262: SMGNSDTC
  CCC: 0.081201, p-value: 4.00e-05
Processing column 226/262: SMUNMPRT
  Skipping SMUNMPRT: only 1 unique value(s)
Processing column 227/262: SM350NRM
  Skipping SM350NRM: all values are NaN
Processing column 228/262: SMRDLGTH
  Skipping SMRDLGTH: only 1 unique value(s)
Processing column 229/262: SMMNCPB
  Skipping SMMNCPB: all values are NaN
Processing column 230/262: SME1MMRT
  CCC: 0.013498, p-value: 3.97e-01
Processing column 231/262: SMSFLGTH
  CCC: 0.029743, p-value: 1.62e-02
Processing column 232/262: SMESTLBS
  Skipping SMESTLBS: only 1 unique value(s)
Processing column 233/262: SMMPPD
  CCC: 0.052882, p-value: 6.70e-04
Processing column 234/262: SMNTERRT
  CCC: 0.008446, p-value: 7.50e-01
Processing column 235/262: SMRRNANM
  CCC: 0.021728, p-value: 8.48e-02
Processing column 236/262: SMRDTTL
  CCC: 0.052882, p-value: 6.90e-04
Processing column 237/262: SMVQCFL
  CCC: 0.013457, p-value: 4.01e-01
Processing column 238/262: SMMNCV
  Skipping SMMNCV: all values are NaN
Processing column 239/262: SMTRSCPT
  CCC: 0.081201, p-value: 4.00e-05
Processing column 240/262: SMMPPDPR
  CCC: 0.044701, p-value: 1.67e-03
Processing column 241/262: SMCGLGTH
  Skipping SMCGLGTH: all values are NaN
Processing column 242/262: SMGAPPCT
  Skipping SMGAPPCT: all values are NaN
Processing column 243/262: SMUNPDRD
  Skipping SMUNPDRD: only 1 unique value(s)
Processing column 244/262: SMNTRNRT
  CCC: 0.044701, p-value: 1.83e-03
Processing column 245/262: SMMPUNRT
  CCC: 0.011121, p-value: 5.64e-01
Processing column 246/262: SMEXPEFF
  CCC: 0.023934, p-value: 5.65e-02
Processing column 247/262: SMMPPDUN
  CCC: 0.052882, p-value: 5.60e-04
Processing column 248/262: SME2MMRT
  CCC: 0.014097, p-value: 3.62e-01
Processing column 249/262: SME2ANTI
  CCC: 0.044701, p-value: 1.89e-03
Processing column 250/262: SMALTALG
  CCC: 0.013817, p-value: 3.78e-01
Processing column 251/262: SME2SNSE
  CCC: 0.044701, p-value: 1.79e-03
Processing column 252/262: SMMFLGTH
  CCC: 0.024431, p-value: 4.65e-02
Processing column 253/262: SME1ANTI
  CCC: 0.044701, p-value: 1.54e-03
Processing column 254/262: SMSPLTRD
  CCC: 0.028121, p-value: 2.29e-02
Processing column 255/262: SMBSMMRT
  CCC: 0.007347, p-value: 8.12e-01
Processing column 256/262: SME1SNSE
  CCC: 0.044701, p-value: 1.57e-03
Processing column 257/262: SME1PCTS
  CCC: 0.030987, p-value: 1.17e-02
Processing column 258/262: SMRRNART
  CCC: 0.018206, p-value: 1.81e-01
Processing column 259/262: SME1MPRT
  CCC: 0.007371, p-value: 8.09e-01
Processing column 260/262: SMNUM5CD
  Skipping SMNUM5CD: all values are NaN
Processing column 261/262: SMDPMPRT
  Skipping SMDPMPRT: only 1 unique value(s)
Processing column 262/262: SME2PCTS
  CCC: 0.030227, p-value: 1.71e-02

Completed processing liver:
  Total metadata columns: 262
  Successful analyses: 175
  Skipped/Failed: 87
Results for CYTIP in liver saved to: /mnt/data/proj_data/ccc-gpu/metadata_correlation/nperm=100000/RASSF2_CYTIP/CYTIP_liver_correlation_results.pkl
Log file for CYTIP in liver saved to: /mnt/data/proj_data/ccc-gpu/metadata_correlation/nperm=100000/RASSF2_CYTIP/CYTIP_liver.log
Runtime for CYTIP in liver: 332.67 seconds (5.54 minutes)

================================================================================
COMBINED RESULTS SUMMARY
================================================================================
Gene Symbol: CYTIP
Gene ID: ENSG00000115165.9
Permutations: 100,000
Tissues processed: 2
Combined results saved to: /mnt/data/proj_data/ccc-gpu/metadata_correlation/nperm=100000/RASSF2_CYTIP/CYTIP_all_tissues_correlation_results.pkl
Combined results (CSV) saved to: /mnt/data/proj_data/ccc-gpu/metadata_correlation/nperm=100000/RASSF2_CYTIP/CYTIP_all_tissues_correlation_results.csv

Total successful analyses across all tissues: 367

================================================================================
TOP CORRELATIONS ACROSS ALL TISSUES (by absolute CCC value)
================================================================================
Tissue               Metadata Column           CCC Value    P-value      Significance
------------------------------------------------------------------------------------------
whole_blood          SMNTRNRT                    0.261762    1.00e-05  ***
whole_blood          COHORT                      0.252980    1.00e-05  ***
whole_blood          SMTSISCH                    0.215092    1.00e-05  ***
whole_blood          TRISCHD                     0.210187    1.00e-05  ***
whole_blood          DTHRFG                      0.205345    1.00e-05  ***
whole_blood          TRCCLMPD                    0.205339    1.00e-05  ***
whole_blood          TRCHSTIND                   0.205339    1.00e-05  ***
whole_blood          TRDNISCH                    0.198172    1.00e-05  ***
whole_blood          LBCMVTAB                    0.195811    1.00e-05  ***
whole_blood          DTHVNT                      0.193497    1.00e-05  ***
whole_blood          LBEBVMAB                    0.191134    1.00e-05  ***
whole_blood          LBEBVGAB                    0.191134    1.00e-05  ***
whole_blood          DTHHRDY                     0.184226    1.00e-05  ***
whole_blood          MHBRNWGHT                   0.149478    1.00e-05  ***
whole_blood          MHBRNPH                     0.149478    1.00e-05  ***
whole_blood          DTHVNTD                     0.143365    1.00e-05  ***
whole_blood          SMEXNCRT                    0.126241    1.00e-05  ***
whole_blood          TRCRTMP                     0.097342    1.00e-05  ***
whole_blood          LBPRRVDRL                   0.095946    1.00e-05  ***
whole_blood          MHABNWBC                    0.089223    1.00e-05  ***

================================================================================
SUMMARY BY TISSUE
================================================================================
Tissue               N Samples  Successful   Mean |CCC|   Max |CCC|
----------------------------------------------------------------------
liver                226        175          0.010773     0.081201
whole_blood          755        192          0.025886     0.261762

================================================================================
RUNTIME SUMMARY
================================================================================
Total runtime: 775.28 seconds (12.92 minutes)
Average runtime per tissue: 387.64 seconds

Runtime by tissue:
Tissue                    Runtime (sec)   Runtime (min)   Status
----------------------------------------------------------------------
liver                     332.67          5.54            Success
whole_blood               442.61          7.38            Success

Fastest: liver (332.67 seconds)
Slowest: whole_blood (442.61 seconds)
Speed ratio: 1.3x
Runtime for CYTIP: 775.28 seconds (12.92 minutes)

====================================================================================================
OVERALL RESULTS SUMMARY
====================================================================================================
Gene symbols processed: RASSF2, CYTIP
Total genes: 2
Permutations: 100,000
Tissues per gene: 2
All genes combined results saved to: /mnt/data/proj_data/ccc-gpu/metadata_correlation/nperm=100000/RASSF2_CYTIP/all_genes_all_tissues_correlation_results.pkl
All genes combined results (CSV) saved to: /mnt/data/proj_data/ccc-gpu/metadata_correlation/nperm=100000/RASSF2_CYTIP/all_genes_all_tissues_correlation_results.csv

Log files created:
  RASSF2 - whole_blood: /mnt/data/proj_data/ccc-gpu/metadata_correlation/nperm=100000/RASSF2_CYTIP/RASSF2_whole_blood.log
  RASSF2 - liver: /mnt/data/proj_data/ccc-gpu/metadata_correlation/nperm=100000/RASSF2_CYTIP/RASSF2_liver.log
  CYTIP - whole_blood: /mnt/data/proj_data/ccc-gpu/metadata_correlation/nperm=100000/RASSF2_CYTIP/CYTIP_whole_blood.log
  CYTIP - liver: /mnt/data/proj_data/ccc-gpu/metadata_correlation/nperm=100000/RASSF2_CYTIP/CYTIP_liver.log

Total successful analyses across all genes and tissues: 734

====================================================================================================
TOP CORRELATIONS ACROSS ALL GENES AND TISSUES (by absolute CCC value)
====================================================================================================
Gene         Tissue               Metadata Column           CCC Value    P-value      Significance
--------------------------------------------------------------------------------------------------------------
RASSF2       whole_blood          COHORT                      0.553714    1.00e-05  ***
RASSF2       whole_blood          TRISCHD                     0.535868    1.00e-05  ***
RASSF2       whole_blood          TRCHSTIND                   0.535868    1.00e-05  ***
RASSF2       whole_blood          SMTSISCH                    0.528125    1.00e-05  ***
RASSF2       whole_blood          TRDNISCH                    0.509012    1.00e-05  ***
RASSF2       whole_blood          LBCMVTAB                    0.505233    1.00e-05  ***
RASSF2       whole_blood          LBEBVMAB                    0.497715    1.00e-05  ***
RASSF2       whole_blood          LBEBVGAB                    0.497715    1.00e-05  ***
RASSF2       whole_blood          DTHRFG                      0.490255    1.00e-05  ***
RASSF2       whole_blood          TRCCLMPD                    0.490252    1.00e-05  ***
RASSF2       whole_blood          DTHHRDY                     0.464582    1.00e-05  ***
RASSF2       whole_blood          DTHVNT                      0.443140    1.00e-05  ***
RASSF2       whole_blood          DTHVNTD                     0.418721    1.00e-05  ***
RASSF2       whole_blood          MHBRNWGHT                   0.349664    1.00e-05  ***
RASSF2       whole_blood          MHBRNPH                     0.349664    1.00e-05  ***
RASSF2       whole_blood          MHABNWBC                    0.270010    1.00e-05  ***
CYTIP        whole_blood          SMNTRNRT                    0.261762    1.00e-05  ***
CYTIP        whole_blood          COHORT                      0.252980    1.00e-05  ***
RASSF2       whole_blood          SMNTERRT                    0.250997    1.00e-05  ***
RASSF2       whole_blood          SMNTRART                    0.243071    1.00e-05  ***
CYTIP        whole_blood          SMTSISCH                    0.215092    1.00e-05  ***
CYTIP        whole_blood          TRISCHD                     0.210187    1.00e-05  ***
CYTIP        whole_blood          DTHRFG                      0.205345    1.00e-05  ***
CYTIP        whole_blood          TRCHSTIND                   0.205339    1.00e-05  ***
CYTIP        whole_blood          TRCCLMPD                    0.205339    1.00e-05  ***
RASSF2       whole_blood          TRCRTMP                     0.203103    1.00e-05  ***
RASSF2       whole_blood          SMNTRNRT                    0.202936    1.00e-05  ***
CYTIP        whole_blood          TRDNISCH                    0.198172    1.00e-05  ***
RASSF2       whole_blood          ETHNCTY                     0.195811    1.00e-05  ***
CYTIP        whole_blood          LBCMVTAB                    0.195811    1.00e-05  ***

====================================================================================================
SUMMARY BY GENE
====================================================================================================

Gene: RASSF2 (ID: ENSG00000101265.15)
  Tissues processed: 2
  Successful analyses: 367
  Mean |CCC|: 0.040472
  Max |CCC|: 0.553714
  Top correlation: COHORT in whole_blood (CCC: 0.553714, p: 1.00e-05)
  Runtime: 770.62 seconds (12.84 minutes)

Gene: CYTIP (ID: ENSG00000115165.9)
  Tissues processed: 2
  Successful analyses: 367
  Mean |CCC|: 0.018680
  Max |CCC|: 0.261762
  Top correlation: SMNTRNRT in whole_blood (CCC: 0.261762, p: 1.00e-05)
  Runtime: 775.28 seconds (12.92 minutes)

====================================================================================================
SUMMARY BY TISSUE (across all genes)
====================================================================================================
Tissue                    N Genes    Successful   Mean |CCC|   Max |CCC|
---------------------------------------------------------------------------
liver                     2          350          0.014853     0.169305
whole_blood               2          384          0.042995     0.553714

====================================================================================================
RUNTIME SUMMARY
====================================================================================================
Total runtime: 1545.91 seconds (25.77 minutes)
Average runtime per gene: 772.96 seconds
Total gene-tissue combinations: 4

Runtime by gene:
Gene            Runtime (sec)   Runtime (min)   Tissues    Successful
---------------------------------------------------------------------------
RASSF2          770.62          12.84           2          2
CYTIP           775.28          12.92           2          2

Average runtime by tissue (across all genes):
Tissue                    Avg Runtime (sec)  Avg Runtime (min)  N Runs   Min        Max
-----------------------------------------------------------------------------------------------
liver                     332.47             5.54               2        332.28     332.67
whole_blood               440.48             7.34               2        438.34     442.61

Fastest tissue (avg): liver (332.47 seconds)
Slowest tissue (avg): whole_blood (440.48 seconds)
Speed ratio: 1.3x

Summary log saved to: /mnt/data/proj_data/ccc-gpu/metadata_correlation/nperm=100000/RASSF2_CYTIP/_RASSF2_CYTIP_summary_execution.log
Summary tables saved to: /mnt/data/proj_data/ccc-gpu/metadata_correlation/nperm=100000/RASSF2_CYTIP/_RASSF2_CYTIP_summary_tables.log
