2025-07-21 22:07:50,898 - INFO - Logging initialized - Log file: logs/20250721_220750/coefficient_analysis.log
2025-07-21 22:07:50,898 - INFO - ================================================================================
2025-07-21 22:07:50,898 - INFO - GTEx COEFFICIENT DISTRIBUTION ANALYSIS
2025-07-21 22:07:50,898 - INFO - ================================================================================
2025-07-21 22:07:50,898 - INFO - Configuration:
2025-07-21 22:07:50,898 - INFO -   tissue: whole_blood
2025-07-21 22:07:50,898 - INFO -   top_n_genes: all
2025-07-21 22:07:50,898 - INFO -   gene_selection_strategy: var_pc_log2
2025-07-21 22:07:50,898 - INFO -   gene_pairs_percent: 0.7
2025-07-21 22:07:50,898 - INFO -   data_dir: /pividori_lab/haoyu_projects/ccc-gpu/data/gtex
2025-07-21 22:07:50,898 - INFO -   output_dir: /pividori_lab/haoyu_projects/ccc-gpu/figures
2025-07-21 22:07:50,898 - INFO -   log_dir: None
2025-07-21 22:07:50,898 - INFO -   ccc_label: CCC
2025-07-21 22:07:50,898 - INFO -   pearson_label: Pearson
2025-07-21 22:07:50,898 - INFO -   spearman_label: Spearman
2025-07-21 22:07:50,898 - INFO - Original output directory: /pividori_lab/haoyu_projects/ccc-gpu/figures/coefs_comp/gtex_whole_blood
2025-07-21 22:07:50,898 - INFO - Log directory: logs/20250721_220750
2025-07-21 22:07:50,898 - INFO - Validating input files...
2025-07-21 22:07:50,898 - INFO - ✅ Gene expression file: /pividori_lab/haoyu_projects/ccc-gpu/data/gtex/gene_selection/all/gtex_v8_data_whole_blood-var_pc_log2.pkl
2025-07-21 22:07:50,898 - INFO - ✅ Correlation file: /pividori_lab/haoyu_projects/ccc-gpu/data/gtex/similarity_matrices/all/gtex_v8_data_whole_blood-var_pc_log2-all.pkl
2025-07-21 22:07:51,496 - INFO - Loading correlation data from: /pividori_lab/haoyu_projects/ccc-gpu/data/gtex/similarity_matrices/all/gtex_v8_data_whole_blood-var_pc_log2-all.pkl
2025-07-21 22:08:09,864 - INFO - ✅ Data loaded successfully - Shape: (1420258456, 3)
2025-07-21 22:08:09,864 - INFO - Columns: ['CCC', 'Pearson', 'Spearman']
2025-07-21 22:08:09,864 - INFO - Data Statistics:
2025-07-21 22:08:27,683 - INFO -   Mean values: {'CCC': nan, 'Pearson': nan, 'Spearman': nan}
2025-07-21 22:09:12,807 - INFO -   Std values: {'CCC': 0.0, 'Pearson': 0.0, 'Spearman': 0.0}
