2025-07-21 23:07:51,078 - INFO - Logging initialized - Log file: logs/20250721_230751/coefficient_analysis.log
2025-07-21 23:07:51,078 - INFO - ================================================================================
2025-07-21 23:07:51,078 - INFO - GTEx COEFFICIENT DISTRIBUTION ANALYSIS
2025-07-21 23:07:51,078 - INFO - ================================================================================
2025-07-21 23:07:51,078 - INFO - Configuration:
2025-07-21 23:07:51,078 - INFO -   tissue: whole_blood
2025-07-21 23:07:51,078 - INFO -   top_n_genes: all
2025-07-21 23:07:51,078 - INFO -   gene_selection_strategy: var_pc_log2
2025-07-21 23:07:51,078 - INFO -   gene_pairs_percent: 0.7
2025-07-21 23:07:51,078 - INFO -   data_dir: /pividori_lab/haoyu_projects/ccc-gpu/data/gtex
2025-07-21 23:07:51,078 - INFO -   output_dir: /pividori_lab/haoyu_projects/ccc-gpu/figures
2025-07-21 23:07:51,078 - INFO -   log_dir: None
2025-07-21 23:07:51,078 - INFO -   ccc_label: CCC
2025-07-21 23:07:51,078 - INFO -   pearson_label: Pearson
2025-07-21 23:07:51,078 - INFO -   spearman_label: Spearman
2025-07-21 23:07:51,078 - INFO - Original output directory: /pividori_lab/haoyu_projects/ccc-gpu/figures/coefs_comp/gtex_whole_blood
2025-07-21 23:07:51,078 - INFO - Log directory: logs/20250721_230751
2025-07-21 23:07:51,078 - INFO - Validating input files...
2025-07-21 23:07:51,079 - INFO - ✅ Gene expression file: /pividori_lab/haoyu_projects/ccc-gpu/data/gtex/gene_selection/all/gtex_v8_data_whole_blood-var_pc_log2.pkl
2025-07-21 23:07:51,079 - INFO - ✅ Correlation file: /pividori_lab/haoyu_projects/ccc-gpu/data/gtex/similarity_matrices/all/gtex_v8_data_whole_blood-var_pc_log2-all.pkl
2025-07-21 23:07:51,825 - INFO - Loading correlation data from: /pividori_lab/haoyu_projects/ccc-gpu/data/gtex/similarity_matrices/all/gtex_v8_data_whole_blood-var_pc_log2-all.pkl
2025-07-21 23:08:07,352 - INFO - ✅ Data loaded successfully - Shape: (1420258456, 3)
2025-07-21 23:08:07,353 - INFO - Columns: ['CCC', 'Pearson', 'Spearman']
2025-07-21 23:08:07,353 - INFO - 🧹 Cleaning data: removing rows with NaN values...
2025-07-21 23:08:28,218 - INFO -   ✅ No NaN values found - all 1,420,258,456 rows retained
2025-07-21 23:08:44,272 - INFO - ✅ Data cleaning verified: no NaN values in coefficient columns
2025-07-21 23:08:44,272 - INFO - Data Statistics (after cleaning):
2025-07-21 23:09:02,163 - INFO -   Mean values: {'CCC': nan, 'Pearson': nan, 'Spearman': nan}
2025-07-21 23:09:45,828 - INFO -   Std values: {'CCC': 0.0, 'Pearson': 0.0, 'Spearman': 0.0}
2025-07-21 23:15:20,521 - INFO -   Skewness: {'CCC': 4.543978260138456, 'Pearson': 2.5214563848396665, 'Spearman': 2.436548598554887}
2025-07-21 23:15:20,564 - INFO - Starting plot generation...
