Starting gene pair intersections analysis for 54 tissues
Job started at: Sun Jul  6 09:04:54 PM MDT 2025

==========================================
Processing tissue 1/54: adipose_subcutaneous
Started at: Sun Jul  6 09:04:54 PM MDT 2025
==========================================
Output file already exists: /pividori_lab/haoyu_projects/ccc-gpu/results/gene_pair_intersections/gene_pair_intersections-gtex_v8-adipose_subcutaneous-var_pc_log2.pkl
Script stopping - output file already exists
✓ Successfully processed adipose_subcutaneous
Finished adipose_subcutaneous at: Sun Jul  6 09:04:55 PM MDT 2025
Progress: 1 processed, 0 skipped, 0 failed, 53 remaining

==========================================
Processing tissue 2/54: adipose_visceral_omentum
Started at: Sun Jul  6 09:04:55 PM MDT 2025
==========================================
Output file already exists: /pividori_lab/haoyu_projects/ccc-gpu/results/gene_pair_intersections/gene_pair_intersections-gtex_v8-adipose_visceral_omentum-var_pc_log2.pkl
Script stopping - output file already exists
✓ Successfully processed adipose_visceral_omentum
Finished adipose_visceral_omentum at: Sun Jul  6 09:04:57 PM MDT 2025
Progress: 2 processed, 0 skipped, 0 failed, 52 remaining

==========================================
Processing tissue 3/54: adrenal_gland
Started at: Sun Jul  6 09:04:57 PM MDT 2025
==========================================
Output file already exists: /pividori_lab/haoyu_projects/ccc-gpu/results/gene_pair_intersections/gene_pair_intersections-gtex_v8-adrenal_gland-var_pc_log2.pkl
Script stopping - output file already exists
✓ Successfully processed adrenal_gland
Finished adrenal_gland at: Sun Jul  6 09:04:58 PM MDT 2025
Progress: 3 processed, 0 skipped, 0 failed, 51 remaining

==========================================
Processing tissue 4/54: artery_aorta
Started at: Sun Jul  6 09:04:58 PM MDT 2025
==========================================
Output file already exists: /pividori_lab/haoyu_projects/ccc-gpu/results/gene_pair_intersections/gene_pair_intersections-gtex_v8-artery_aorta-var_pc_log2.pkl
Script stopping - output file already exists
✓ Successfully processed artery_aorta
Finished artery_aorta at: Sun Jul  6 09:04:59 PM MDT 2025
Progress: 4 processed, 0 skipped, 0 failed, 50 remaining

==========================================
Processing tissue 5/54: artery_coronary
Started at: Sun Jul  6 09:04:59 PM MDT 2025
==========================================
✓ Successfully processed artery_coronary
Finished artery_coronary at: Sun Jul  6 09:43:19 PM MDT 2025
Progress: 5 processed, 0 skipped, 0 failed, 49 remaining

==========================================
Processing tissue 6/54: artery_tibial
Started at: Sun Jul  6 09:43:19 PM MDT 2025
==========================================
✓ Successfully processed artery_tibial
Finished artery_tibial at: Sun Jul  6 10:25:55 PM MDT 2025
Progress: 6 processed, 0 skipped, 0 failed, 48 remaining

==========================================
Processing tissue 7/54: bladder
Started at: Sun Jul  6 10:25:55 PM MDT 2025
==========================================
✓ Successfully processed bladder
Finished bladder at: Sun Jul  6 10:54:05 PM MDT 2025
Progress: 7 processed, 0 skipped, 0 failed, 47 remaining

==========================================
Processing tissue 8/54: brain_amygdala
Started at: Sun Jul  6 10:54:05 PM MDT 2025
==========================================
✓ Successfully processed brain_amygdala
Finished brain_amygdala at: Sun Jul  6 11:41:43 PM MDT 2025
Progress: 8 processed, 0 skipped, 0 failed, 46 remaining

==========================================
Processing tissue 9/54: brain_anterior_cingulate_cortex_ba24
Started at: Sun Jul  6 11:41:43 PM MDT 2025
==========================================
✓ Successfully processed brain_anterior_cingulate_cortex_ba24
Finished brain_anterior_cingulate_cortex_ba24 at: Mon Jul  7 12:20:35 AM MDT 2025
Progress: 9 processed, 0 skipped, 0 failed, 45 remaining

==========================================
Processing tissue 10/54: brain_caudate_basal_ganglia
Started at: Mon Jul  7 12:20:35 AM MDT 2025
==========================================
✓ Successfully processed brain_caudate_basal_ganglia
Finished brain_caudate_basal_ganglia at: Mon Jul  7 12:59:37 AM MDT 2025
Progress: 10 processed, 0 skipped, 0 failed, 44 remaining

==========================================
Processing tissue 11/54: brain_cerebellar_hemisphere
Started at: Mon Jul  7 12:59:37 AM MDT 2025
==========================================
✓ Successfully processed brain_cerebellar_hemisphere
Finished brain_cerebellar_hemisphere at: Mon Jul  7 01:38:03 AM MDT 2025
Progress: 11 processed, 0 skipped, 0 failed, 43 remaining

==========================================
Processing tissue 12/54: brain_cerebellum
Started at: Mon Jul  7 01:38:03 AM MDT 2025
==========================================
✓ Successfully processed brain_cerebellum
Finished brain_cerebellum at: Mon Jul  7 02:17:25 AM MDT 2025
Progress: 12 processed, 0 skipped, 0 failed, 42 remaining

==========================================
Processing tissue 13/54: brain_cortex
Started at: Mon Jul  7 02:17:25 AM MDT 2025
==========================================
✓ Successfully processed brain_cortex
Finished brain_cortex at: Mon Jul  7 02:58:06 AM MDT 2025
Progress: 13 processed, 0 skipped, 0 failed, 41 remaining

==========================================
Processing tissue 14/54: brain_frontal_cortex_ba9
Started at: Mon Jul  7 02:58:06 AM MDT 2025
==========================================
✓ Successfully processed brain_frontal_cortex_ba9
Finished brain_frontal_cortex_ba9 at: Mon Jul  7 03:36:30 AM MDT 2025
Progress: 14 processed, 0 skipped, 0 failed, 40 remaining

==========================================
Processing tissue 15/54: brain_hippocampus
Started at: Mon Jul  7 03:36:30 AM MDT 2025
==========================================
✓ Successfully processed brain_hippocampus
Finished brain_hippocampus at: Mon Jul  7 04:15:35 AM MDT 2025
Progress: 15 processed, 0 skipped, 0 failed, 39 remaining

==========================================
Processing tissue 16/54: brain_hypothalamus
Started at: Mon Jul  7 04:15:35 AM MDT 2025
==========================================
✓ Successfully processed brain_hypothalamus
Finished brain_hypothalamus at: Mon Jul  7 04:54:58 AM MDT 2025
Progress: 16 processed, 0 skipped, 0 failed, 38 remaining

==========================================
Processing tissue 17/54: brain_nucleus_accumbens_basal_ganglia
Started at: Mon Jul  7 04:54:58 AM MDT 2025
==========================================
✓ Successfully processed brain_nucleus_accumbens_basal_ganglia
Finished brain_nucleus_accumbens_basal_ganglia at: Mon Jul  7 05:33:41 AM MDT 2025
Progress: 17 processed, 0 skipped, 0 failed, 37 remaining

==========================================
Processing tissue 18/54: brain_putamen_basal_ganglia
Started at: Mon Jul  7 05:33:41 AM MDT 2025
==========================================
✓ Successfully processed brain_putamen_basal_ganglia
Finished brain_putamen_basal_ganglia at: Mon Jul  7 06:11:23 AM MDT 2025
Progress: 18 processed, 0 skipped, 0 failed, 36 remaining

==========================================
Processing tissue 19/54: brain_spinal_cord_cervical_c1
Started at: Mon Jul  7 06:11:23 AM MDT 2025
==========================================
✓ Successfully processed brain_spinal_cord_cervical_c1
Finished brain_spinal_cord_cervical_c1 at: Mon Jul  7 06:49:44 AM MDT 2025
Progress: 19 processed, 0 skipped, 0 failed, 35 remaining

==========================================
Processing tissue 20/54: brain_substantia_nigra
Started at: Mon Jul  7 06:49:44 AM MDT 2025
==========================================
✓ Successfully processed brain_substantia_nigra
Finished brain_substantia_nigra at: Mon Jul  7 07:26:51 AM MDT 2025
Progress: 20 processed, 0 skipped, 0 failed, 34 remaining

==========================================
Processing tissue 21/54: breast_mammary_tissue
Started at: Mon Jul  7 07:26:51 AM MDT 2025
==========================================
✓ Successfully processed breast_mammary_tissue
Finished breast_mammary_tissue at: Mon Jul  7 08:08:16 AM MDT 2025
Progress: 21 processed, 0 skipped, 0 failed, 33 remaining

==========================================
Processing tissue 22/54: cells_cultured_fibroblasts
Started at: Mon Jul  7 08:08:16 AM MDT 2025
==========================================
✓ Successfully processed cells_cultured_fibroblasts
Finished cells_cultured_fibroblasts at: Mon Jul  7 08:47:45 AM MDT 2025
Progress: 22 processed, 0 skipped, 0 failed, 32 remaining

==========================================
Processing tissue 23/54: cells_ebvtransformed_lymphocytes
Started at: Mon Jul  7 08:47:45 AM MDT 2025
==========================================
✓ Successfully processed cells_ebvtransformed_lymphocytes
Finished cells_ebvtransformed_lymphocytes at: Mon Jul  7 09:25:13 AM MDT 2025
Progress: 23 processed, 0 skipped, 0 failed, 31 remaining

==========================================
Processing tissue 24/54: cervix_ectocervix
Started at: Mon Jul  7 09:25:13 AM MDT 2025
==========================================
✓ Successfully processed cervix_ectocervix
Finished cervix_ectocervix at: Mon Jul  7 09:49:07 AM MDT 2025
Progress: 24 processed, 0 skipped, 0 failed, 30 remaining

==========================================
Processing tissue 25/54: cervix_endocervix
Started at: Mon Jul  7 09:49:07 AM MDT 2025
==========================================
✓ Successfully processed cervix_endocervix
Finished cervix_endocervix at: Mon Jul  7 10:13:09 AM MDT 2025
Progress: 25 processed, 0 skipped, 0 failed, 29 remaining

==========================================
Processing tissue 26/54: colon_sigmoid
Started at: Mon Jul  7 10:13:09 AM MDT 2025
==========================================
✓ Successfully processed colon_sigmoid
Finished colon_sigmoid at: Mon Jul  7 10:53:40 AM MDT 2025
Progress: 26 processed, 0 skipped, 0 failed, 28 remaining

==========================================
Processing tissue 27/54: colon_transverse
Started at: Mon Jul  7 10:53:40 AM MDT 2025
==========================================
✓ Successfully processed colon_transverse
Finished colon_transverse at: Mon Jul  7 11:33:32 AM MDT 2025
Progress: 27 processed, 0 skipped, 0 failed, 27 remaining

==========================================
Processing tissue 28/54: esophagus_gastroesophageal_junction
Started at: Mon Jul  7 11:33:32 AM MDT 2025
==========================================
✓ Successfully processed esophagus_gastroesophageal_junction
Finished esophagus_gastroesophageal_junction at: Mon Jul  7 12:13:40 PM MDT 2025
Progress: 28 processed, 0 skipped, 0 failed, 26 remaining

==========================================
Processing tissue 29/54: esophagus_mucosa
Started at: Mon Jul  7 12:13:40 PM MDT 2025
==========================================
✓ Successfully processed esophagus_mucosa
Finished esophagus_mucosa at: Mon Jul  7 12:54:29 PM MDT 2025
Progress: 29 processed, 0 skipped, 0 failed, 25 remaining

==========================================
Processing tissue 30/54: esophagus_muscularis
Started at: Mon Jul  7 12:54:29 PM MDT 2025
==========================================
✓ Successfully processed esophagus_muscularis
Finished esophagus_muscularis at: Mon Jul  7 01:35:14 PM MDT 2025
Progress: 30 processed, 0 skipped, 0 failed, 24 remaining

==========================================
Processing tissue 31/54: fallopian_tube
Started at: Mon Jul  7 01:35:14 PM MDT 2025
==========================================
✓ Successfully processed fallopian_tube
Finished fallopian_tube at: Mon Jul  7 01:59:02 PM MDT 2025
Progress: 31 processed, 0 skipped, 0 failed, 23 remaining

==========================================
Processing tissue 32/54: heart_atrial_appendage
Started at: Mon Jul  7 01:59:02 PM MDT 2025
==========================================
✓ Successfully processed heart_atrial_appendage
Finished heart_atrial_appendage at: Mon Jul  7 02:39:48 PM MDT 2025
Progress: 32 processed, 0 skipped, 0 failed, 22 remaining

==========================================
Processing tissue 33/54: heart_left_ventricle
Started at: Mon Jul  7 02:39:48 PM MDT 2025
==========================================
✓ Successfully processed heart_left_ventricle
Finished heart_left_ventricle at: Mon Jul  7 03:18:46 PM MDT 2025
Progress: 33 processed, 0 skipped, 0 failed, 21 remaining

==========================================
Processing tissue 34/54: kidney_cortex
Started at: Mon Jul  7 03:18:46 PM MDT 2025
==========================================
✓ Successfully processed kidney_cortex
Finished kidney_cortex at: Mon Jul  7 03:52:13 PM MDT 2025
Progress: 34 processed, 0 skipped, 0 failed, 20 remaining

==========================================
Processing tissue 35/54: kidney_medulla
Started at: Mon Jul  7 03:52:13 PM MDT 2025
==========================================
✗ Failed to process kidney_medulla (exit code: 1)
Finished kidney_medulla at: Mon Jul  7 04:10:33 PM MDT 2025
Progress: 34 processed, 0 skipped, 1 failed, 19 remaining

==========================================
Processing tissue 36/54: liver
Started at: Mon Jul  7 04:10:33 PM MDT 2025
==========================================
✓ Successfully processed liver
Finished liver at: Mon Jul  7 04:47:40 PM MDT 2025
Progress: 35 processed, 0 skipped, 1 failed, 18 remaining

==========================================
Processing tissue 37/54: lung
Started at: Mon Jul  7 04:47:40 PM MDT 2025
==========================================
✓ Successfully processed lung
Finished lung at: Mon Jul  7 05:29:04 PM MDT 2025
Progress: 36 processed, 0 skipped, 1 failed, 17 remaining

==========================================
Processing tissue 38/54: minor_salivary_gland
Started at: Mon Jul  7 05:29:04 PM MDT 2025
==========================================
✓ Successfully processed minor_salivary_gland
Finished minor_salivary_gland at: Mon Jul  7 06:06:09 PM MDT 2025
Progress: 37 processed, 0 skipped, 1 failed, 16 remaining

==========================================
Processing tissue 39/54: muscle_skeletal
Started at: Mon Jul  7 06:06:09 PM MDT 2025
==========================================
✓ Successfully processed muscle_skeletal
Finished muscle_skeletal at: Mon Jul  7 06:48:08 PM MDT 2025
Progress: 38 processed, 0 skipped, 1 failed, 15 remaining

==========================================
Processing tissue 40/54: nerve_tibial
Started at: Mon Jul  7 06:48:08 PM MDT 2025
==========================================
✓ Successfully processed nerve_tibial
Finished nerve_tibial at: Mon Jul  7 07:29:53 PM MDT 2025
Progress: 39 processed, 0 skipped, 1 failed, 14 remaining

==========================================
Processing tissue 41/54: ovary
Started at: Mon Jul  7 07:29:53 PM MDT 2025
==========================================
✓ Successfully processed ovary
Finished ovary at: Mon Jul  7 08:07:27 PM MDT 2025
Progress: 40 processed, 0 skipped, 1 failed, 13 remaining

==========================================
Processing tissue 42/54: pancreas
Started at: Mon Jul  7 08:07:27 PM MDT 2025
==========================================
✓ Successfully processed pancreas
Finished pancreas at: Mon Jul  7 08:46:06 PM MDT 2025
Progress: 41 processed, 0 skipped, 1 failed, 12 remaining

==========================================
Processing tissue 43/54: pituitary
Started at: Mon Jul  7 08:46:06 PM MDT 2025
==========================================
✓ Successfully processed pituitary
Finished pituitary at: Mon Jul  7 09:26:01 PM MDT 2025
Progress: 42 processed, 0 skipped, 1 failed, 11 remaining

==========================================
Processing tissue 44/54: prostate
Started at: Mon Jul  7 09:26:01 PM MDT 2025
==========================================
✓ Successfully processed prostate
Finished prostate at: Mon Jul  7 10:04:49 PM MDT 2025
Progress: 43 processed, 0 skipped, 1 failed, 10 remaining

==========================================
Processing tissue 45/54: skin_not_sun_exposed_suprapubic
Started at: Mon Jul  7 10:04:49 PM MDT 2025
==========================================
✓ Successfully processed skin_not_sun_exposed_suprapubic
Finished skin_not_sun_exposed_suprapubic at: Mon Jul  7 10:46:27 PM MDT 2025
Progress: 44 processed, 0 skipped, 1 failed, 9 remaining

==========================================
Processing tissue 46/54: skin_sun_exposed_lower_leg
Started at: Mon Jul  7 10:46:27 PM MDT 2025
==========================================
✓ Successfully processed skin_sun_exposed_lower_leg
Finished skin_sun_exposed_lower_leg at: Mon Jul  7 11:28:17 PM MDT 2025
Progress: 45 processed, 0 skipped, 1 failed, 8 remaining

==========================================
Processing tissue 47/54: small_intestine_terminal_ileum
Started at: Mon Jul  7 11:28:17 PM MDT 2025
==========================================
✓ Successfully processed small_intestine_terminal_ileum
Finished small_intestine_terminal_ileum at: Tue Jul  8 12:05:30 AM MDT 2025
Progress: 46 processed, 0 skipped, 1 failed, 7 remaining

==========================================
Processing tissue 48/54: spleen
Started at: Tue Jul  8 12:05:30 AM MDT 2025
==========================================
✓ Successfully processed spleen
Finished spleen at: Tue Jul  8 12:44:59 AM MDT 2025
Progress: 47 processed, 0 skipped, 1 failed, 6 remaining

==========================================
Processing tissue 49/54: stomach
Started at: Tue Jul  8 12:44:59 AM MDT 2025
==========================================
✓ Successfully processed stomach
Finished stomach at: Tue Jul  8 01:24:32 AM MDT 2025
Progress: 48 processed, 0 skipped, 1 failed, 5 remaining

==========================================
Processing tissue 50/54: testis
Started at: Tue Jul  8 01:24:32 AM MDT 2025
==========================================
✓ Successfully processed testis
Finished testis at: Tue Jul  8 02:06:28 AM MDT 2025
Progress: 49 processed, 0 skipped, 1 failed, 4 remaining

==========================================
Processing tissue 51/54: thyroid
Started at: Tue Jul  8 02:06:28 AM MDT 2025
==========================================
✓ Successfully processed thyroid
Finished thyroid at: Tue Jul  8 02:47:46 AM MDT 2025
Progress: 50 processed, 0 skipped, 1 failed, 3 remaining

==========================================
Processing tissue 52/54: uterus
Started at: Tue Jul  8 02:47:46 AM MDT 2025
==========================================
✓ Successfully processed uterus
Finished uterus at: Tue Jul  8 03:23:31 AM MDT 2025
Progress: 51 processed, 0 skipped, 1 failed, 2 remaining

==========================================
Processing tissue 53/54: vagina
Started at: Tue Jul  8 03:23:31 AM MDT 2025
==========================================
✓ Successfully processed vagina
Finished vagina at: Tue Jul  8 04:00:48 AM MDT 2025
Progress: 52 processed, 0 skipped, 1 failed, 1 remaining

==========================================
Processing tissue 54/54: whole_blood
Started at: Tue Jul  8 04:00:48 AM MDT 2025
==========================================
✓ Successfully processed whole_blood
Finished whole_blood at: Tue Jul  8 04:40:25 AM MDT 2025
Progress: 53 processed, 0 skipped, 1 failed, 0 remaining

==========================================
All tissues processing completed!
Final Summary:
  Total tissues: 54
  Successfully processed: 53
  Skipped (output exists): 0
  Failed: 1
Job completed at: Tue Jul  8 04:40:25 AM MDT 2025
==========================================
WARNING: 1 tissues failed to process
