nohup: ignoring input
[2025-06-23 21:07:37,564 - summary] INFO: Output directory: /mnt/data/proj_data/ccc-gpu/metadata_correlation/nperm=1000000/RASSF2_CYTIP
[2025-06-23 21:07:37,564 - summary] INFO: Summary log file: /mnt/data/proj_data/ccc-gpu/metadata_correlation/nperm=1000000/RASSF2_CYTIP/CYTIP_summary.log
[2025-06-23 21:07:37,564 - summary] INFO: Gene symbols to analyze: CYTIP
[2025-06-23 21:07:37,715 - summary] INFO: 
====================================================================================================
[2025-06-23 21:07:37,715 - summary] INFO: PROCESSING GENE 1/1: CYTIP
[2025-06-23 21:07:37,715 - summary] INFO: ====================================================================================================
[2025-06-23 21:07:37,715 - summary] INFO: 
[1/1] Starting processing for CYTIP in whole_blood...
[2025-06-23 21:07:37,716 - tissue_CYTIP_whole_blood] INFO: 
============================================================
[2025-06-23 21:07:37,716 - tissue_CYTIP_whole_blood] INFO: Processing tissue: whole_blood
[2025-06-23 21:07:37,716 - tissue_CYTIP_whole_blood] INFO: File: gtex_v8_data_whole_blood-var_pc_log2.pkl
[2025-06-23 21:07:37,716 - tissue_CYTIP_whole_blood] INFO: Log file: /mnt/data/proj_data/ccc-gpu/metadata_correlation/nperm=1000000/RASSF2_CYTIP/CYTIP_whole_blood.log
[2025-06-23 21:07:37,716 - tissue_CYTIP_whole_blood] INFO: ============================================================
[2025-06-23 21:07:37,716 - tissue_CYTIP_whole_blood] INFO: Loading expression data...
[2025-06-23 21:07:37,861 - tissue_CYTIP_whole_blood] INFO: Expression data shape: (56200, 755)
[2025-06-23 21:07:37,863 - tissue_CYTIP_whole_blood] INFO: Gene ID for CYTIP: ENSG00000115165.9
[2025-06-23 21:07:37,865 - tissue_CYTIP_whole_blood] INFO: Number of samples: 755
[2025-06-23 21:07:37,867 - tissue_CYTIP_whole_blood] INFO: Common samples: 755
[2025-06-23 21:07:37,870 - tissue_CYTIP_whole_blood] INFO: Computing CCC between CYTIP expression and all metadata columns...
[2025-06-23 21:07:37,870 - tissue_CYTIP_whole_blood] INFO: Using 1000000 permutations and 24 jobs
[2025-06-23 21:07:37,870 - tissue_CYTIP_whole_blood] INFO: Processing 262 metadata columns...
[2025-06-23 21:07:37,870 - tissue_CYTIP_whole_blood] INFO: Processing column 1/262: SUBJID
[2025-06-23 21:07:45,650 - tissue_CYTIP_whole_blood] INFO:   CCC: 0.000000, p-value: 1.00e+00
[2025-06-23 21:07:45,651 - tissue_CYTIP_whole_blood] INFO: Processing column 2/262: COHORT
[2025-06-23 21:07:49,081 - tissue_CYTIP_whole_blood] INFO:   CCC: 0.252980, p-value: 1.00e-06
[2025-06-23 21:07:49,081 - tissue_CYTIP_whole_blood] INFO: Processing column 3/262: SEX
[2025-06-23 21:07:52,625 - tissue_CYTIP_whole_blood] INFO:   CCC: 0.001409, p-value: 3.97e-01
[2025-06-23 21:07:52,626 - tissue_CYTIP_whole_blood] INFO: Processing column 4/262: AGE
[2025-06-23 21:08:08,892 - tissue_CYTIP_whole_blood] INFO:   CCC: 0.057500, p-value: 1.00e-06
[2025-06-23 21:08:08,892 - tissue_CYTIP_whole_blood] INFO: Processing column 5/262: RACE
[2025-06-23 21:08:25,828 - tissue_CYTIP_whole_blood] INFO:   CCC: 0.015257, p-value: 1.00e-06
[2025-06-23 21:08:25,828 - tissue_CYTIP_whole_blood] INFO: Processing column 6/262: ETHNCTY
[2025-06-23 21:08:42,445 - tissue_CYTIP_whole_blood] INFO:   CCC: 0.071719, p-value: 1.00e-06
[2025-06-23 21:08:42,446 - tissue_CYTIP_whole_blood] INFO: Processing column 7/262: HGHT
[2025-06-23 21:08:59,218 - tissue_CYTIP_whole_blood] INFO:   CCC: 0.002158, p-value: 7.72e-01
[2025-06-23 21:08:59,218 - tissue_CYTIP_whole_blood] INFO: Processing column 8/262: HGHTU
[2025-06-23 21:08:59,219 - tissue_CYTIP_whole_blood] INFO:   Skipping HGHTU: only 1 unique value(s)
[2025-06-23 21:08:59,219 - tissue_CYTIP_whole_blood] INFO: Processing column 9/262: WGHT
[2025-06-23 21:09:15,749 - tissue_CYTIP_whole_blood] INFO:   CCC: 0.005498, p-value: 1.65e-01
[2025-06-23 21:09:15,750 - tissue_CYTIP_whole_blood] INFO: Processing column 10/262: WGHTU
[2025-06-23 21:09:15,751 - tissue_CYTIP_whole_blood] INFO:   Skipping WGHTU: only 1 unique value(s)
[2025-06-23 21:09:15,751 - tissue_CYTIP_whole_blood] INFO: Processing column 11/262: BMI
[2025-06-23 21:09:32,364 - tissue_CYTIP_whole_blood] INFO:   CCC: 0.002954, p-value: 6.41e-01
[2025-06-23 21:09:32,364 - tissue_CYTIP_whole_blood] INFO: Processing column 12/262: INCEXC
[2025-06-23 21:09:36,198 - tissue_CYTIP_whole_blood] INFO:   CCC: 0.000070, p-value: 3.13e-01
[2025-06-23 21:09:36,198 - tissue_CYTIP_whole_blood] INFO: Processing column 13/262: TRISCH
[2025-06-23 21:09:42,762 - tissue_CYTIP_whole_blood] INFO:   CCC: 0.001331, p-value: 5.27e-03
[2025-06-23 21:09:42,762 - tissue_CYTIP_whole_blood] INFO: Processing column 14/262: TRISCHD
[2025-06-23 21:09:59,284 - tissue_CYTIP_whole_blood] INFO:   CCC: 0.210187, p-value: 1.00e-06
[2025-06-23 21:09:59,284 - tissue_CYTIP_whole_blood] INFO: Processing column 15/262: TRCHSTIN
[2025-06-23 21:09:59,285 - tissue_CYTIP_whole_blood] INFO:   Error processing TRCHSTIN: '<' not supported between instances of 'float' and 'str'
[2025-06-23 21:09:59,286 - tissue_CYTIP_whole_blood] INFO: Processing column 16/262: TRCHSTIND
[2025-06-23 21:10:15,826 - tissue_CYTIP_whole_blood] INFO:   CCC: 0.205339, p-value: 1.00e-06
[2025-06-23 21:10:15,826 - tissue_CYTIP_whole_blood] INFO: Processing column 17/262: TRCCLMP
[2025-06-23 21:10:15,827 - tissue_CYTIP_whole_blood] INFO:   Error processing TRCCLMP: '<' not supported between instances of 'float' and 'str'
[2025-06-23 21:10:15,827 - tissue_CYTIP_whole_blood] INFO: Processing column 18/262: TRCCLMPD
[2025-06-23 21:10:32,511 - tissue_CYTIP_whole_blood] INFO:   CCC: 0.205339, p-value: 1.00e-06
[2025-06-23 21:10:32,512 - tissue_CYTIP_whole_blood] INFO: Processing column 19/262: TRORGNS
[2025-06-23 21:10:32,513 - tissue_CYTIP_whole_blood] INFO:   Error processing TRORGNS: '<' not supported between instances of 'float' and 'str'
[2025-06-23 21:10:32,513 - tissue_CYTIP_whole_blood] INFO: Processing column 20/262: TRAMP
[2025-06-23 21:10:32,513 - tissue_CYTIP_whole_blood] INFO:   Error processing TRAMP: '<' not supported between instances of 'str' and 'float'
[2025-06-23 21:10:32,513 - tissue_CYTIP_whole_blood] INFO: Processing column 21/262: TRCRTMP
[2025-06-23 21:10:49,129 - tissue_CYTIP_whole_blood] INFO:   CCC: 0.097342, p-value: 1.00e-06
[2025-06-23 21:10:49,129 - tissue_CYTIP_whole_blood] INFO: Processing column 22/262: TRCRTMPU
[2025-06-23 21:10:49,131 - tissue_CYTIP_whole_blood] INFO:   Error processing TRCRTMPU: '<' not supported between instances of 'float' and 'str'
[2025-06-23 21:10:49,131 - tissue_CYTIP_whole_blood] INFO: Processing column 23/262: TRCRTMPL
[2025-06-23 21:10:49,131 - tissue_CYTIP_whole_blood] INFO:   Error processing TRCRTMPL: '<' not supported between instances of 'float' and 'str'
[2025-06-23 21:10:49,131 - tissue_CYTIP_whole_blood] INFO: Processing column 24/262: TRTPTREF
[2025-06-23 21:10:52,689 - tissue_CYTIP_whole_blood] INFO:   CCC: 0.000609, p-value: 4.62e-02
[2025-06-23 21:10:52,689 - tissue_CYTIP_whole_blood] INFO: Processing column 25/262: TRVNTSR
[2025-06-23 21:10:52,690 - tissue_CYTIP_whole_blood] INFO:   Skipping TRVNTSR: only 1 unique value(s)
[2025-06-23 21:10:52,690 - tissue_CYTIP_whole_blood] INFO: Processing column 26/262: TRDNISCH
[2025-06-23 21:11:09,442 - tissue_CYTIP_whole_blood] INFO:   CCC: 0.198172, p-value: 1.00e-06
[2025-06-23 21:11:09,443 - tissue_CYTIP_whole_blood] INFO: Processing column 27/262: DTHPRNINT
[2025-06-23 21:11:09,444 - tissue_CYTIP_whole_blood] INFO:   Error processing DTHPRNINT: '<' not supported between instances of 'float' and 'str'
[2025-06-23 21:11:09,444 - tissue_CYTIP_whole_blood] INFO: Processing column 28/262: DTHTPTREF
[2025-06-23 21:11:09,444 - tissue_CYTIP_whole_blood] INFO:   Error processing DTHTPTREF: '<' not supported between instances of 'float' and 'str'
[2025-06-23 21:11:09,444 - tissue_CYTIP_whole_blood] INFO: Processing column 29/262: DTHATPSY
[2025-06-23 21:11:25,893 - tissue_CYTIP_whole_blood] INFO:   CCC: 0.039512, p-value: 1.00e-06
[2025-06-23 21:11:25,893 - tissue_CYTIP_whole_blood] INFO: Processing column 30/262: DTHRFG
[2025-06-23 21:11:42,391 - tissue_CYTIP_whole_blood] INFO:   CCC: 0.205345, p-value: 1.00e-06
[2025-06-23 21:11:42,391 - tissue_CYTIP_whole_blood] INFO: Processing column 31/262: DTHCERT
[2025-06-23 21:11:59,228 - tissue_CYTIP_whole_blood] INFO:   CCC: 0.084710, p-value: 1.00e-06
[2025-06-23 21:11:59,229 - tissue_CYTIP_whole_blood] INFO: Processing column 32/262: DTHVNT
[2025-06-23 21:12:15,891 - tissue_CYTIP_whole_blood] INFO:   CCC: 0.193497, p-value: 1.00e-06
[2025-06-23 21:12:15,891 - tissue_CYTIP_whole_blood] INFO: Processing column 33/262: DTHFUCOD
[2025-06-23 21:12:15,893 - tissue_CYTIP_whole_blood] INFO:   Error processing DTHFUCOD: '<' not supported between instances of 'float' and 'str'
[2025-06-23 21:12:15,893 - tissue_CYTIP_whole_blood] INFO: Processing column 34/262: DTHHRDY
[2025-06-23 21:12:32,674 - tissue_CYTIP_whole_blood] INFO:   CCC: 0.184226, p-value: 1.00e-06
[2025-06-23 21:12:32,675 - tissue_CYTIP_whole_blood] INFO: Processing column 35/262: DTHCOD
[2025-06-23 21:12:32,676 - tissue_CYTIP_whole_blood] INFO:   Error processing DTHCOD: '<' not supported between instances of 'float' and 'str'
[2025-06-23 21:12:32,676 - tissue_CYTIP_whole_blood] INFO: Processing column 36/262: DTHFUCODDU
[2025-06-23 21:12:32,676 - tissue_CYTIP_whole_blood] INFO:   Skipping DTHFUCODDU: only 1 unique value(s)
[2025-06-23 21:12:32,676 - tissue_CYTIP_whole_blood] INFO: Processing column 37/262: DTHFUCODD
[2025-06-23 21:12:49,219 - tissue_CYTIP_whole_blood] INFO:   CCC: 0.084872, p-value: 1.00e-06
[2025-06-23 21:12:49,219 - tissue_CYTIP_whole_blood] INFO: Processing column 38/262: DTHCODDU
[2025-06-23 21:12:49,220 - tissue_CYTIP_whole_blood] INFO:   Skipping DTHCODDU: only 1 unique value(s)
[2025-06-23 21:12:49,220 - tissue_CYTIP_whole_blood] INFO: Processing column 39/262: DTHCODD
[2025-06-23 21:13:05,722 - tissue_CYTIP_whole_blood] INFO:   CCC: 0.085743, p-value: 1.00e-06
[2025-06-23 21:13:05,722 - tissue_CYTIP_whole_blood] INFO: Processing column 40/262: DTHLUCODDU
[2025-06-23 21:13:05,723 - tissue_CYTIP_whole_blood] INFO:   Skipping DTHLUCODDU: only 1 unique value(s)
[2025-06-23 21:13:05,723 - tissue_CYTIP_whole_blood] INFO: Processing column 41/262: DTHLUCODD
[2025-06-23 21:13:22,419 - tissue_CYTIP_whole_blood] INFO:   CCC: 0.028182, p-value: 3.00e-06
[2025-06-23 21:13:22,419 - tissue_CYTIP_whole_blood] INFO: Processing column 42/262: DTHLUCOD
[2025-06-23 21:13:22,420 - tissue_CYTIP_whole_blood] INFO:   Error processing DTHLUCOD: '<' not supported between instances of 'float' and 'str'
[2025-06-23 21:13:22,420 - tissue_CYTIP_whole_blood] INFO: Processing column 43/262: DTHMNNR
[2025-06-23 21:13:22,420 - tissue_CYTIP_whole_blood] INFO:   Error processing DTHMNNR: '<' not supported between instances of 'float' and 'str'
[2025-06-23 21:13:22,420 - tissue_CYTIP_whole_blood] INFO: Processing column 44/262: DTHRFGDU
[2025-06-23 21:13:22,421 - tissue_CYTIP_whole_blood] INFO:   Skipping DTHRFGDU: only 1 unique value(s)
[2025-06-23 21:13:22,421 - tissue_CYTIP_whole_blood] INFO: Processing column 45/262: DTHRFGD
[2025-06-23 21:13:38,970 - tissue_CYTIP_whole_blood] INFO:   CCC: 0.005758, p-value: 1.38e-01
[2025-06-23 21:13:38,970 - tissue_CYTIP_whole_blood] INFO: Processing column 46/262: DTHDTRMN
[2025-06-23 21:13:38,971 - tissue_CYTIP_whole_blood] INFO:   Error processing DTHDTRMN: '<' not supported between instances of 'str' and 'float'
[2025-06-23 21:13:38,971 - tissue_CYTIP_whole_blood] INFO: Processing column 47/262: DTHPLCE
[2025-06-23 21:13:38,972 - tissue_CYTIP_whole_blood] INFO:   Error processing DTHPLCE: '<' not supported between instances of 'float' and 'str'
[2025-06-23 21:13:38,972 - tissue_CYTIP_whole_blood] INFO: Processing column 48/262: DTHVNTDU
[2025-06-23 21:13:38,972 - tissue_CYTIP_whole_blood] INFO:   Skipping DTHVNTDU: only 1 unique value(s)
[2025-06-23 21:13:38,972 - tissue_CYTIP_whole_blood] INFO: Processing column 49/262: DTHVNTD
[2025-06-23 21:13:55,619 - tissue_CYTIP_whole_blood] INFO:   CCC: 0.143365, p-value: 1.00e-06
[2025-06-23 21:13:55,619 - tissue_CYTIP_whole_blood] INFO: Processing column 50/262: DTHWTNS
[2025-06-23 21:14:12,515 - tissue_CYTIP_whole_blood] INFO:   CCC: 0.000609, p-value: 5.77e-02
[2025-06-23 21:14:12,515 - tissue_CYTIP_whole_blood] INFO: Processing column 51/262: DTHCLS
[2025-06-23 21:14:12,515 - tissue_CYTIP_whole_blood] INFO:   Skipping DTHCLS: all values are NaN
[2025-06-23 21:14:12,515 - tissue_CYTIP_whole_blood] INFO: Processing column 52/262: DTHTYP
[2025-06-23 21:14:12,515 - tissue_CYTIP_whole_blood] INFO:   Skipping DTHTYP: all values are NaN
[2025-06-23 21:14:12,515 - tissue_CYTIP_whole_blood] INFO: Processing column 53/262: DTHCAT
[2025-06-23 21:14:12,515 - tissue_CYTIP_whole_blood] INFO:   Skipping DTHCAT: all values are NaN
[2025-06-23 21:14:12,515 - tissue_CYTIP_whole_blood] INFO: Processing column 54/262: DTHICD10
[2025-06-23 21:14:12,516 - tissue_CYTIP_whole_blood] INFO:   Skipping DTHICD10: all values are NaN
[2025-06-23 21:14:12,516 - tissue_CYTIP_whole_blood] INFO: Processing column 55/262: LBCMVTAB
[2025-06-23 21:14:29,149 - tissue_CYTIP_whole_blood] INFO:   CCC: 0.195811, p-value: 1.00e-06
[2025-06-23 21:14:29,150 - tissue_CYTIP_whole_blood] INFO: Processing column 56/262: LBEBVGAB
[2025-06-23 21:14:45,784 - tissue_CYTIP_whole_blood] INFO:   CCC: 0.191134, p-value: 1.00e-06
[2025-06-23 21:14:45,784 - tissue_CYTIP_whole_blood] INFO: Processing column 57/262: LBEBVMAB
[2025-06-23 21:15:02,553 - tissue_CYTIP_whole_blood] INFO:   CCC: 0.191134, p-value: 1.00e-06
[2025-06-23 21:15:02,554 - tissue_CYTIP_whole_blood] INFO: Processing column 58/262: LBHBCABM
[2025-06-23 21:15:19,945 - tissue_CYTIP_whole_blood] INFO:   CCC: 0.076368, p-value: 1.00e-06
[2025-06-23 21:15:19,946 - tissue_CYTIP_whole_blood] INFO: Processing column 59/262: LBHBCABT
[2025-06-23 21:15:37,076 - tissue_CYTIP_whole_blood] INFO:   CCC: 0.000232, p-value: 5.48e-01
[2025-06-23 21:15:37,076 - tissue_CYTIP_whole_blood] INFO: Processing column 60/262: LBHBSAB
[2025-06-23 21:15:53,967 - tissue_CYTIP_whole_blood] INFO:   CCC: 0.008986, p-value: 1.00e-06
[2025-06-23 21:15:53,967 - tissue_CYTIP_whole_blood] INFO: Processing column 61/262: LBHBSAG
[2025-06-23 21:16:10,786 - tissue_CYTIP_whole_blood] INFO:   CCC: 0.000000, p-value: 1.00e+00
[2025-06-23 21:16:10,787 - tissue_CYTIP_whole_blood] INFO: Processing column 62/262: LBHCV1NT
[2025-06-23 21:16:27,653 - tissue_CYTIP_whole_blood] INFO:   CCC: 0.000061, p-value: 7.63e-01
[2025-06-23 21:16:27,653 - tissue_CYTIP_whole_blood] INFO: Processing column 63/262: LBHBHCVAB
[2025-06-23 21:16:44,784 - tissue_CYTIP_whole_blood] INFO:   CCC: 0.000078, p-value: 7.13e-01
[2025-06-23 21:16:44,785 - tissue_CYTIP_whole_blood] INFO: Processing column 64/262: LBHIV1NT
[2025-06-23 21:17:01,592 - tissue_CYTIP_whole_blood] INFO:   CCC: 0.000060, p-value: 7.58e-01
[2025-06-23 21:17:01,592 - tissue_CYTIP_whole_blood] INFO: Processing column 65/262: LBHIVAB
[2025-06-23 21:17:18,301 - tissue_CYTIP_whole_blood] INFO:   CCC: 0.015661, p-value: 2.25e-04
[2025-06-23 21:17:18,301 - tissue_CYTIP_whole_blood] INFO: Processing column 66/262: LBHIVO
[2025-06-23 21:17:35,030 - tissue_CYTIP_whole_blood] INFO:   CCC: 0.000335, p-value: 3.39e-01
[2025-06-23 21:17:35,031 - tissue_CYTIP_whole_blood] INFO: Processing column 67/262: LBPRRVDRL
[2025-06-23 21:17:51,907 - tissue_CYTIP_whole_blood] INFO:   CCC: 0.095946, p-value: 1.00e-06
[2025-06-23 21:17:51,907 - tissue_CYTIP_whole_blood] INFO: Processing column 68/262: LBRPR
[2025-06-23 21:18:08,705 - tissue_CYTIP_whole_blood] INFO:   CCC: 0.000055, p-value: 7.23e-01
[2025-06-23 21:18:08,705 - tissue_CYTIP_whole_blood] INFO: Processing column 69/262: MHABNWBC
[2025-06-23 21:18:25,343 - tissue_CYTIP_whole_blood] INFO:   CCC: 0.089223, p-value: 1.00e-06
[2025-06-23 21:18:25,343 - tissue_CYTIP_whole_blood] INFO: Processing column 70/262: MHALS
[2025-06-23 21:18:42,295 - tissue_CYTIP_whole_blood] INFO:   CCC: 0.000225, p-value: 7.30e-02
[2025-06-23 21:18:42,295 - tissue_CYTIP_whole_blood] INFO: Processing column 71/262: MHALZDMT
[2025-06-23 21:18:59,263 - tissue_CYTIP_whole_blood] INFO:   CCC: 0.000000, p-value: 1.00e+00
[2025-06-23 21:18:59,263 - tissue_CYTIP_whole_blood] INFO: Processing column 72/262: MHALZHMR
[2025-06-23 21:19:15,987 - tissue_CYTIP_whole_blood] INFO:   CCC: 0.000303, p-value: 6.29e-02
[2025-06-23 21:19:15,987 - tissue_CYTIP_whole_blood] INFO: Processing column 73/262: MHARTHTS
[2025-06-23 21:19:32,849 - tissue_CYTIP_whole_blood] INFO:   CCC: 0.000441, p-value: 4.24e-01
[2025-06-23 21:19:32,849 - tissue_CYTIP_whole_blood] INFO: Processing column 74/262: MHASCITES
[2025-06-23 21:19:49,791 - tissue_CYTIP_whole_blood] INFO:   CCC: 0.000099, p-value: 5.76e-01
[2025-06-23 21:19:49,792 - tissue_CYTIP_whole_blood] INFO: Processing column 75/262: MHASTHMA
[2025-06-23 21:20:06,465 - tissue_CYTIP_whole_blood] INFO:   CCC: 0.000195, p-value: 6.73e-01
[2025-06-23 21:20:06,465 - tissue_CYTIP_whole_blood] INFO: Processing column 76/262: MHBCTINF
[2025-06-23 21:20:23,417 - tissue_CYTIP_whole_blood] INFO:   CCC: 0.003541, p-value: 7.67e-04
[2025-06-23 21:20:23,417 - tissue_CYTIP_whole_blood] INFO: Processing column 77/262: MHBLDDND
[2025-06-23 21:20:40,419 - tissue_CYTIP_whole_blood] INFO:   CCC: 0.000394, p-value: 2.54e-01
[2025-06-23 21:20:40,419 - tissue_CYTIP_whole_blood] INFO: Processing column 78/262: MHBLDDNDR
[2025-06-23 21:20:40,420 - tissue_CYTIP_whole_blood] INFO:   Error processing MHBLDDNDR: '<' not supported between instances of 'float' and 'str'
[2025-06-23 21:20:40,420 - tissue_CYTIP_whole_blood] INFO: Processing column 79/262: MHBLDOCNT
[2025-06-23 21:20:57,352 - tissue_CYTIP_whole_blood] INFO:   CCC: 0.000703, p-value: 9.31e-04
[2025-06-23 21:20:57,352 - tissue_CYTIP_whole_blood] INFO: Processing column 80/262: MHBRNPH
[2025-06-23 21:21:14,130 - tissue_CYTIP_whole_blood] INFO:   CCC: 0.149478, p-value: 1.00e-06
[2025-06-23 21:21:14,130 - tissue_CYTIP_whole_blood] INFO: Processing column 81/262: MHBRNWGHT
[2025-06-23 21:21:30,833 - tissue_CYTIP_whole_blood] INFO:   CCC: 0.149478, p-value: 1.00e-06
[2025-06-23 21:21:30,833 - tissue_CYTIP_whole_blood] INFO: Processing column 82/262: MHCANCER5
[2025-06-23 21:21:47,852 - tissue_CYTIP_whole_blood] INFO:   CCC: 0.000089, p-value: 5.67e-01
[2025-06-23 21:21:47,852 - tissue_CYTIP_whole_blood] INFO: Processing column 83/262: MHCANCERC
[2025-06-23 21:22:05,022 - tissue_CYTIP_whole_blood] INFO:   CCC: 0.000116, p-value: 3.60e-01
[2025-06-23 21:22:05,023 - tissue_CYTIP_whole_blood] INFO: Processing column 84/262: MHCANCERNM
[2025-06-23 21:22:21,913 - tissue_CYTIP_whole_blood] INFO:   CCC: 0.001563, p-value: 2.60e-02
[2025-06-23 21:22:21,913 - tissue_CYTIP_whole_blood] INFO: Processing column 85/262: MHCLLULTS
[2025-06-23 21:22:38,818 - tissue_CYTIP_whole_blood] INFO:   CCC: 0.000000, p-value: 1.00e+00
[2025-06-23 21:22:38,818 - tissue_CYTIP_whole_blood] INFO: Processing column 86/262: MHCLRD
[2025-06-23 21:22:55,633 - tissue_CYTIP_whole_blood] INFO:   CCC: 0.000154, p-value: 4.25e-01
[2025-06-23 21:22:55,633 - tissue_CYTIP_whole_blood] INFO: Processing column 87/262: MHCOCAINE5
[2025-06-23 21:23:12,595 - tissue_CYTIP_whole_blood] INFO:   CCC: 0.001522, p-value: 4.01e-02
[2025-06-23 21:23:12,595 - tissue_CYTIP_whole_blood] INFO: Processing column 88/262: MHCOPD
[2025-06-23 21:23:29,197 - tissue_CYTIP_whole_blood] INFO:   CCC: 0.002127, p-value: 1.15e-01
[2025-06-23 21:23:29,197 - tissue_CYTIP_whole_blood] INFO: Processing column 89/262: MHCOUGHU
[2025-06-23 21:23:45,814 - tissue_CYTIP_whole_blood] INFO:   CCC: 0.000569, p-value: 1.83e-03
[2025-06-23 21:23:45,814 - tissue_CYTIP_whole_blood] INFO: Processing column 90/262: MHCVD
[2025-06-23 21:24:02,599 - tissue_CYTIP_whole_blood] INFO:   CCC: 0.000138, p-value: 6.97e-01
[2025-06-23 21:24:02,599 - tissue_CYTIP_whole_blood] INFO: Processing column 91/262: MHDLYSIS
[2025-06-23 21:24:19,331 - tissue_CYTIP_whole_blood] INFO:   CCC: 0.001070, p-value: 2.17e-02
[2025-06-23 21:24:19,331 - tissue_CYTIP_whole_blood] INFO: Processing column 92/262: MHDMNTIA
[2025-06-23 21:24:36,319 - tissue_CYTIP_whole_blood] INFO:   CCC: 0.000261, p-value: 7.71e-02
[2025-06-23 21:24:36,319 - tissue_CYTIP_whole_blood] INFO: Processing column 93/262: MHDPRSSN
[2025-06-23 21:24:53,284 - tissue_CYTIP_whole_blood] INFO:   CCC: 0.003710, p-value: 4.78e-03
[2025-06-23 21:24:53,284 - tissue_CYTIP_whole_blood] INFO: Processing column 94/262: MHDRNKSTS
[2025-06-23 21:24:53,285 - tissue_CYTIP_whole_blood] INFO:   Error processing MHDRNKSTS: '<' not supported between instances of 'float' and 'str'
[2025-06-23 21:24:53,285 - tissue_CYTIP_whole_blood] INFO: Processing column 95/262: MHDRNKTP
[2025-06-23 21:24:53,286 - tissue_CYTIP_whole_blood] INFO:   Error processing MHDRNKTP: '<' not supported between instances of 'float' and 'str'
[2025-06-23 21:24:53,286 - tissue_CYTIP_whole_blood] INFO: Processing column 96/262: MHDRNKNMB
[2025-06-23 21:25:09,780 - tissue_CYTIP_whole_blood] INFO:   CCC: 0.005208, p-value: 1.75e-01
[2025-06-23 21:25:09,781 - tissue_CYTIP_whole_blood] INFO: Processing column 97/262: MHDRNKPRD
[2025-06-23 21:25:09,782 - tissue_CYTIP_whole_blood] INFO:   Error processing MHDRNKPRD: '<' not supported between instances of 'float' and 'str'
[2025-06-23 21:25:09,782 - tissue_CYTIP_whole_blood] INFO: Processing column 98/262: MHDRNKYRS
[2025-06-23 21:25:26,467 - tissue_CYTIP_whole_blood] INFO:   CCC: 0.018435, p-value: 1.08e-04
[2025-06-23 21:25:26,468 - tissue_CYTIP_whole_blood] INFO: Processing column 99/262: MHDRNKCMT
[2025-06-23 21:25:26,469 - tissue_CYTIP_whole_blood] INFO:   Error processing MHDRNKCMT: '<' not supported between instances of 'float' and 'str'
[2025-06-23 21:25:26,469 - tissue_CYTIP_whole_blood] INFO: Processing column 100/262: MHDTND72H
[2025-06-23 21:25:43,308 - tissue_CYTIP_whole_blood] INFO:   CCC: 0.001121, p-value: 6.07e-03
[2025-06-23 21:25:43,308 - tissue_CYTIP_whole_blood] INFO: Processing column 101/262: MHENCEPHA
[2025-06-23 21:26:00,216 - tissue_CYTIP_whole_blood] INFO:   CCC: 0.000253, p-value: 1.52e-02
[2025-06-23 21:26:00,216 - tissue_CYTIP_whole_blood] INFO: Processing column 102/262: MHEURO5
[2025-06-23 21:26:17,129 - tissue_CYTIP_whole_blood] INFO:   CCC: 0.000419, p-value: 3.83e-02
[2025-06-23 21:26:17,130 - tissue_CYTIP_whole_blood] INFO: Processing column 103/262: MHFLU
[2025-06-23 21:26:33,955 - tissue_CYTIP_whole_blood] INFO:   CCC: 0.000001, p-value: 8.21e-01
[2025-06-23 21:26:33,956 - tissue_CYTIP_whole_blood] INFO: Processing column 104/262: MHFNGINF
[2025-06-23 21:26:50,872 - tissue_CYTIP_whole_blood] INFO:   CCC: 0.000069, p-value: 3.38e-01
[2025-06-23 21:26:50,872 - tissue_CYTIP_whole_blood] INFO: Processing column 105/262: MHFVRU
[2025-06-23 21:27:07,768 - tissue_CYTIP_whole_blood] INFO:   CCC: 0.000215, p-value: 6.98e-02
[2025-06-23 21:27:07,768 - tissue_CYTIP_whole_blood] INFO: Processing column 106/262: MHGENCMT
[2025-06-23 21:27:07,770 - tissue_CYTIP_whole_blood] INFO:   Error processing MHGENCMT: '<' not supported between instances of 'float' and 'str'
[2025-06-23 21:27:07,770 - tissue_CYTIP_whole_blood] INFO: Processing column 107/262: MHGNRR12M
[2025-06-23 21:27:25,078 - tissue_CYTIP_whole_blood] INFO:   CCC: 0.000450, p-value: 3.74e-03
[2025-06-23 21:27:25,078 - tissue_CYTIP_whole_blood] INFO: Processing column 108/262: MHHEPBCT
[2025-06-23 21:27:42,060 - tissue_CYTIP_whole_blood] INFO:   CCC: 0.000125, p-value: 1.85e-01
[2025-06-23 21:27:42,061 - tissue_CYTIP_whole_blood] INFO: Processing column 109/262: MHHEPCCT
[2025-06-23 21:27:58,968 - tissue_CYTIP_whole_blood] INFO:   CCC: 0.000290, p-value: 8.98e-02
[2025-06-23 21:27:58,969 - tissue_CYTIP_whole_blood] INFO: Processing column 110/262: MHHEROIN
[2025-06-23 21:28:16,655 - tissue_CYTIP_whole_blood] INFO:   CCC: 0.000945, p-value: 9.95e-03
[2025-06-23 21:28:16,655 - tissue_CYTIP_whole_blood] INFO: Processing column 111/262: MHHGH
[2025-06-23 21:28:33,656 - tissue_CYTIP_whole_blood] INFO:   CCC: 0.000569, p-value: 1.86e-03
[2025-06-23 21:28:33,656 - tissue_CYTIP_whole_blood] INFO: Processing column 112/262: MHHIVCT
[2025-06-23 21:28:50,563 - tissue_CYTIP_whole_blood] INFO:   CCC: 0.000249, p-value: 3.00e-02
[2025-06-23 21:28:50,564 - tissue_CYTIP_whole_blood] INFO: Processing column 113/262: MHHIVNT
[2025-06-23 21:29:07,472 - tissue_CYTIP_whole_blood] INFO:   CCC: 0.000344, p-value: 7.43e-03
[2025-06-23 21:29:07,472 - tissue_CYTIP_whole_blood] INFO: Processing column 114/262: MHHMPHLIA
[2025-06-23 21:29:24,422 - tissue_CYTIP_whole_blood] INFO:   CCC: 0.000569, p-value: 1.89e-03
[2025-06-23 21:29:24,422 - tissue_CYTIP_whole_blood] INFO: Processing column 115/262: MHHMPHLIAB
[2025-06-23 21:29:41,151 - tissue_CYTIP_whole_blood] INFO:   CCC: 0.000342, p-value: 1.45e-02
[2025-06-23 21:29:41,151 - tissue_CYTIP_whole_blood] INFO: Processing column 116/262: MHHRTATT
[2025-06-23 21:29:58,058 - tissue_CYTIP_whole_blood] INFO:   CCC: 0.003624, p-value: 1.75e-02
[2025-06-23 21:29:58,058 - tissue_CYTIP_whole_blood] INFO: Processing column 117/262: MHHRTDIS
[2025-06-23 21:30:14,736 - tissue_CYTIP_whole_blood] INFO:   CCC: 0.001240, p-value: 3.13e-01
[2025-06-23 21:30:14,736 - tissue_CYTIP_whole_blood] INFO: Processing column 118/262: MHHRTDISB
[2025-06-23 21:30:31,828 - tissue_CYTIP_whole_blood] INFO:   CCC: 0.000329, p-value: 1.64e-01
[2025-06-23 21:30:31,828 - tissue_CYTIP_whole_blood] INFO: Processing column 119/262: MHHTN
[2025-06-23 21:30:48,401 - tissue_CYTIP_whole_blood] INFO:   CCC: 0.007540, p-value: 1.69e-02
[2025-06-23 21:30:48,401 - tissue_CYTIP_whole_blood] INFO: Processing column 120/262: MHINFLNE
[2025-06-23 21:31:05,313 - tissue_CYTIP_whole_blood] INFO:   CCC: 0.000081, p-value: 1.06e-01
[2025-06-23 21:31:05,313 - tissue_CYTIP_whole_blood] INFO: Processing column 121/262: MHIVDRG5
[2025-06-23 21:31:22,155 - tissue_CYTIP_whole_blood] INFO:   CCC: 0.000199, p-value: 8.93e-02
[2025-06-23 21:31:22,155 - tissue_CYTIP_whole_blood] INFO: Processing column 122/262: MHJAKOB
[2025-06-23 21:31:39,345 - tissue_CYTIP_whole_blood] INFO:   CCC: 0.000344, p-value: 7.46e-03
[2025-06-23 21:31:39,345 - tissue_CYTIP_whole_blood] INFO: Processing column 123/262: MHLAPTHU
[2025-06-23 21:31:56,400 - tissue_CYTIP_whole_blood] INFO:   CCC: 0.000344, p-value: 7.51e-03
[2025-06-23 21:31:56,400 - tissue_CYTIP_whole_blood] INFO: Processing column 124/262: MHLUPUS
[2025-06-23 21:32:13,309 - tissue_CYTIP_whole_blood] INFO:   CCC: 0.000181, p-value: 1.39e-01
[2025-06-23 21:32:13,309 - tissue_CYTIP_whole_blood] INFO: Processing column 125/262: MHLVRDIS
[2025-06-23 21:32:30,347 - tissue_CYTIP_whole_blood] INFO:   CCC: 0.000818, p-value: 8.55e-02
[2025-06-23 21:32:30,347 - tissue_CYTIP_whole_blood] INFO: Processing column 126/262: MHMENINA
[2025-06-23 21:32:47,268 - tissue_CYTIP_whole_blood] INFO:   CCC: 0.000253, p-value: 1.52e-02
[2025-06-23 21:32:47,268 - tissue_CYTIP_whole_blood] INFO: Processing column 127/262: MHMS
[2025-06-23 21:33:03,984 - tissue_CYTIP_whole_blood] INFO:   CCC: 0.000198, p-value: 1.57e-01
[2025-06-23 21:33:03,984 - tissue_CYTIP_whole_blood] INFO: Processing column 128/262: MHMSXWMA
[2025-06-23 21:33:20,726 - tissue_CYTIP_whole_blood] INFO:   CCC: 0.000689, p-value: 3.19e-03
[2025-06-23 21:33:20,726 - tissue_CYTIP_whole_blood] INFO: Processing column 129/262: MHMSXWMB
[2025-06-23 21:33:37,767 - tissue_CYTIP_whole_blood] INFO:   CCC: 0.000676, p-value: 6.94e-03
[2025-06-23 21:33:37,767 - tissue_CYTIP_whole_blood] INFO: Processing column 130/262: MHNEPH
[2025-06-23 21:33:54,655 - tissue_CYTIP_whole_blood] INFO:   CCC: 0.000043, p-value: 4.77e-01
[2025-06-23 21:33:54,655 - tissue_CYTIP_whole_blood] INFO: Processing column 131/262: MHNGHTSWT
[2025-06-23 21:34:11,649 - tissue_CYTIP_whole_blood] INFO:   CCC: 0.000422, p-value: 2.24e-02
[2025-06-23 21:34:11,649 - tissue_CYTIP_whole_blood] INFO: Processing column 132/262: MHNPHYS4W
[2025-06-23 21:34:28,763 - tissue_CYTIP_whole_blood] INFO:   CCC: 0.000985, p-value: 2.15e-03
[2025-06-23 21:34:28,763 - tissue_CYTIP_whole_blood] INFO: Processing column 133/262: MHNRTHEUR
[2025-06-23 21:34:45,555 - tissue_CYTIP_whole_blood] INFO:   CCC: 0.000427, p-value: 1.00e-01
[2025-06-23 21:34:45,555 - tissue_CYTIP_whole_blood] INFO: Processing column 134/262: MHOPNWND
[2025-06-23 21:35:02,540 - tissue_CYTIP_whole_blood] INFO:   CCC: 0.001877, p-value: 3.26e-03
[2025-06-23 21:35:02,540 - tissue_CYTIP_whole_blood] INFO: Processing column 135/262: MHOPPINF
[2025-06-23 21:35:19,327 - tissue_CYTIP_whole_blood] INFO:   CCC: 0.000450, p-value: 3.67e-03
[2025-06-23 21:35:19,327 - tissue_CYTIP_whole_blood] INFO: Processing column 136/262: MHORGNTP
[2025-06-23 21:35:36,214 - tissue_CYTIP_whole_blood] INFO:   CCC: 0.000729, p-value: 1.29e-01
[2025-06-23 21:35:36,214 - tissue_CYTIP_whole_blood] INFO: Processing column 137/262: MHOSTMYLTS
[2025-06-23 21:35:53,270 - tissue_CYTIP_whole_blood] INFO:   CCC: 0.000422, p-value: 2.21e-02
[2025-06-23 21:35:53,270 - tissue_CYTIP_whole_blood] INFO: Processing column 138/262: MHPLLABS
[2025-06-23 21:36:10,070 - tissue_CYTIP_whole_blood] INFO:   CCC: 0.000956, p-value: 7.61e-02
[2025-06-23 21:36:10,070 - tissue_CYTIP_whole_blood] INFO: Processing column 139/262: MHPNMIAB
[2025-06-23 21:36:26,863 - tissue_CYTIP_whole_blood] INFO:   CCC: 0.001319, p-value: 5.68e-02
[2025-06-23 21:36:26,863 - tissue_CYTIP_whole_blood] INFO: Processing column 140/262: MHPNMNIA
[2025-06-23 21:36:43,790 - tissue_CYTIP_whole_blood] INFO:   CCC: 0.002116, p-value: 2.08e-02
[2025-06-23 21:36:43,790 - tissue_CYTIP_whole_blood] INFO: Processing column 141/262: MHPRCNP
[2025-06-23 21:37:00,595 - tissue_CYTIP_whole_blood] INFO:   CCC: 0.000985, p-value: 2.14e-03
[2025-06-23 21:37:00,596 - tissue_CYTIP_whole_blood] INFO: Processing column 142/262: MHPRKNSN
[2025-06-23 21:37:17,626 - tissue_CYTIP_whole_blood] INFO:   CCC: 0.000014, p-value: 4.01e-01
[2025-06-23 21:37:17,627 - tissue_CYTIP_whole_blood] INFO: Processing column 143/262: MHPSBLDCLT
[2025-06-23 21:37:34,826 - tissue_CYTIP_whole_blood] INFO:   CCC: 0.000054, p-value: 6.71e-01
[2025-06-23 21:37:34,827 - tissue_CYTIP_whole_blood] INFO: Processing column 144/262: MHRA
[2025-06-23 21:37:51,829 - tissue_CYTIP_whole_blood] INFO:   CCC: 0.000413, p-value: 1.05e-01
[2025-06-23 21:37:51,830 - tissue_CYTIP_whole_blood] INFO: Processing column 145/262: MHRBSANML
[2025-06-23 21:38:08,620 - tissue_CYTIP_whole_blood] INFO:   CCC: 0.000317, p-value: 4.06e-02
[2025-06-23 21:38:08,620 - tissue_CYTIP_whole_blood] INFO: Processing column 146/262: MHREYES
[2025-06-23 21:38:25,529 - tissue_CYTIP_whole_blood] INFO:   CCC: 0.000344, p-value: 7.52e-03
[2025-06-23 21:38:25,529 - tissue_CYTIP_whole_blood] INFO: Processing column 147/262: MHRNLFLR
[2025-06-23 21:38:42,341 - tissue_CYTIP_whole_blood] INFO:   CCC: 0.004416, p-value: 2.53e-03
[2025-06-23 21:38:42,341 - tissue_CYTIP_whole_blood] INFO: Processing column 148/262: MHSARS
[2025-06-23 21:38:59,395 - tissue_CYTIP_whole_blood] INFO:   CCC: 0.000239, p-value: 3.91e-02
[2025-06-23 21:38:59,396 - tissue_CYTIP_whole_blood] INFO: Processing column 149/262: MHSCHZ
[2025-06-23 21:39:16,389 - tissue_CYTIP_whole_blood] INFO:   CCC: 0.000081, p-value: 5.53e-01
[2025-06-23 21:39:16,389 - tissue_CYTIP_whole_blood] INFO: Processing column 150/262: MHSCLRDRM
[2025-06-23 21:39:34,375 - tissue_CYTIP_whole_blood] INFO:   CCC: 0.000288, p-value: 4.69e-02
[2025-06-23 21:39:34,376 - tissue_CYTIP_whole_blood] INFO: Processing column 151/262: MHSDRGABS
[2025-06-23 21:39:51,377 - tissue_CYTIP_whole_blood] INFO:   CCC: 0.000288, p-value: 4.69e-02
[2025-06-23 21:39:51,377 - tissue_CYTIP_whole_blood] INFO: Processing column 152/262: MHSEPSIS
[2025-06-23 21:40:08,436 - tissue_CYTIP_whole_blood] INFO:   CCC: 0.000355, p-value: 1.20e-01
[2025-06-23 21:40:08,436 - tissue_CYTIP_whole_blood] INFO: Processing column 153/262: MHSKNSPT
[2025-06-23 21:40:25,238 - tissue_CYTIP_whole_blood] INFO:   CCC: 0.000331, p-value: 2.10e-02
[2025-06-23 21:40:25,239 - tissue_CYTIP_whole_blood] INFO: Processing column 154/262: MHSMKSTS
[2025-06-23 21:40:25,240 - tissue_CYTIP_whole_blood] INFO:   Error processing MHSMKSTS: '<' not supported between instances of 'float' and 'str'
[2025-06-23 21:40:25,240 - tissue_CYTIP_whole_blood] INFO: Processing column 155/262: MHSMKTP
[2025-06-23 21:40:25,240 - tissue_CYTIP_whole_blood] INFO:   Error processing MHSMKTP: '<' not supported between instances of 'float' and 'str'
[2025-06-23 21:40:25,240 - tissue_CYTIP_whole_blood] INFO: Processing column 156/262: MHSMKNMB
[2025-06-23 21:40:41,946 - tissue_CYTIP_whole_blood] INFO:   CCC: 0.006776, p-value: 5.49e-02
[2025-06-23 21:40:41,946 - tissue_CYTIP_whole_blood] INFO: Processing column 157/262: MHSMKPRD
[2025-06-23 21:40:41,948 - tissue_CYTIP_whole_blood] INFO:   Error processing MHSMKPRD: '<' not supported between instances of 'float' and 'str'
[2025-06-23 21:40:41,948 - tissue_CYTIP_whole_blood] INFO: Processing column 158/262: MHSMKYRS
[2025-06-23 21:40:58,799 - tissue_CYTIP_whole_blood] INFO:   CCC: 0.017085, p-value: 2.53e-04
[2025-06-23 21:40:58,800 - tissue_CYTIP_whole_blood] INFO: Processing column 159/262: MHSMKCMT
[2025-06-23 21:40:58,801 - tissue_CYTIP_whole_blood] INFO:   Error processing MHSMKCMT: '<' not supported between instances of 'float' and 'str'
[2025-06-23 21:40:58,801 - tissue_CYTIP_whole_blood] INFO: Processing column 160/262: MHSMLPXCT
[2025-06-23 21:41:15,772 - tissue_CYTIP_whole_blood] INFO:   CCC: 0.000436, p-value: 1.12e-02
[2025-06-23 21:41:15,772 - tissue_CYTIP_whole_blood] INFO: Processing column 161/262: MHSMLPXVC
[2025-06-23 21:41:32,699 - tissue_CYTIP_whole_blood] INFO:   CCC: 0.000331, p-value: 2.08e-02
[2025-06-23 21:41:32,699 - tissue_CYTIP_whole_blood] INFO: Processing column 162/262: MHSRC
[2025-06-23 21:41:36,412 - tissue_CYTIP_whole_blood] INFO:   CCC: 0.068373, p-value: 1.00e-06
[2025-06-23 21:41:36,412 - tissue_CYTIP_whole_blood] INFO: Processing column 163/262: MHSRCDSS
[2025-06-23 21:41:53,316 - tissue_CYTIP_whole_blood] INFO:   CCC: 0.000436, p-value: 1.13e-02
[2025-06-23 21:41:53,317 - tissue_CYTIP_whole_blood] INFO: Processing column 164/262: MHSRGHM
[2025-06-23 21:42:10,274 - tissue_CYTIP_whole_blood] INFO:   CCC: 0.000502, p-value: 4.42e-02
[2025-06-23 21:42:10,275 - tissue_CYTIP_whole_blood] INFO: Processing column 165/262: MHSTD
[2025-06-23 21:42:27,402 - tissue_CYTIP_whole_blood] INFO:   CCC: 0.001147, p-value: 2.24e-03
[2025-06-23 21:42:27,402 - tissue_CYTIP_whole_blood] INFO: Processing column 166/262: MHSTRDLT
[2025-06-23 21:42:43,921 - tissue_CYTIP_whole_blood] INFO:   CCC: 0.000732, p-value: 1.09e-01
[2025-06-23 21:42:43,921 - tissue_CYTIP_whole_blood] INFO: Processing column 167/262: MHSUBABSA
[2025-06-23 21:43:00,849 - tissue_CYTIP_whole_blood] INFO:   CCC: 0.000113, p-value: 2.41e-01
[2025-06-23 21:43:00,849 - tissue_CYTIP_whole_blood] INFO: Processing column 168/262: MHSUBABSB
[2025-06-23 21:43:17,814 - tissue_CYTIP_whole_blood] INFO:   CCC: 0.000426, p-value: 2.63e-02
[2025-06-23 21:43:17,814 - tissue_CYTIP_whole_blood] INFO: Processing column 169/262: MHSXMDA
[2025-06-23 21:43:34,706 - tissue_CYTIP_whole_blood] INFO:   CCC: 0.000450, p-value: 3.72e-03
[2025-06-23 21:43:34,706 - tissue_CYTIP_whole_blood] INFO: Processing column 170/262: MHSXMDB
[2025-06-23 21:43:51,584 - tissue_CYTIP_whole_blood] INFO:   CCC: 0.000556, p-value: 5.91e-03
[2025-06-23 21:43:51,584 - tissue_CYTIP_whole_blood] INFO: Processing column 171/262: MHSYPH12M
[2025-06-23 21:44:08,734 - tissue_CYTIP_whole_blood] INFO:   CCC: 0.000450, p-value: 3.69e-03
[2025-06-23 21:44:08,734 - tissue_CYTIP_whole_blood] INFO: Processing column 172/262: MHSZRSU
[2025-06-23 21:44:25,639 - tissue_CYTIP_whole_blood] INFO:   CCC: 0.001694, p-value: 3.85e-03
[2025-06-23 21:44:25,640 - tissue_CYTIP_whole_blood] INFO: Processing column 173/262: MHT1D
[2025-06-23 21:44:42,430 - tissue_CYTIP_whole_blood] INFO:   CCC: 0.001503, p-value: 1.78e-02
[2025-06-23 21:44:42,430 - tissue_CYTIP_whole_blood] INFO: Processing column 174/262: MHT2D
[2025-06-23 21:44:59,171 - tissue_CYTIP_whole_blood] INFO:   CCC: 0.001143, p-value: 3.58e-01
[2025-06-23 21:44:59,171 - tissue_CYTIP_whole_blood] INFO: Processing column 175/262: MHTBHX
[2025-06-23 21:45:16,059 - tissue_CYTIP_whole_blood] INFO:   CCC: 0.000330, p-value: 3.01e-02
[2025-06-23 21:45:16,059 - tissue_CYTIP_whole_blood] INFO: Processing column 176/262: MHTEMPU
[2025-06-23 21:45:32,988 - tissue_CYTIP_whole_blood] INFO:   CCC: 0.000344, p-value: 7.50e-03
[2025-06-23 21:45:32,989 - tissue_CYTIP_whole_blood] INFO: Processing column 177/262: MHTTCMT
[2025-06-23 21:45:32,990 - tissue_CYTIP_whole_blood] INFO:   Error processing MHTTCMT: '<' not supported between instances of 'str' and 'float'
[2025-06-23 21:45:32,990 - tissue_CYTIP_whole_blood] INFO: Processing column 178/262: MHTTOO12M
[2025-06-23 21:45:49,878 - tissue_CYTIP_whole_blood] INFO:   CCC: 0.000382, p-value: 7.28e-02
[2025-06-23 21:45:49,878 - tissue_CYTIP_whole_blood] INFO: Processing column 179/262: MHTTOONP
[2025-06-23 21:46:06,796 - tissue_CYTIP_whole_blood] INFO:   CCC: 0.001095, p-value: 1.16e-02
[2025-06-23 21:46:06,796 - tissue_CYTIP_whole_blood] INFO: Processing column 180/262: MHTXCEXP
[2025-06-23 21:46:23,772 - tissue_CYTIP_whole_blood] INFO:   CCC: 0.000185, p-value: 5.22e-01
[2025-06-23 21:46:23,773 - tissue_CYTIP_whole_blood] INFO: Processing column 181/262: MHUK8096
[2025-06-23 21:46:40,553 - tissue_CYTIP_whole_blood] INFO:   CCC: 0.000299, p-value: 7.66e-02
[2025-06-23 21:46:40,553 - tissue_CYTIP_whole_blood] INFO: Processing column 182/262: MHUREMIA
[2025-06-23 21:46:57,594 - tissue_CYTIP_whole_blood] INFO:   CCC: 0.000052, p-value: 3.94e-01
[2025-06-23 21:46:57,594 - tissue_CYTIP_whole_blood] INFO: Processing column 183/262: MHWKNSSU
[2025-06-23 21:47:14,558 - tissue_CYTIP_whole_blood] INFO:   CCC: 0.000449, p-value: 1.12e-01
[2025-06-23 21:47:14,558 - tissue_CYTIP_whole_blood] INFO: Processing column 184/262: MHWNVCT
[2025-06-23 21:47:31,424 - tissue_CYTIP_whole_blood] INFO:   CCC: 0.000344, p-value: 7.58e-03
[2025-06-23 21:47:31,424 - tissue_CYTIP_whole_blood] INFO: Processing column 185/262: MHWNVHX
[2025-06-23 21:47:48,039 - tissue_CYTIP_whole_blood] INFO:   CCC: 0.000344, p-value: 7.61e-03
[2025-06-23 21:47:48,039 - tissue_CYTIP_whole_blood] INFO: Processing column 186/262: MHWTLSUA
[2025-06-23 21:48:04,920 - tissue_CYTIP_whole_blood] INFO:   CCC: 0.000570, p-value: 8.49e-02
[2025-06-23 21:48:04,920 - tissue_CYTIP_whole_blood] INFO: Processing column 187/262: MHWTLSUB
[2025-06-23 21:48:21,967 - tissue_CYTIP_whole_blood] INFO:   CCC: 0.000436, p-value: 1.12e-02
[2025-06-23 21:48:21,967 - tissue_CYTIP_whole_blood] INFO: Processing column 188/262: DTHSEASON
[2025-06-23 21:48:21,968 - tissue_CYTIP_whole_blood] INFO:   Error processing DTHSEASON: '<' not supported between instances of 'float' and 'str'
[2025-06-23 21:48:21,968 - tissue_CYTIP_whole_blood] INFO: Processing column 189/262: DTHTIME
[2025-06-23 21:48:21,969 - tissue_CYTIP_whole_blood] INFO:   Error processing DTHTIME: '<' not supported between instances of 'float' and 'str'
[2025-06-23 21:48:21,969 - tissue_CYTIP_whole_blood] INFO: Processing column 190/262: SMATSSCR
[2025-06-23 21:48:21,969 - tissue_CYTIP_whole_blood] INFO:   Skipping SMATSSCR: all values are NaN
[2025-06-23 21:48:21,969 - tissue_CYTIP_whole_blood] INFO: Processing column 191/262: SMCAT
[2025-06-23 21:48:21,969 - tissue_CYTIP_whole_blood] INFO:   Skipping SMCAT: only 1 unique value(s)
[2025-06-23 21:48:21,969 - tissue_CYTIP_whole_blood] INFO: Processing column 192/262: SMCENTER
[2025-06-23 21:48:25,392 - tissue_CYTIP_whole_blood] INFO:   CCC: 0.084684, p-value: 1.00e-06
[2025-06-23 21:48:25,392 - tissue_CYTIP_whole_blood] INFO: Processing column 193/262: SMMTRLTP
[2025-06-23 21:48:28,996 - tissue_CYTIP_whole_blood] INFO:   CCC: 0.000030, p-value: 7.12e-01
[2025-06-23 21:48:28,996 - tissue_CYTIP_whole_blood] INFO: Processing column 194/262: SMNOTES
[2025-06-23 21:48:28,996 - tissue_CYTIP_whole_blood] INFO:   Skipping SMNOTES: all values are NaN
[2025-06-23 21:48:28,997 - tissue_CYTIP_whole_blood] INFO: Processing column 195/262: SMOMTRLTP
[2025-06-23 21:48:32,544 - tissue_CYTIP_whole_blood] INFO:   CCC: 0.000079, p-value: 4.34e-01
[2025-06-23 21:48:32,544 - tissue_CYTIP_whole_blood] INFO: Processing column 196/262: SMPTHNTS
[2025-06-23 21:48:32,545 - tissue_CYTIP_whole_blood] INFO:   Skipping SMPTHNTS: all values are NaN
[2025-06-23 21:48:32,545 - tissue_CYTIP_whole_blood] INFO: Processing column 197/262: SMRIN
[2025-06-23 21:48:49,410 - tissue_CYTIP_whole_blood] INFO:   CCC: 0.003196, p-value: 5.66e-01
[2025-06-23 21:48:49,410 - tissue_CYTIP_whole_blood] INFO: Processing column 198/262: SMSMPSTE
[2025-06-23 21:48:49,412 - tissue_CYTIP_whole_blood] INFO:   Skipping SMSMPSTE: all values are NaN
[2025-06-23 21:48:49,412 - tissue_CYTIP_whole_blood] INFO: Processing column 199/262: SMSTYP
[2025-06-23 21:48:49,412 - tissue_CYTIP_whole_blood] INFO:   Skipping SMSTYP: only 1 unique value(s)
[2025-06-23 21:48:49,413 - tissue_CYTIP_whole_blood] INFO: Processing column 200/262: SMTS
[2025-06-23 21:48:49,413 - tissue_CYTIP_whole_blood] INFO:   Skipping SMTS: only 1 unique value(s)
[2025-06-23 21:48:49,413 - tissue_CYTIP_whole_blood] INFO: Processing column 201/262: SMTSC
[2025-06-23 21:48:49,413 - tissue_CYTIP_whole_blood] INFO:   Error processing SMTSC: '<' not supported between instances of 'float' and 'str'
[2025-06-23 21:48:49,413 - tissue_CYTIP_whole_blood] INFO: Processing column 202/262: SMTSD
[2025-06-23 21:48:49,413 - tissue_CYTIP_whole_blood] INFO:   Skipping SMTSD: only 1 unique value(s)
[2025-06-23 21:48:49,413 - tissue_CYTIP_whole_blood] INFO: Processing column 203/262: SMUBRID
[2025-06-23 21:48:49,413 - tissue_CYTIP_whole_blood] INFO:   Skipping SMUBRID: only 1 unique value(s)
[2025-06-23 21:48:49,414 - tissue_CYTIP_whole_blood] INFO: Processing column 204/262: SMUBRTRM
[2025-06-23 21:48:49,414 - tissue_CYTIP_whole_blood] INFO:   Skipping SMUBRTRM: only 1 unique value(s)
[2025-06-23 21:48:49,414 - tissue_CYTIP_whole_blood] INFO: Processing column 205/262: SMTSISCH
[2025-06-23 21:49:06,142 - tissue_CYTIP_whole_blood] INFO:   CCC: 0.215092, p-value: 1.00e-06
[2025-06-23 21:49:06,142 - tissue_CYTIP_whole_blood] INFO: Processing column 206/262: SMTSPAX
[2025-06-23 21:49:06,142 - tissue_CYTIP_whole_blood] INFO:   Skipping SMTSPAX: all values are NaN
[2025-06-23 21:49:06,142 - tissue_CYTIP_whole_blood] INFO: Processing column 207/262: SMNABTCH
[2025-06-23 21:49:11,603 - tissue_CYTIP_whole_blood] INFO:   CCC: 0.000304, p-value: 6.07e-01
[2025-06-23 21:49:11,603 - tissue_CYTIP_whole_blood] INFO: Processing column 208/262: SMNABTCHT
[2025-06-23 21:49:11,605 - tissue_CYTIP_whole_blood] INFO:   Skipping SMNABTCHT: only 1 unique value(s)
[2025-06-23 21:49:11,605 - tissue_CYTIP_whole_blood] INFO: Processing column 209/262: SMNABTCHD
[2025-06-23 21:49:17,082 - tissue_CYTIP_whole_blood] INFO:   CCC: 0.000256, p-value: 6.66e-01
[2025-06-23 21:49:17,083 - tissue_CYTIP_whole_blood] INFO: Processing column 210/262: SMGEBTCH
[2025-06-23 21:49:21,453 - tissue_CYTIP_whole_blood] INFO:   CCC: 0.001533, p-value: 2.22e-01
[2025-06-23 21:49:21,453 - tissue_CYTIP_whole_blood] INFO: Processing column 211/262: SMGEBTCHD
[2025-06-23 21:49:25,419 - tissue_CYTIP_whole_blood] INFO:   CCC: 0.002104, p-value: 1.67e-01
[2025-06-23 21:49:25,419 - tissue_CYTIP_whole_blood] INFO: Processing column 212/262: SMGEBTCHT
[2025-06-23 21:49:25,420 - tissue_CYTIP_whole_blood] INFO:   Skipping SMGEBTCHT: only 1 unique value(s)
[2025-06-23 21:49:25,420 - tissue_CYTIP_whole_blood] INFO: Processing column 213/262: ANALYTE_TYPE
[2025-06-23 21:49:25,420 - tissue_CYTIP_whole_blood] INFO:   Skipping ANALYTE_TYPE: only 1 unique value(s)
[2025-06-23 21:49:25,420 - tissue_CYTIP_whole_blood] INFO: Processing column 214/262: SMTORMVE
[2025-06-23 21:49:25,420 - tissue_CYTIP_whole_blood] INFO:   Skipping SMTORMVE: all values are NaN
[2025-06-23 21:49:25,420 - tissue_CYTIP_whole_blood] INFO: Processing column 215/262: SMFLGRMRK
[2025-06-23 21:49:25,421 - tissue_CYTIP_whole_blood] INFO:   Skipping SMFLGRMRK: all values are NaN
[2025-06-23 21:49:25,421 - tissue_CYTIP_whole_blood] INFO: Processing column 216/262: SMAFRZE
[2025-06-23 21:49:25,421 - tissue_CYTIP_whole_blood] INFO:   Skipping SMAFRZE: only 1 unique value(s)
[2025-06-23 21:49:25,421 - tissue_CYTIP_whole_blood] INFO: Processing column 217/262: SMGTC
[2025-06-23 21:49:25,421 - tissue_CYTIP_whole_blood] INFO:   Skipping SMGTC: all values are NaN
[2025-06-23 21:49:25,421 - tissue_CYTIP_whole_blood] INFO: Processing column 218/262: SME2MPRT
[2025-06-23 21:49:42,119 - tissue_CYTIP_whole_blood] INFO:   CCC: 0.021744, p-value: 3.40e-05
[2025-06-23 21:49:42,119 - tissue_CYTIP_whole_blood] INFO: Processing column 219/262: SMCHMPRS
[2025-06-23 21:49:58,601 - tissue_CYTIP_whole_blood] INFO:   CCC: 0.015946, p-value: 3.55e-04
[2025-06-23 21:49:58,602 - tissue_CYTIP_whole_blood] INFO: Processing column 220/262: SMNTRART
[2025-06-23 21:50:15,262 - tissue_CYTIP_whole_blood] INFO:   CCC: 0.024407, p-value: 1.40e-05
[2025-06-23 21:50:15,263 - tissue_CYTIP_whole_blood] INFO: Processing column 221/262: SMNUMGPS
[2025-06-23 21:50:15,263 - tissue_CYTIP_whole_blood] INFO:   Skipping SMNUMGPS: all values are NaN
[2025-06-23 21:50:15,263 - tissue_CYTIP_whole_blood] INFO: Processing column 222/262: SMMAPRT
[2025-06-23 21:50:31,786 - tissue_CYTIP_whole_blood] INFO:   CCC: 0.021052, p-value: 5.80e-05
[2025-06-23 21:50:31,786 - tissue_CYTIP_whole_blood] INFO: Processing column 223/262: SMEXNCRT
[2025-06-23 21:50:48,217 - tissue_CYTIP_whole_blood] INFO:   CCC: 0.126241, p-value: 1.00e-06
[2025-06-23 21:50:48,217 - tissue_CYTIP_whole_blood] INFO: Processing column 224/262: SM550NRM
[2025-06-23 21:50:48,217 - tissue_CYTIP_whole_blood] INFO:   Skipping SM550NRM: all values are NaN
[2025-06-23 21:50:48,217 - tissue_CYTIP_whole_blood] INFO: Processing column 225/262: SMGNSDTC
[2025-06-23 21:51:04,850 - tissue_CYTIP_whole_blood] INFO:   CCC: 0.050841, p-value: 1.00e-06
[2025-06-23 21:51:04,850 - tissue_CYTIP_whole_blood] INFO: Processing column 226/262: SMUNMPRT
[2025-06-23 21:51:04,851 - tissue_CYTIP_whole_blood] INFO:   Skipping SMUNMPRT: only 1 unique value(s)
[2025-06-23 21:51:04,851 - tissue_CYTIP_whole_blood] INFO: Processing column 227/262: SM350NRM
[2025-06-23 21:51:04,851 - tissue_CYTIP_whole_blood] INFO:   Skipping SM350NRM: all values are NaN
[2025-06-23 21:51:04,852 - tissue_CYTIP_whole_blood] INFO: Processing column 228/262: SMRDLGTH
[2025-06-23 21:51:21,907 - tissue_CYTIP_whole_blood] INFO:   CCC: 0.000003, p-value: 9.43e-01
[2025-06-23 21:51:21,907 - tissue_CYTIP_whole_blood] INFO: Processing column 229/262: SMMNCPB
[2025-06-23 21:51:21,908 - tissue_CYTIP_whole_blood] INFO:   Skipping SMMNCPB: all values are NaN
[2025-06-23 21:51:21,908 - tissue_CYTIP_whole_blood] INFO: Processing column 230/262: SME1MMRT
[2025-06-23 21:51:38,425 - tissue_CYTIP_whole_blood] INFO:   CCC: 0.005089, p-value: 2.17e-01
[2025-06-23 21:51:38,425 - tissue_CYTIP_whole_blood] INFO: Processing column 231/262: SMSFLGTH
[2025-06-23 21:51:54,820 - tissue_CYTIP_whole_blood] INFO:   CCC: 0.015322, p-value: 5.01e-04
[2025-06-23 21:51:54,820 - tissue_CYTIP_whole_blood] INFO: Processing column 232/262: SMESTLBS
[2025-06-23 21:51:54,821 - tissue_CYTIP_whole_blood] INFO:   Skipping SMESTLBS: only 1 unique value(s)
[2025-06-23 21:51:54,821 - tissue_CYTIP_whole_blood] INFO: Processing column 233/262: SMMPPD
[2025-06-23 21:52:11,446 - tissue_CYTIP_whole_blood] INFO:   CCC: 0.007147, p-value: 5.24e-02
[2025-06-23 21:52:11,447 - tissue_CYTIP_whole_blood] INFO: Processing column 234/262: SMNTERRT
[2025-06-23 21:52:28,130 - tissue_CYTIP_whole_blood] INFO:   CCC: 0.023433, p-value: 1.60e-05
[2025-06-23 21:52:28,131 - tissue_CYTIP_whole_blood] INFO: Processing column 235/262: SMRRNANM
[2025-06-23 21:52:44,883 - tissue_CYTIP_whole_blood] INFO:   CCC: 0.005677, p-value: 1.46e-01
[2025-06-23 21:52:44,884 - tissue_CYTIP_whole_blood] INFO: Processing column 236/262: SMRDTTL
[2025-06-23 21:53:01,218 - tissue_CYTIP_whole_blood] INFO:   CCC: 0.008033, p-value: 2.94e-02
[2025-06-23 21:53:01,218 - tissue_CYTIP_whole_blood] INFO: Processing column 237/262: SMVQCFL
[2025-06-23 21:53:17,898 - tissue_CYTIP_whole_blood] INFO:   CCC: 0.003136, p-value: 6.00e-01
[2025-06-23 21:53:17,898 - tissue_CYTIP_whole_blood] INFO: Processing column 238/262: SMMNCV
[2025-06-23 21:53:17,898 - tissue_CYTIP_whole_blood] INFO:   Skipping SMMNCV: all values are NaN
[2025-06-23 21:53:17,899 - tissue_CYTIP_whole_blood] INFO: Processing column 239/262: SMTRSCPT
[2025-06-23 21:53:34,527 - tissue_CYTIP_whole_blood] INFO:   CCC: 0.051533, p-value: 1.00e-06
[2025-06-23 21:53:34,527 - tissue_CYTIP_whole_blood] INFO: Processing column 240/262: SMMPPDPR
[2025-06-23 21:53:51,518 - tissue_CYTIP_whole_blood] INFO:   CCC: 0.005880, p-value: 1.28e-01
[2025-06-23 21:53:51,518 - tissue_CYTIP_whole_blood] INFO: Processing column 241/262: SMCGLGTH
[2025-06-23 21:53:51,519 - tissue_CYTIP_whole_blood] INFO:   Skipping SMCGLGTH: all values are NaN
[2025-06-23 21:53:51,519 - tissue_CYTIP_whole_blood] INFO: Processing column 242/262: SMGAPPCT
[2025-06-23 21:53:51,519 - tissue_CYTIP_whole_blood] INFO:   Skipping SMGAPPCT: all values are NaN
[2025-06-23 21:53:51,519 - tissue_CYTIP_whole_blood] INFO: Processing column 243/262: SMUNPDRD
[2025-06-23 21:53:51,520 - tissue_CYTIP_whole_blood] INFO:   Skipping SMUNPDRD: only 1 unique value(s)
[2025-06-23 21:53:51,520 - tissue_CYTIP_whole_blood] INFO: Processing column 244/262: SMNTRNRT
[2025-06-23 21:54:08,501 - tissue_CYTIP_whole_blood] INFO:   CCC: 0.261762, p-value: 1.00e-06
[2025-06-23 21:54:08,501 - tissue_CYTIP_whole_blood] INFO: Processing column 245/262: SMMPUNRT
[2025-06-23 21:54:25,257 - tissue_CYTIP_whole_blood] INFO:   CCC: 0.021052, p-value: 4.70e-05
[2025-06-23 21:54:25,257 - tissue_CYTIP_whole_blood] INFO: Processing column 246/262: SMEXPEFF
[2025-06-23 21:54:41,888 - tissue_CYTIP_whole_blood] INFO:   CCC: 0.086945, p-value: 1.00e-06
[2025-06-23 21:54:41,888 - tissue_CYTIP_whole_blood] INFO: Processing column 247/262: SMMPPDUN
[2025-06-23 21:54:58,724 - tissue_CYTIP_whole_blood] INFO:   CCC: 0.007147, p-value: 5.27e-02
[2025-06-23 21:54:58,724 - tissue_CYTIP_whole_blood] INFO: Processing column 248/262: SME2MMRT
[2025-06-23 21:55:15,306 - tissue_CYTIP_whole_blood] INFO:   CCC: 0.004187, p-value: 3.66e-01
[2025-06-23 21:55:15,306 - tissue_CYTIP_whole_blood] INFO: Processing column 249/262: SME2ANTI
[2025-06-23 21:55:31,964 - tissue_CYTIP_whole_blood] INFO:   CCC: 0.007334, p-value: 4.68e-02
[2025-06-23 21:55:31,965 - tissue_CYTIP_whole_blood] INFO: Processing column 250/262: SMALTALG
[2025-06-23 21:55:48,488 - tissue_CYTIP_whole_blood] INFO:   CCC: 0.038381, p-value: 1.00e-06
[2025-06-23 21:55:48,488 - tissue_CYTIP_whole_blood] INFO: Processing column 251/262: SME2SNSE
[2025-06-23 21:56:05,084 - tissue_CYTIP_whole_blood] INFO:   CCC: 0.006734, p-value: 6.99e-02
[2025-06-23 21:56:05,085 - tissue_CYTIP_whole_blood] INFO: Processing column 252/262: SMMFLGTH
[2025-06-23 21:56:21,834 - tissue_CYTIP_whole_blood] INFO:   CCC: 0.010863, p-value: 4.74e-03
[2025-06-23 21:56:21,835 - tissue_CYTIP_whole_blood] INFO: Processing column 253/262: SME1ANTI
[2025-06-23 21:56:39,031 - tissue_CYTIP_whole_blood] INFO:   CCC: 0.007210, p-value: 5.00e-02
[2025-06-23 21:56:39,031 - tissue_CYTIP_whole_blood] INFO: Processing column 254/262: SMSPLTRD
[2025-06-23 21:56:55,762 - tissue_CYTIP_whole_blood] INFO:   CCC: 0.030117, p-value: 1.00e-06
[2025-06-23 21:56:55,763 - tissue_CYTIP_whole_blood] INFO: Processing column 255/262: SMBSMMRT
[2025-06-23 21:57:12,416 - tissue_CYTIP_whole_blood] INFO:   CCC: 0.004293, p-value: 3.47e-01
[2025-06-23 21:57:12,416 - tissue_CYTIP_whole_blood] INFO: Processing column 256/262: SME1SNSE
[2025-06-23 21:57:29,199 - tissue_CYTIP_whole_blood] INFO:   CCC: 0.007285, p-value: 4.81e-02
[2025-06-23 21:57:29,199 - tissue_CYTIP_whole_blood] INFO: Processing column 257/262: SME1PCTS
[2025-06-23 21:57:45,823 - tissue_CYTIP_whole_blood] INFO:   CCC: 0.004663, p-value: 2.80e-01
[2025-06-23 21:57:45,823 - tissue_CYTIP_whole_blood] INFO: Processing column 258/262: SMRRNART
[2025-06-23 21:58:02,550 - tissue_CYTIP_whole_blood] INFO:   CCC: 0.013729, p-value: 1.19e-03
[2025-06-23 21:58:02,550 - tissue_CYTIP_whole_blood] INFO: Processing column 259/262: SME1MPRT
[2025-06-23 21:58:19,234 - tissue_CYTIP_whole_blood] INFO:   CCC: 0.021952, p-value: 2.50e-05
[2025-06-23 21:58:19,234 - tissue_CYTIP_whole_blood] INFO: Processing column 260/262: SMNUM5CD
[2025-06-23 21:58:19,234 - tissue_CYTIP_whole_blood] INFO:   Skipping SMNUM5CD: all values are NaN
[2025-06-23 21:58:19,234 - tissue_CYTIP_whole_blood] INFO: Processing column 261/262: SMDPMPRT
[2025-06-23 21:58:19,235 - tissue_CYTIP_whole_blood] INFO:   Skipping SMDPMPRT: only 1 unique value(s)
[2025-06-23 21:58:19,235 - tissue_CYTIP_whole_blood] INFO: Processing column 262/262: SME2PCTS
[2025-06-23 21:58:35,716 - tissue_CYTIP_whole_blood] INFO:   CCC: 0.007812, p-value: 3.34e-02
[2025-06-23 21:58:35,719 - tissue_CYTIP_whole_blood] INFO: 
Completed processing whole_blood:
[2025-06-23 21:58:35,719 - tissue_CYTIP_whole_blood] INFO:   Total metadata columns: 262
[2025-06-23 21:58:35,719 - tissue_CYTIP_whole_blood] INFO:   Successful analyses: 192
[2025-06-23 21:58:35,719 - tissue_CYTIP_whole_blood] INFO:   Skipped/Failed: 70
[2025-06-23 21:58:35,751 - summary] INFO: Results for CYTIP in whole_blood saved to: /mnt/data/proj_data/ccc-gpu/metadata_correlation/nperm=1000000/RASSF2_CYTIP/CYTIP_whole_blood_correlation_results.pkl
[2025-06-23 21:58:35,751 - summary] INFO: Log file for CYTIP in whole_blood saved to: /mnt/data/proj_data/ccc-gpu/metadata_correlation/nperm=1000000/RASSF2_CYTIP/CYTIP_whole_blood.log
[2025-06-23 21:58:35,751 - summary] INFO: Runtime for CYTIP in whole_blood: 3058.03 seconds (50.97 minutes)
[2025-06-23 21:58:35,753 - summary] INFO: Combined results for CYTIP saved to: /mnt/data/proj_data/ccc-gpu/metadata_correlation/nperm=1000000/RASSF2_CYTIP/CYTIP_all_tissues_correlation_results.pkl
[2025-06-23 21:58:35,753 - summary] INFO: Combined results (CSV) for CYTIP saved to: /mnt/data/proj_data/ccc-gpu/metadata_correlation/nperm=1000000/RASSF2_CYTIP/CYTIP_all_tissues_correlation_results.csv
[2025-06-23 21:58:35,753 - summary] INFO: Runtime for CYTIP: 3058.04 seconds (50.97 minutes)
[2025-06-23 21:58:35,753 - summary] INFO: 
====================================================================================================
[2025-06-23 21:58:35,753 - summary] INFO: OVERALL RESULTS SUMMARY
[2025-06-23 21:58:35,753 - summary] INFO: ====================================================================================================
[2025-06-23 21:58:35,753 - summary] INFO: Gene symbols processed: CYTIP
[2025-06-23 21:58:35,753 - summary] INFO: Total genes: 1
[2025-06-23 21:58:35,753 - summary] INFO: Permutations: 1,000,000
[2025-06-23 21:58:35,753 - summary] INFO: Tissues per gene: 1
[2025-06-23 21:58:35,754 - summary] INFO: All genes combined results saved to: /mnt/data/proj_data/ccc-gpu/metadata_correlation/nperm=1000000/RASSF2_CYTIP/all_genes_all_tissues_correlation_results.pkl
[2025-06-23 21:58:35,755 - summary] INFO: All genes combined results (CSV) saved to: /mnt/data/proj_data/ccc-gpu/metadata_correlation/nperm=1000000/RASSF2_CYTIP/all_genes_all_tissues_correlation_results.csv
[2025-06-23 21:58:35,755 - summary] INFO: 
Log files created:
[2025-06-23 21:58:35,755 - summary] INFO:   CYTIP - whole_blood: /mnt/data/proj_data/ccc-gpu/metadata_correlation/nperm=1000000/RASSF2_CYTIP/CYTIP_whole_blood.log
[2025-06-23 21:58:35,755 - summary] INFO: 
Total successful analyses across all genes and tissues: 192
[2025-06-23 21:58:35,755 - summary] INFO: 
====================================================================================================
[2025-06-23 21:58:35,755 - summary] INFO: TOP CORRELATIONS ACROSS ALL GENES AND TISSUES (by absolute CCC value)
[2025-06-23 21:58:35,755 - summary] INFO: ====================================================================================================
[2025-06-23 21:58:35,755 - summary] INFO: Gene         Tissue               Metadata Column           CCC Value    P-value      Significance   
[2025-06-23 21:58:35,755 - summary] INFO: --------------------------------------------------------------------------------------------------------------
[2025-06-23 21:58:35,756 - summary] INFO: CYTIP        whole_blood          SMNTRNRT                    0.261762    1.00e-06  ***            
[2025-06-23 21:58:35,756 - summary] INFO: CYTIP        whole_blood          COHORT                      0.252980    1.00e-06  ***            
[2025-06-23 21:58:35,756 - summary] INFO: CYTIP        whole_blood          SMTSISCH                    0.215092    1.00e-06  ***            
[2025-06-23 21:58:35,756 - summary] INFO: CYTIP        whole_blood          TRISCHD                     0.210187    1.00e-06  ***            
[2025-06-23 21:58:35,756 - summary] INFO: CYTIP        whole_blood          DTHRFG                      0.205345    1.00e-06  ***            
[2025-06-23 21:58:35,756 - summary] INFO: CYTIP        whole_blood          TRCCLMPD                    0.205339    1.00e-06  ***            
[2025-06-23 21:58:35,756 - summary] INFO: CYTIP        whole_blood          TRCHSTIND                   0.205339    1.00e-06  ***            
[2025-06-23 21:58:35,756 - summary] INFO: CYTIP        whole_blood          TRDNISCH                    0.198172    1.00e-06  ***            
[2025-06-23 21:58:35,756 - summary] INFO: CYTIP        whole_blood          LBCMVTAB                    0.195811    1.00e-06  ***            
[2025-06-23 21:58:35,756 - summary] INFO: CYTIP        whole_blood          DTHVNT                      0.193497    1.00e-06  ***            
[2025-06-23 21:58:35,756 - summary] INFO: CYTIP        whole_blood          LBEBVMAB                    0.191134    1.00e-06  ***            
[2025-06-23 21:58:35,756 - summary] INFO: CYTIP        whole_blood          LBEBVGAB                    0.191134    1.00e-06  ***            
[2025-06-23 21:58:35,756 - summary] INFO: CYTIP        whole_blood          DTHHRDY                     0.184226    1.00e-06  ***            
[2025-06-23 21:58:35,756 - summary] INFO: CYTIP        whole_blood          MHBRNPH                     0.149478    1.00e-06  ***            
[2025-06-23 21:58:35,756 - summary] INFO: CYTIP        whole_blood          MHBRNWGHT                   0.149478    1.00e-06  ***            
[2025-06-23 21:58:35,756 - summary] INFO: CYTIP        whole_blood          DTHVNTD                     0.143365    1.00e-06  ***            
[2025-06-23 21:58:35,756 - summary] INFO: CYTIP        whole_blood          SMEXNCRT                    0.126241    1.00e-06  ***            
[2025-06-23 21:58:35,756 - summary] INFO: CYTIP        whole_blood          TRCRTMP                     0.097342    1.00e-06  ***            
[2025-06-23 21:58:35,756 - summary] INFO: CYTIP        whole_blood          LBPRRVDRL                   0.095946    1.00e-06  ***            
[2025-06-23 21:58:35,756 - summary] INFO: CYTIP        whole_blood          MHABNWBC                    0.089223    1.00e-06  ***            
[2025-06-23 21:58:35,756 - summary] INFO: CYTIP        whole_blood          SMEXPEFF                    0.086945    1.00e-06  ***            
[2025-06-23 21:58:35,756 - summary] INFO: CYTIP        whole_blood          DTHCODD                     0.085743    1.00e-06  ***            
[2025-06-23 21:58:35,756 - summary] INFO: CYTIP        whole_blood          DTHFUCODD                   0.084872    1.00e-06  ***            
[2025-06-23 21:58:35,757 - summary] INFO: CYTIP        whole_blood          DTHCERT                     0.084710    1.00e-06  ***            
[2025-06-23 21:58:35,757 - summary] INFO: CYTIP        whole_blood          SMCENTER                    0.084684    1.00e-06  ***            
[2025-06-23 21:58:35,757 - summary] INFO: CYTIP        whole_blood          LBHBCABM                    0.076368    1.00e-06  ***            
[2025-06-23 21:58:35,757 - summary] INFO: CYTIP        whole_blood          ETHNCTY                     0.071719    1.00e-06  ***            
[2025-06-23 21:58:35,757 - summary] INFO: CYTIP        whole_blood          MHSRC                       0.068373    1.00e-06  ***            
[2025-06-23 21:58:35,757 - summary] INFO: CYTIP        whole_blood          AGE                         0.057500    1.00e-06  ***            
[2025-06-23 21:58:35,757 - summary] INFO: CYTIP        whole_blood          SMTRSCPT                    0.051533    1.00e-06  ***            
[2025-06-23 21:58:35,757 - summary] INFO: 
====================================================================================================
[2025-06-23 21:58:35,757 - summary] INFO: SUMMARY BY GENE
[2025-06-23 21:58:35,757 - summary] INFO: ====================================================================================================
[2025-06-23 21:58:35,757 - summary] INFO: 
Gene: CYTIP (ID: ENSG00000115165.9)
[2025-06-23 21:58:35,757 - summary] INFO:   Tissues processed: 1
[2025-06-23 21:58:35,757 - summary] INFO:   Successful analyses: 192
[2025-06-23 21:58:35,757 - summary] INFO:   Mean |CCC|: 0.025886
[2025-06-23 21:58:35,757 - summary] INFO:   Max |CCC|: 0.261762
[2025-06-23 21:58:35,758 - summary] INFO:   Top correlation: SMNTRNRT in whole_blood (CCC: 0.261762, p: 1.00e-06)
[2025-06-23 21:58:35,758 - summary] INFO:   Runtime: 3058.04 seconds (50.97 minutes)
[2025-06-23 21:58:35,758 - summary] INFO: 
====================================================================================================
[2025-06-23 21:58:35,758 - summary] INFO: SUMMARY BY TISSUE (across all genes)
[2025-06-23 21:58:35,758 - summary] INFO: ====================================================================================================
[2025-06-23 21:58:35,758 - summary] INFO: Tissue                    N Genes    Successful   Mean |CCC|   Max |CCC|   
[2025-06-23 21:58:35,758 - summary] INFO: ---------------------------------------------------------------------------
[2025-06-23 21:58:35,758 - summary] INFO: whole_blood               1          192          0.025886     0.261762    
[2025-06-23 21:58:35,758 - summary] INFO: 
====================================================================================================
[2025-06-23 21:58:35,758 - summary] INFO: RUNTIME SUMMARY
[2025-06-23 21:58:35,758 - summary] INFO: ====================================================================================================
[2025-06-23 21:58:35,758 - summary] INFO: Total runtime: 3058.04 seconds (50.97 minutes)
[2025-06-23 21:58:35,758 - summary] INFO: Average runtime per gene: 3058.04 seconds
[2025-06-23 21:58:35,758 - summary] INFO: Total gene-tissue combinations: 1
[2025-06-23 21:58:35,758 - summary] INFO: 
Runtime by gene:
[2025-06-23 21:58:35,758 - summary] INFO: Gene            Runtime (sec)   Runtime (min)   Tissues    Successful  
[2025-06-23 21:58:35,758 - summary] INFO: ---------------------------------------------------------------------------
[2025-06-23 21:58:35,758 - summary] INFO: CYTIP           3058.04         50.97           1          1           
[2025-06-23 21:58:35,758 - summary] INFO: 
Average runtime by tissue (across all genes):
[2025-06-23 21:58:35,758 - summary] INFO: Tissue                    Avg Runtime (sec)  Avg Runtime (min)  N Runs   Min        Max       
[2025-06-23 21:58:35,758 - summary] INFO: -----------------------------------------------------------------------------------------------
[2025-06-23 21:58:35,758 - summary] INFO: whole_blood               3058.03            50.97              1        3058.03    3058.03   
[2025-06-23 21:58:35,758 - summary] INFO: 
Fastest tissue (avg): whole_blood (3058.03 seconds)
[2025-06-23 21:58:35,758 - summary] INFO: Slowest tissue (avg): whole_blood (3058.03 seconds)
[2025-06-23 21:58:35,758 - summary] INFO: Speed ratio: 1.0x
[2025-06-23 21:58:35,758 - summary] INFO: 
Summary log saved to: /mnt/data/proj_data/ccc-gpu/metadata_correlation/nperm=1000000/RASSF2_CYTIP/CYTIP_summary.log
