2025-07-22 15:53:09,222 - INFO - Streaming Analysis Logging initialized - Log file: logs/adipose_subcutaneous_20250722_155308/coefficient_analysis_streaming.log
2025-07-22 15:53:09,222 - INFO - ================================================================================
2025-07-22 15:53:09,222 - INFO - GTEx COEFFICIENT DISTRIBUTION ANALYSIS (STREAMING)
2025-07-22 15:53:09,222 - INFO - ================================================================================
2025-07-22 15:53:09,222 - INFO - Configuration:
2025-07-22 15:53:09,222 - INFO -   tissue: adipose_subcutaneous
2025-07-22 15:53:09,222 - INFO -   top_n_genes: all
2025-07-22 15:53:09,222 - INFO -   gene_selection_strategy: var_pc_log2
2025-07-22 15:53:09,222 - INFO -   gene_pairs_percent: 0.7
2025-07-22 15:53:09,222 - INFO -   chunk_size: 50000
2025-07-22 15:53:09,222 - INFO -   data_dir: /pividori_lab/haoyu_projects/ccc-gpu/data/gtex
2025-07-22 15:53:09,222 - INFO -   output_dir: /pividori_lab/haoyu_projects/ccc-gpu/figures
2025-07-22 15:53:09,222 - INFO -   log_dir: logs/adipose_subcutaneous_20250722_155308
2025-07-22 15:53:09,222 - INFO -   ccc_label: CCC
2025-07-22 15:53:09,222 - INFO -   pearson_label: Pearson
2025-07-22 15:53:09,222 - INFO -   spearman_label: Spearman
2025-07-22 15:53:09,222 - INFO - Original output directory: /pividori_lab/haoyu_projects/ccc-gpu/figures/coefs_comp/gtex_adipose_subcutaneous
2025-07-22 15:53:09,222 - INFO - Log directory: logs/adipose_subcutaneous_20250722_155308
2025-07-22 15:53:09,222 - INFO - ✅ Correlation file: /pividori_lab/haoyu_projects/ccc-gpu/data/gtex/similarity_matrices/all/gtex_v8_data_adipose_subcutaneous-var_pc_log2-all.pkl
2025-07-22 15:53:09,223 - INFO - 📊 Loading and analyzing data...
2025-07-22 15:53:09,223 - INFO - Analyzing data file: /pividori_lab/haoyu_projects/ccc-gpu/data/gtex/similarity_matrices/all/gtex_v8_data_adipose_subcutaneous-var_pc_log2-all.pkl
