Output directory: /mnt/data/proj_data/ccc-gpu/metadata_correlation/nperm=1000000/RASSF2_CYTIP
Summary log file: /mnt/data/proj_data/ccc-gpu/metadata_correlation/nperm=1000000/RASSF2_CYTIP/CYTIP_summary.log
Gene symbols to analyze: CYTIP
Found 1 expression files to process:
  whole_blood: gtex_v8_data_whole_blood-var_pc_log2.pkl
Loading metadata and gene mapping files...
Loaded metadata: (22951, 262)
Loaded gene mapping: (56200, 2)

====================================================================================================
PROCESSING GENE 1/1: CYTIP
====================================================================================================

[1/1] Starting processing for CYTIP in whole_blood...

============================================================
Processing tissue: whole_blood
File: gtex_v8_data_whole_blood-var_pc_log2.pkl
Log file: /mnt/data/proj_data/ccc-gpu/metadata_correlation/nperm=1000000/RASSF2_CYTIP/CYTIP_whole_blood.log
============================================================
Loading expression data...
Expression data shape: (56200, 755)
Gene ID for CYTIP: ENSG00000115165.9
Number of samples: 755
Common samples: 755
Computing CCC between CYTIP expression and all metadata columns...
Using 1000000 permutations and 24 jobs
Processing 262 metadata columns...
Processing column 1/262: SUBJID
  CCC: 0.000000, p-value: 1.00e+00
Processing column 2/262: COHORT
  CCC: 0.252980, p-value: 1.00e-06
Processing column 3/262: SEX
  CCC: 0.001409, p-value: 3.97e-01
Processing column 4/262: AGE
  CCC: 0.057500, p-value: 1.00e-06
Processing column 5/262: RACE
  CCC: 0.015257, p-value: 1.00e-06
Processing column 6/262: ETHNCTY
  CCC: 0.071719, p-value: 1.00e-06
Processing column 7/262: HGHT
  CCC: 0.002158, p-value: 7.72e-01
Processing column 8/262: HGHTU
  Skipping HGHTU: only 1 unique value(s)
Processing column 9/262: WGHT
  CCC: 0.005498, p-value: 1.65e-01
Processing column 10/262: WGHTU
  Skipping WGHTU: only 1 unique value(s)
Processing column 11/262: BMI
  CCC: 0.002954, p-value: 6.41e-01
Processing column 12/262: INCEXC
  CCC: 0.000070, p-value: 3.13e-01
Processing column 13/262: TRISCH
  CCC: 0.001331, p-value: 5.27e-03
Processing column 14/262: TRISCHD
  CCC: 0.210187, p-value: 1.00e-06
Processing column 15/262: TRCHSTIN
  Error processing TRCHSTIN: '<' not supported between instances of 'float' and 'str'
Processing column 16/262: TRCHSTIND
  CCC: 0.205339, p-value: 1.00e-06
Processing column 17/262: TRCCLMP
  Error processing TRCCLMP: '<' not supported between instances of 'float' and 'str'
Processing column 18/262: TRCCLMPD
  CCC: 0.205339, p-value: 1.00e-06
Processing column 19/262: TRORGNS
  Error processing TRORGNS: '<' not supported between instances of 'float' and 'str'
Processing column 20/262: TRAMP
  Error processing TRAMP: '<' not supported between instances of 'str' and 'float'
Processing column 21/262: TRCRTMP
  CCC: 0.097342, p-value: 1.00e-06
Processing column 22/262: TRCRTMPU
  Error processing TRCRTMPU: '<' not supported between instances of 'float' and 'str'
Processing column 23/262: TRCRTMPL
  Error processing TRCRTMPL: '<' not supported between instances of 'float' and 'str'
Processing column 24/262: TRTPTREF
  CCC: 0.000609, p-value: 4.62e-02
Processing column 25/262: TRVNTSR
  Skipping TRVNTSR: only 1 unique value(s)
Processing column 26/262: TRDNISCH
  CCC: 0.198172, p-value: 1.00e-06
Processing column 27/262: DTHPRNINT
  Error processing DTHPRNINT: '<' not supported between instances of 'float' and 'str'
Processing column 28/262: DTHTPTREF
  Error processing DTHTPTREF: '<' not supported between instances of 'float' and 'str'
Processing column 29/262: DTHATPSY
  CCC: 0.039512, p-value: 1.00e-06
Processing column 30/262: DTHRFG
  CCC: 0.205345, p-value: 1.00e-06
Processing column 31/262: DTHCERT
  CCC: 0.084710, p-value: 1.00e-06
Processing column 32/262: DTHVNT
  CCC: 0.193497, p-value: 1.00e-06
Processing column 33/262: DTHFUCOD
  Error processing DTHFUCOD: '<' not supported between instances of 'float' and 'str'
Processing column 34/262: DTHHRDY
  CCC: 0.184226, p-value: 1.00e-06
Processing column 35/262: DTHCOD
  Error processing DTHCOD: '<' not supported between instances of 'float' and 'str'
Processing column 36/262: DTHFUCODDU
  Skipping DTHFUCODDU: only 1 unique value(s)
Processing column 37/262: DTHFUCODD
  CCC: 0.084872, p-value: 1.00e-06
Processing column 38/262: DTHCODDU
  Skipping DTHCODDU: only 1 unique value(s)
Processing column 39/262: DTHCODD
  CCC: 0.085743, p-value: 1.00e-06
Processing column 40/262: DTHLUCODDU
  Skipping DTHLUCODDU: only 1 unique value(s)
Processing column 41/262: DTHLUCODD
  CCC: 0.028182, p-value: 3.00e-06
Processing column 42/262: DTHLUCOD
  Error processing DTHLUCOD: '<' not supported between instances of 'float' and 'str'
Processing column 43/262: DTHMNNR
  Error processing DTHMNNR: '<' not supported between instances of 'float' and 'str'
Processing column 44/262: DTHRFGDU
  Skipping DTHRFGDU: only 1 unique value(s)
Processing column 45/262: DTHRFGD
  CCC: 0.005758, p-value: 1.38e-01
Processing column 46/262: DTHDTRMN
  Error processing DTHDTRMN: '<' not supported between instances of 'str' and 'float'
Processing column 47/262: DTHPLCE
  Error processing DTHPLCE: '<' not supported between instances of 'float' and 'str'
Processing column 48/262: DTHVNTDU
  Skipping DTHVNTDU: only 1 unique value(s)
Processing column 49/262: DTHVNTD
  CCC: 0.143365, p-value: 1.00e-06
Processing column 50/262: DTHWTNS
  CCC: 0.000609, p-value: 5.77e-02
Processing column 51/262: DTHCLS
  Skipping DTHCLS: all values are NaN
Processing column 52/262: DTHTYP
  Skipping DTHTYP: all values are NaN
Processing column 53/262: DTHCAT
  Skipping DTHCAT: all values are NaN
Processing column 54/262: DTHICD10
  Skipping DTHICD10: all values are NaN
Processing column 55/262: LBCMVTAB
  CCC: 0.195811, p-value: 1.00e-06
Processing column 56/262: LBEBVGAB
  CCC: 0.191134, p-value: 1.00e-06
Processing column 57/262: LBEBVMAB
  CCC: 0.191134, p-value: 1.00e-06
Processing column 58/262: LBHBCABM
  CCC: 0.076368, p-value: 1.00e-06
Processing column 59/262: LBHBCABT
  CCC: 0.000232, p-value: 5.48e-01
Processing column 60/262: LBHBSAB
  CCC: 0.008986, p-value: 1.00e-06
Processing column 61/262: LBHBSAG
  CCC: 0.000000, p-value: 1.00e+00
Processing column 62/262: LBHCV1NT
  CCC: 0.000061, p-value: 7.63e-01
Processing column 63/262: LBHBHCVAB
  CCC: 0.000078, p-value: 7.13e-01
Processing column 64/262: LBHIV1NT
  CCC: 0.000060, p-value: 7.58e-01
Processing column 65/262: LBHIVAB
  CCC: 0.015661, p-value: 2.25e-04
Processing column 66/262: LBHIVO
  CCC: 0.000335, p-value: 3.39e-01
Processing column 67/262: LBPRRVDRL
  CCC: 0.095946, p-value: 1.00e-06
Processing column 68/262: LBRPR
  CCC: 0.000055, p-value: 7.23e-01
Processing column 69/262: MHABNWBC
  CCC: 0.089223, p-value: 1.00e-06
Processing column 70/262: MHALS
  CCC: 0.000225, p-value: 7.30e-02
Processing column 71/262: MHALZDMT
  CCC: 0.000000, p-value: 1.00e+00
Processing column 72/262: MHALZHMR
  CCC: 0.000303, p-value: 6.29e-02
Processing column 73/262: MHARTHTS
  CCC: 0.000441, p-value: 4.24e-01
Processing column 74/262: MHASCITES
  CCC: 0.000099, p-value: 5.76e-01
Processing column 75/262: MHASTHMA
  CCC: 0.000195, p-value: 6.73e-01
Processing column 76/262: MHBCTINF
  CCC: 0.003541, p-value: 7.67e-04
Processing column 77/262: MHBLDDND
  CCC: 0.000394, p-value: 2.54e-01
Processing column 78/262: MHBLDDNDR
  Error processing MHBLDDNDR: '<' not supported between instances of 'float' and 'str'
Processing column 79/262: MHBLDOCNT
  CCC: 0.000703, p-value: 9.31e-04
Processing column 80/262: MHBRNPH
  CCC: 0.149478, p-value: 1.00e-06
Processing column 81/262: MHBRNWGHT
  CCC: 0.149478, p-value: 1.00e-06
Processing column 82/262: MHCANCER5
  CCC: 0.000089, p-value: 5.67e-01
Processing column 83/262: MHCANCERC
  CCC: 0.000116, p-value: 3.60e-01
Processing column 84/262: MHCANCERNM
  CCC: 0.001563, p-value: 2.60e-02
Processing column 85/262: MHCLLULTS
  CCC: 0.000000, p-value: 1.00e+00
Processing column 86/262: MHCLRD
  CCC: 0.000154, p-value: 4.25e-01
Processing column 87/262: MHCOCAINE5
  CCC: 0.001522, p-value: 4.01e-02
Processing column 88/262: MHCOPD
  CCC: 0.002127, p-value: 1.15e-01
Processing column 89/262: MHCOUGHU
  CCC: 0.000569, p-value: 1.83e-03
Processing column 90/262: MHCVD
  CCC: 0.000138, p-value: 6.97e-01
Processing column 91/262: MHDLYSIS
  CCC: 0.001070, p-value: 2.17e-02
Processing column 92/262: MHDMNTIA
  CCC: 0.000261, p-value: 7.71e-02
Processing column 93/262: MHDPRSSN
  CCC: 0.003710, p-value: 4.78e-03
Processing column 94/262: MHDRNKSTS
  Error processing MHDRNKSTS: '<' not supported between instances of 'float' and 'str'
Processing column 95/262: MHDRNKTP
  Error processing MHDRNKTP: '<' not supported between instances of 'float' and 'str'
Processing column 96/262: MHDRNKNMB
  CCC: 0.005208, p-value: 1.75e-01
Processing column 97/262: MHDRNKPRD
  Error processing MHDRNKPRD: '<' not supported between instances of 'float' and 'str'
Processing column 98/262: MHDRNKYRS
  CCC: 0.018435, p-value: 1.08e-04
Processing column 99/262: MHDRNKCMT
  Error processing MHDRNKCMT: '<' not supported between instances of 'float' and 'str'
Processing column 100/262: MHDTND72H
  CCC: 0.001121, p-value: 6.07e-03
Processing column 101/262: MHENCEPHA
  CCC: 0.000253, p-value: 1.52e-02
Processing column 102/262: MHEURO5
  CCC: 0.000419, p-value: 3.83e-02
Processing column 103/262: MHFLU
  CCC: 0.000001, p-value: 8.21e-01
Processing column 104/262: MHFNGINF
  CCC: 0.000069, p-value: 3.38e-01
Processing column 105/262: MHFVRU
  CCC: 0.000215, p-value: 6.98e-02
Processing column 106/262: MHGENCMT
  Error processing MHGENCMT: '<' not supported between instances of 'float' and 'str'
Processing column 107/262: MHGNRR12M
  CCC: 0.000450, p-value: 3.74e-03
Processing column 108/262: MHHEPBCT
  CCC: 0.000125, p-value: 1.85e-01
Processing column 109/262: MHHEPCCT
  CCC: 0.000290, p-value: 8.98e-02
Processing column 110/262: MHHEROIN
  CCC: 0.000945, p-value: 9.95e-03
Processing column 111/262: MHHGH
  CCC: 0.000569, p-value: 1.86e-03
Processing column 112/262: MHHIVCT
  CCC: 0.000249, p-value: 3.00e-02
Processing column 113/262: MHHIVNT
  CCC: 0.000344, p-value: 7.43e-03
Processing column 114/262: MHHMPHLIA
  CCC: 0.000569, p-value: 1.89e-03
Processing column 115/262: MHHMPHLIAB
  CCC: 0.000342, p-value: 1.45e-02
Processing column 116/262: MHHRTATT
  CCC: 0.003624, p-value: 1.75e-02
Processing column 117/262: MHHRTDIS
  CCC: 0.001240, p-value: 3.13e-01
Processing column 118/262: MHHRTDISB
  CCC: 0.000329, p-value: 1.64e-01
Processing column 119/262: MHHTN
  CCC: 0.007540, p-value: 1.69e-02
Processing column 120/262: MHINFLNE
  CCC: 0.000081, p-value: 1.06e-01
Processing column 121/262: MHIVDRG5
  CCC: 0.000199, p-value: 8.93e-02
Processing column 122/262: MHJAKOB
  CCC: 0.000344, p-value: 7.46e-03
Processing column 123/262: MHLAPTHU
  CCC: 0.000344, p-value: 7.51e-03
Processing column 124/262: MHLUPUS
  CCC: 0.000181, p-value: 1.39e-01
Processing column 125/262: MHLVRDIS
  CCC: 0.000818, p-value: 8.55e-02
Processing column 126/262: MHMENINA
  CCC: 0.000253, p-value: 1.52e-02
Processing column 127/262: MHMS
  CCC: 0.000198, p-value: 1.57e-01
Processing column 128/262: MHMSXWMA
  CCC: 0.000689, p-value: 3.19e-03
Processing column 129/262: MHMSXWMB
  CCC: 0.000676, p-value: 6.94e-03
Processing column 130/262: MHNEPH
  CCC: 0.000043, p-value: 4.77e-01
Processing column 131/262: MHNGHTSWT
  CCC: 0.000422, p-value: 2.24e-02
Processing column 132/262: MHNPHYS4W
  CCC: 0.000985, p-value: 2.15e-03
Processing column 133/262: MHNRTHEUR
  CCC: 0.000427, p-value: 1.00e-01
Processing column 134/262: MHOPNWND
  CCC: 0.001877, p-value: 3.26e-03
Processing column 135/262: MHOPPINF
  CCC: 0.000450, p-value: 3.67e-03
Processing column 136/262: MHORGNTP
  CCC: 0.000729, p-value: 1.29e-01
Processing column 137/262: MHOSTMYLTS
  CCC: 0.000422, p-value: 2.21e-02
Processing column 138/262: MHPLLABS
  CCC: 0.000956, p-value: 7.61e-02
Processing column 139/262: MHPNMIAB
  CCC: 0.001319, p-value: 5.68e-02
Processing column 140/262: MHPNMNIA
  CCC: 0.002116, p-value: 2.08e-02
Processing column 141/262: MHPRCNP
  CCC: 0.000985, p-value: 2.14e-03
Processing column 142/262: MHPRKNSN
  CCC: 0.000014, p-value: 4.01e-01
Processing column 143/262: MHPSBLDCLT
  CCC: 0.000054, p-value: 6.71e-01
Processing column 144/262: MHRA
  CCC: 0.000413, p-value: 1.05e-01
Processing column 145/262: MHRBSANML
  CCC: 0.000317, p-value: 4.06e-02
Processing column 146/262: MHREYES
  CCC: 0.000344, p-value: 7.52e-03
Processing column 147/262: MHRNLFLR
  CCC: 0.004416, p-value: 2.53e-03
Processing column 148/262: MHSARS
  CCC: 0.000239, p-value: 3.91e-02
Processing column 149/262: MHSCHZ
  CCC: 0.000081, p-value: 5.53e-01
Processing column 150/262: MHSCLRDRM
  CCC: 0.000288, p-value: 4.69e-02
Processing column 151/262: MHSDRGABS
  CCC: 0.000288, p-value: 4.69e-02
Processing column 152/262: MHSEPSIS
  CCC: 0.000355, p-value: 1.20e-01
Processing column 153/262: MHSKNSPT
  CCC: 0.000331, p-value: 2.10e-02
Processing column 154/262: MHSMKSTS
  Error processing MHSMKSTS: '<' not supported between instances of 'float' and 'str'
Processing column 155/262: MHSMKTP
  Error processing MHSMKTP: '<' not supported between instances of 'float' and 'str'
Processing column 156/262: MHSMKNMB
  CCC: 0.006776, p-value: 5.49e-02
Processing column 157/262: MHSMKPRD
  Error processing MHSMKPRD: '<' not supported between instances of 'float' and 'str'
Processing column 158/262: MHSMKYRS
  CCC: 0.017085, p-value: 2.53e-04
Processing column 159/262: MHSMKCMT
  Error processing MHSMKCMT: '<' not supported between instances of 'float' and 'str'
Processing column 160/262: MHSMLPXCT
  CCC: 0.000436, p-value: 1.12e-02
Processing column 161/262: MHSMLPXVC
  CCC: 0.000331, p-value: 2.08e-02
Processing column 162/262: MHSRC
  CCC: 0.068373, p-value: 1.00e-06
Processing column 163/262: MHSRCDSS
  CCC: 0.000436, p-value: 1.13e-02
Processing column 164/262: MHSRGHM
  CCC: 0.000502, p-value: 4.42e-02
Processing column 165/262: MHSTD
  CCC: 0.001147, p-value: 2.24e-03
Processing column 166/262: MHSTRDLT
  CCC: 0.000732, p-value: 1.09e-01
Processing column 167/262: MHSUBABSA
  CCC: 0.000113, p-value: 2.41e-01
Processing column 168/262: MHSUBABSB
  CCC: 0.000426, p-value: 2.63e-02
Processing column 169/262: MHSXMDA
  CCC: 0.000450, p-value: 3.72e-03
Processing column 170/262: MHSXMDB
  CCC: 0.000556, p-value: 5.91e-03
Processing column 171/262: MHSYPH12M
  CCC: 0.000450, p-value: 3.69e-03
Processing column 172/262: MHSZRSU
  CCC: 0.001694, p-value: 3.85e-03
Processing column 173/262: MHT1D
  CCC: 0.001503, p-value: 1.78e-02
Processing column 174/262: MHT2D
  CCC: 0.001143, p-value: 3.58e-01
Processing column 175/262: MHTBHX
  CCC: 0.000330, p-value: 3.01e-02
Processing column 176/262: MHTEMPU
  CCC: 0.000344, p-value: 7.50e-03
Processing column 177/262: MHTTCMT
  Error processing MHTTCMT: '<' not supported between instances of 'str' and 'float'
Processing column 178/262: MHTTOO12M
  CCC: 0.000382, p-value: 7.28e-02
Processing column 179/262: MHTTOONP
  CCC: 0.001095, p-value: 1.16e-02
Processing column 180/262: MHTXCEXP
  CCC: 0.000185, p-value: 5.22e-01
Processing column 181/262: MHUK8096
  CCC: 0.000299, p-value: 7.66e-02
Processing column 182/262: MHUREMIA
  CCC: 0.000052, p-value: 3.94e-01
Processing column 183/262: MHWKNSSU
  CCC: 0.000449, p-value: 1.12e-01
Processing column 184/262: MHWNVCT
  CCC: 0.000344, p-value: 7.58e-03
Processing column 185/262: MHWNVHX
  CCC: 0.000344, p-value: 7.61e-03
Processing column 186/262: MHWTLSUA
  CCC: 0.000570, p-value: 8.49e-02
Processing column 187/262: MHWTLSUB
  CCC: 0.000436, p-value: 1.12e-02
Processing column 188/262: DTHSEASON
  Error processing DTHSEASON: '<' not supported between instances of 'float' and 'str'
Processing column 189/262: DTHTIME
  Error processing DTHTIME: '<' not supported between instances of 'float' and 'str'
Processing column 190/262: SMATSSCR
  Skipping SMATSSCR: all values are NaN
Processing column 191/262: SMCAT
  Skipping SMCAT: only 1 unique value(s)
Processing column 192/262: SMCENTER
  CCC: 0.084684, p-value: 1.00e-06
Processing column 193/262: SMMTRLTP
  CCC: 0.000030, p-value: 7.12e-01
Processing column 194/262: SMNOTES
  Skipping SMNOTES: all values are NaN
Processing column 195/262: SMOMTRLTP
  CCC: 0.000079, p-value: 4.34e-01
Processing column 196/262: SMPTHNTS
  Skipping SMPTHNTS: all values are NaN
Processing column 197/262: SMRIN
  CCC: 0.003196, p-value: 5.66e-01
Processing column 198/262: SMSMPSTE
  Skipping SMSMPSTE: all values are NaN
Processing column 199/262: SMSTYP
  Skipping SMSTYP: only 1 unique value(s)
Processing column 200/262: SMTS
  Skipping SMTS: only 1 unique value(s)
Processing column 201/262: SMTSC
  Error processing SMTSC: '<' not supported between instances of 'float' and 'str'
Processing column 202/262: SMTSD
  Skipping SMTSD: only 1 unique value(s)
Processing column 203/262: SMUBRID
  Skipping SMUBRID: only 1 unique value(s)
Processing column 204/262: SMUBRTRM
  Skipping SMUBRTRM: only 1 unique value(s)
Processing column 205/262: SMTSISCH
  CCC: 0.215092, p-value: 1.00e-06
Processing column 206/262: SMTSPAX
  Skipping SMTSPAX: all values are NaN
Processing column 207/262: SMNABTCH
  CCC: 0.000304, p-value: 6.07e-01
Processing column 208/262: SMNABTCHT
  Skipping SMNABTCHT: only 1 unique value(s)
Processing column 209/262: SMNABTCHD
  CCC: 0.000256, p-value: 6.66e-01
Processing column 210/262: SMGEBTCH
  CCC: 0.001533, p-value: 2.22e-01
Processing column 211/262: SMGEBTCHD
  CCC: 0.002104, p-value: 1.67e-01
Processing column 212/262: SMGEBTCHT
  Skipping SMGEBTCHT: only 1 unique value(s)
Processing column 213/262: ANALYTE_TYPE
  Skipping ANALYTE_TYPE: only 1 unique value(s)
Processing column 214/262: SMTORMVE
  Skipping SMTORMVE: all values are NaN
Processing column 215/262: SMFLGRMRK
  Skipping SMFLGRMRK: all values are NaN
Processing column 216/262: SMAFRZE
  Skipping SMAFRZE: only 1 unique value(s)
Processing column 217/262: SMGTC
  Skipping SMGTC: all values are NaN
Processing column 218/262: SME2MPRT
  CCC: 0.021744, p-value: 3.40e-05
Processing column 219/262: SMCHMPRS
  CCC: 0.015946, p-value: 3.55e-04
Processing column 220/262: SMNTRART
  CCC: 0.024407, p-value: 1.40e-05
Processing column 221/262: SMNUMGPS
  Skipping SMNUMGPS: all values are NaN
Processing column 222/262: SMMAPRT
  CCC: 0.021052, p-value: 5.80e-05
Processing column 223/262: SMEXNCRT
  CCC: 0.126241, p-value: 1.00e-06
Processing column 224/262: SM550NRM
  Skipping SM550NRM: all values are NaN
Processing column 225/262: SMGNSDTC
  CCC: 0.050841, p-value: 1.00e-06
Processing column 226/262: SMUNMPRT
  Skipping SMUNMPRT: only 1 unique value(s)
Processing column 227/262: SM350NRM
  Skipping SM350NRM: all values are NaN
Processing column 228/262: SMRDLGTH
  CCC: 0.000003, p-value: 9.43e-01
Processing column 229/262: SMMNCPB
  Skipping SMMNCPB: all values are NaN
Processing column 230/262: SME1MMRT
  CCC: 0.005089, p-value: 2.17e-01
Processing column 231/262: SMSFLGTH
  CCC: 0.015322, p-value: 5.01e-04
Processing column 232/262: SMESTLBS
  Skipping SMESTLBS: only 1 unique value(s)
Processing column 233/262: SMMPPD
  CCC: 0.007147, p-value: 5.24e-02
Processing column 234/262: SMNTERRT
  CCC: 0.023433, p-value: 1.60e-05
Processing column 235/262: SMRRNANM
  CCC: 0.005677, p-value: 1.46e-01
Processing column 236/262: SMRDTTL
  CCC: 0.008033, p-value: 2.94e-02
Processing column 237/262: SMVQCFL
  CCC: 0.003136, p-value: 6.00e-01
Processing column 238/262: SMMNCV
  Skipping SMMNCV: all values are NaN
Processing column 239/262: SMTRSCPT
  CCC: 0.051533, p-value: 1.00e-06
Processing column 240/262: SMMPPDPR
  CCC: 0.005880, p-value: 1.28e-01
Processing column 241/262: SMCGLGTH
  Skipping SMCGLGTH: all values are NaN
Processing column 242/262: SMGAPPCT
  Skipping SMGAPPCT: all values are NaN
Processing column 243/262: SMUNPDRD
  Skipping SMUNPDRD: only 1 unique value(s)
Processing column 244/262: SMNTRNRT
  CCC: 0.261762, p-value: 1.00e-06
Processing column 245/262: SMMPUNRT
  CCC: 0.021052, p-value: 4.70e-05
Processing column 246/262: SMEXPEFF
  CCC: 0.086945, p-value: 1.00e-06
Processing column 247/262: SMMPPDUN
  CCC: 0.007147, p-value: 5.27e-02
Processing column 248/262: SME2MMRT
  CCC: 0.004187, p-value: 3.66e-01
Processing column 249/262: SME2ANTI
  CCC: 0.007334, p-value: 4.68e-02
Processing column 250/262: SMALTALG
  CCC: 0.038381, p-value: 1.00e-06
Processing column 251/262: SME2SNSE
  CCC: 0.006734, p-value: 6.99e-02
Processing column 252/262: SMMFLGTH
  CCC: 0.010863, p-value: 4.74e-03
Processing column 253/262: SME1ANTI
  CCC: 0.007210, p-value: 5.00e-02
Processing column 254/262: SMSPLTRD
  CCC: 0.030117, p-value: 1.00e-06
Processing column 255/262: SMBSMMRT
  CCC: 0.004293, p-value: 3.47e-01
Processing column 256/262: SME1SNSE
  CCC: 0.007285, p-value: 4.81e-02
Processing column 257/262: SME1PCTS
  CCC: 0.004663, p-value: 2.80e-01
Processing column 258/262: SMRRNART
  CCC: 0.013729, p-value: 1.19e-03
Processing column 259/262: SME1MPRT
  CCC: 0.021952, p-value: 2.50e-05
Processing column 260/262: SMNUM5CD
  Skipping SMNUM5CD: all values are NaN
Processing column 261/262: SMDPMPRT
  Skipping SMDPMPRT: only 1 unique value(s)
Processing column 262/262: SME2PCTS
  CCC: 0.007812, p-value: 3.34e-02

Completed processing whole_blood:
  Total metadata columns: 262
  Successful analyses: 192
  Skipped/Failed: 70
Results for CYTIP in whole_blood saved to: /mnt/data/proj_data/ccc-gpu/metadata_correlation/nperm=1000000/RASSF2_CYTIP/CYTIP_whole_blood_correlation_results.pkl
Log file for CYTIP in whole_blood saved to: /mnt/data/proj_data/ccc-gpu/metadata_correlation/nperm=1000000/RASSF2_CYTIP/CYTIP_whole_blood.log
Runtime for CYTIP in whole_blood: 3058.03 seconds (50.97 minutes)
Combined results for CYTIP saved to: /mnt/data/proj_data/ccc-gpu/metadata_correlation/nperm=1000000/RASSF2_CYTIP/CYTIP_all_tissues_correlation_results.pkl
Combined results (CSV) for CYTIP saved to: /mnt/data/proj_data/ccc-gpu/metadata_correlation/nperm=1000000/RASSF2_CYTIP/CYTIP_all_tissues_correlation_results.csv
Runtime for CYTIP: 3058.04 seconds (50.97 minutes)

====================================================================================================
OVERALL RESULTS SUMMARY
====================================================================================================
Gene symbols processed: CYTIP
Total genes: 1
Permutations: 1,000,000
Tissues per gene: 1
All genes combined results saved to: /mnt/data/proj_data/ccc-gpu/metadata_correlation/nperm=1000000/RASSF2_CYTIP/all_genes_all_tissues_correlation_results.pkl
All genes combined results (CSV) saved to: /mnt/data/proj_data/ccc-gpu/metadata_correlation/nperm=1000000/RASSF2_CYTIP/all_genes_all_tissues_correlation_results.csv

Log files created:
  CYTIP - whole_blood: /mnt/data/proj_data/ccc-gpu/metadata_correlation/nperm=1000000/RASSF2_CYTIP/CYTIP_whole_blood.log

Total successful analyses across all genes and tissues: 192

====================================================================================================
TOP CORRELATIONS ACROSS ALL GENES AND TISSUES (by absolute CCC value)
====================================================================================================
Gene         Tissue               Metadata Column           CCC Value    P-value      Significance   
--------------------------------------------------------------------------------------------------------------
CYTIP        whole_blood          SMNTRNRT                    0.261762    1.00e-06  ***            
CYTIP        whole_blood          COHORT                      0.252980    1.00e-06  ***            
CYTIP        whole_blood          SMTSISCH                    0.215092    1.00e-06  ***            
CYTIP        whole_blood          TRISCHD                     0.210187    1.00e-06  ***            
CYTIP        whole_blood          DTHRFG                      0.205345    1.00e-06  ***            
CYTIP        whole_blood          TRCCLMPD                    0.205339    1.00e-06  ***            
CYTIP        whole_blood          TRCHSTIND                   0.205339    1.00e-06  ***            
CYTIP        whole_blood          TRDNISCH                    0.198172    1.00e-06  ***            
CYTIP        whole_blood          LBCMVTAB                    0.195811    1.00e-06  ***            
CYTIP        whole_blood          DTHVNT                      0.193497    1.00e-06  ***            
CYTIP        whole_blood          LBEBVMAB                    0.191134    1.00e-06  ***            
CYTIP        whole_blood          LBEBVGAB                    0.191134    1.00e-06  ***            
CYTIP        whole_blood          DTHHRDY                     0.184226    1.00e-06  ***            
CYTIP        whole_blood          MHBRNPH                     0.149478    1.00e-06  ***            
CYTIP        whole_blood          MHBRNWGHT                   0.149478    1.00e-06  ***            
CYTIP        whole_blood          DTHVNTD                     0.143365    1.00e-06  ***            
CYTIP        whole_blood          SMEXNCRT                    0.126241    1.00e-06  ***            
CYTIP        whole_blood          TRCRTMP                     0.097342    1.00e-06  ***            
CYTIP        whole_blood          LBPRRVDRL                   0.095946    1.00e-06  ***            
CYTIP        whole_blood          MHABNWBC                    0.089223    1.00e-06  ***            
CYTIP        whole_blood          SMEXPEFF                    0.086945    1.00e-06  ***            
CYTIP        whole_blood          DTHCODD                     0.085743    1.00e-06  ***            
CYTIP        whole_blood          DTHFUCODD                   0.084872    1.00e-06  ***            
CYTIP        whole_blood          DTHCERT                     0.084710    1.00e-06  ***            
CYTIP        whole_blood          SMCENTER                    0.084684    1.00e-06  ***            
CYTIP        whole_blood          LBHBCABM                    0.076368    1.00e-06  ***            
CYTIP        whole_blood          ETHNCTY                     0.071719    1.00e-06  ***            
CYTIP        whole_blood          MHSRC                       0.068373    1.00e-06  ***            
CYTIP        whole_blood          AGE                         0.057500    1.00e-06  ***            
CYTIP        whole_blood          SMTRSCPT                    0.051533    1.00e-06  ***            

====================================================================================================
SUMMARY BY GENE
====================================================================================================

Gene: CYTIP (ID: ENSG00000115165.9)
  Tissues processed: 1
  Successful analyses: 192
  Mean |CCC|: 0.025886
  Max |CCC|: 0.261762
  Top correlation: SMNTRNRT in whole_blood (CCC: 0.261762, p: 1.00e-06)
  Runtime: 3058.04 seconds (50.97 minutes)

====================================================================================================
SUMMARY BY TISSUE (across all genes)
====================================================================================================
Tissue                    N Genes    Successful   Mean |CCC|   Max |CCC|   
---------------------------------------------------------------------------
whole_blood               1          192          0.025886     0.261762    

====================================================================================================
RUNTIME SUMMARY
====================================================================================================
Total runtime: 3058.04 seconds (50.97 minutes)
Average runtime per gene: 3058.04 seconds
Total gene-tissue combinations: 1

Runtime by gene:
Gene            Runtime (sec)   Runtime (min)   Tissues    Successful  
---------------------------------------------------------------------------
CYTIP           3058.04         50.97           1          1           

Average runtime by tissue (across all genes):
Tissue                    Avg Runtime (sec)  Avg Runtime (min)  N Runs   Min        Max       
-----------------------------------------------------------------------------------------------
whole_blood               3058.03            50.97              1        3058.03    3058.03   

Fastest tissue (avg): whole_blood (3058.03 seconds)
Slowest tissue (avg): whole_blood (3058.03 seconds)
Speed ratio: 1.0x

Summary log saved to: /mnt/data/proj_data/ccc-gpu/metadata_correlation/nperm=1000000/RASSF2_CYTIP/CYTIP_summary.log
