2025-07-14 21:46:19,853 - INFO - Starting Gene Pair Counter CLI Script
2025-07-14 21:46:19,853 - INFO - Input file: /pividori_lab/haoyu_projects/ccc-gpu/results/gene_pair_intersections/gene_pair_intersections-gtex_v8-whole_blood-var_pc_log2.pkl
2025-07-14 21:46:19,853 - INFO - Output folder: 20250714_214619
2025-07-14 21:46:19,853 - INFO - Output file: 20250714_214619/wholeblood_out.pkl
2025-07-14 21:46:19,853 - INFO - Log file: 20250714_214619/wholeblood_out_analysis.log
2025-07-14 21:46:19,853 - INFO - Generate plot: True
2025-07-14 21:46:19,853 - INFO - Threads: 4
2025-07-14 21:46:19,853 - INFO - Loading data from /pividori_lab/haoyu_projects/ccc-gpu/results/gene_pair_intersections/gene_pair_intersections-gtex_v8-whole_blood-var_pc_log2.pkl
2025-07-14 21:46:37,951 - INFO - Successfully loaded data with shape: (1420258456, 9)
2025-07-14 21:46:37,952 - INFO - Index type: <class 'pandas.core.indexes.multi.MultiIndex'>
2025-07-14 21:46:37,952 - INFO - Multi-index levels: [None, None]
2025-07-14 21:46:37,952 - INFO - Columns: ['Pearson (high)', 'Pearson (low)', 'Spearman (high)', 'Spearman (low)', 'Clustermatch (high)', 'Clustermatch (low)', 'ccc', 'pearson', 'spearman']
2025-07-14 21:46:37,952 - INFO - Validating data structure...
2025-07-14 21:46:37,953 - INFO - Data validation passed!
2025-07-14 21:46:37,953 - INFO - Dataset contains 1420258456 gene pairs
2025-07-14 22:11:22,268 - INFO - Unique gene pairs: 1420258456
2025-07-14 22:11:22,268 - INFO - Starting gene pair counting by indicator combinations...
2025-07-14 22:11:22,268 - INFO - Grouping by indicator columns: ['Pearson (high)', 'Pearson (low)', 'Spearman (high)', 'Spearman (low)', 'Clustermatch (high)', 'Clustermatch (low)']
2025-07-14 22:11:22,268 - INFO - Using 4 threads for parallel processing
2025-07-14 22:11:22,269 - INFO - Processing 1420258456 gene pairs...
2025-07-14 22:11:22,269 - INFO - Using ProcessPoolExecutor for very large dataset
2025-07-14 22:11:22,270 - INFO - Split data into 4 chunks of ~355064614 rows each
2025-07-14 22:11:22,270 - INFO - Using 4 effective threads
2025-07-14 22:13:05,029 - INFO - Completed processing chunk 0
2025-07-14 22:13:14,426 - INFO - Completed processing chunk 1
2025-07-14 22:13:50,404 - INFO - Completed processing chunk 2
2025-07-14 22:14:26,840 - INFO - Completed processing chunk 3
2025-07-14 22:14:31,094 - INFO - Combining results from all chunks...
2025-07-14 22:14:31,104 - INFO - Found 27 unique indicator combinations
2025-07-14 22:14:31,104 - INFO - Total gene pairs processed: 1420258456
2025-07-14 22:14:31,106 - INFO - Most common combination has 273477035 gene pairs
2025-07-14 22:14:31,106 - INFO - Least common combination has 24752 gene pairs
2025-07-14 22:14:31,106 - INFO - Average gene pairs per combination: 52602165.04
2025-07-14 22:14:31,106 - INFO - Displaying top 25 most common indicator combinations:
2025-07-14 22:14:31,108 - INFO - Saving results to 20250714_214619/wholeblood_out.pkl
2025-07-14 22:14:31,108 - INFO - Results successfully saved to 20250714_214619/wholeblood_out.pkl
2025-07-14 22:14:31,108 - INFO - Creating bar plot...
2025-07-14 22:14:31,396 - INFO - Bar plot saved to 20250714_214619/wholeblood_out_barplot.svg
2025-07-14 22:14:31,397 - INFO - Gene pair counting completed successfully!
